{"meta": {"format": 3, "version": "7.14.0", "timestamp": "2026-05-11T14:07:56.524477", "branch_coverage": false, "show_contexts": false}, "files": {"lakelogic\\__init__.py": {"executed_lines": [1, 3, 4, 5, 6, 7, 8, 9, 16, 17, 24, 30, 31, 33, 36, 41, 42, 43, 45, 46, 48, 49, 52, 57, 58, 60, 61, 62, 63, 65, 66, 80, 81, 82, 83, 84, 85, 86, 87, 88, 89, 90, 91, 92, 95, 119, 138, 144, 152, 159, 175, 187, 188, 189, 190, 191, 194], "summary": {"covered_lines": 57, "num_statements": 57, "percent_covered": 100.0, "percent_covered_display": "100", "missing_lines": 0, "excluded_lines": 0, "percent_statements_covered": 100.0, "percent_statements_covered_display": "100"}, "missing_lines": [], "excluded_lines": [], "functions": {"HelpTopic.__init__": {"executed_lines": [42, 43], "summary": {"covered_lines": 2, "num_statements": 2, "percent_covered": 100.0, "percent_covered_display": "100", "missing_lines": 0, "excluded_lines": 0, "percent_statements_covered": 100.0, "percent_statements_covered_display": "100"}, "missing_lines": [], "excluded_lines": [], "start_line": 41}, "HelpTopic.help": {"executed_lines": [46], "summary": {"covered_lines": 1, "num_statements": 1, "percent_covered": 100.0, "percent_covered_display": "100", "missing_lines": 0, "excluded_lines": 0, "percent_statements_covered": 100.0, "percent_statements_covered_display": "100"}, "missing_lines": [], "excluded_lines": [], "start_line": 45}, "HelpTopic.__call__": {"executed_lines": [49], "summary": {"covered_lines": 1, "num_statements": 1, "percent_covered": 100.0, "percent_covered_display": "100", "missing_lines": 0, "excluded_lines": 0, "percent_statements_covered": 100.0, "percent_statements_covered_display": "100"}, "missing_lines": [], "excluded_lines": [], "start_line": 48}, "HelpIndex.__init__": {"executed_lines": [58], "summary": {"covered_lines": 1, "num_statements": 1, "percent_covered": 100.0, "percent_covered_display": "100", "missing_lines": 0, "excluded_lines": 0, "percent_statements_covered": 100.0, "percent_statements_covered_display": "100"}, "missing_lines": [], "excluded_lines": [], "start_line": 57}, "HelpIndex.__getattr__": {"executed_lines": [61, 62, 63], "summary": {"covered_lines": 3, "num_statements": 3, "percent_covered": 100.0, "percent_covered_display": "100", "missing_lines": 0, "excluded_lines": 0, "percent_statements_covered": 100.0, "percent_statements_covered_display": "100"}, "missing_lines": [], "excluded_lines": [], "start_line": 60}, "HelpIndex.__call__": {"executed_lines": [66, 80, 81, 82, 83, 84, 85, 86, 87, 88, 89, 90, 91, 92], "summary": {"covered_lines": 14, "num_statements": 14, "percent_covered": 100.0, "percent_covered_display": "100", "missing_lines": 0, "excluded_lines": 0, "percent_statements_covered": 100.0, "percent_statements_covered_display": "100"}, "missing_lines": [], "excluded_lines": [], "start_line": 65}, "": {"executed_lines": [1, 3, 4, 5, 6, 7, 8, 9, 16, 17, 24, 30, 31, 33, 36, 41, 45, 48, 52, 57, 60, 65, 95, 119, 138, 144, 152, 159, 175, 187, 188, 189, 190, 191, 194], "summary": {"covered_lines": 35, "num_statements": 35, "percent_covered": 100.0, "percent_covered_display": "100", "missing_lines": 0, "excluded_lines": 0, "percent_statements_covered": 100.0, "percent_statements_covered_display": "100"}, "missing_lines": [], "excluded_lines": [], "start_line": 1}}, "classes": {"HelpTopic": {"executed_lines": [42, 43, 46, 49], "summary": {"covered_lines": 4, "num_statements": 4, "percent_covered": 100.0, "percent_covered_display": "100", "missing_lines": 0, "excluded_lines": 0, "percent_statements_covered": 100.0, "percent_statements_covered_display": "100"}, "missing_lines": [], "excluded_lines": [], "start_line": 36}, "HelpIndex": {"executed_lines": [58, 61, 62, 63, 66, 80, 81, 82, 83, 84, 85, 86, 87, 88, 89, 90, 91, 92], "summary": {"covered_lines": 18, "num_statements": 18, "percent_covered": 100.0, "percent_covered_display": "100", "missing_lines": 0, "excluded_lines": 0, "percent_statements_covered": 100.0, "percent_statements_covered_display": "100"}, "missing_lines": [], "excluded_lines": [], "start_line": 52}, "": {"executed_lines": [1, 3, 4, 5, 6, 7, 8, 9, 16, 17, 24, 30, 31, 33, 36, 41, 45, 48, 52, 57, 60, 65, 95, 119, 138, 144, 152, 159, 175, 187, 188, 189, 190, 191, 194], "summary": {"covered_lines": 35, "num_statements": 35, "percent_covered": 100.0, "percent_covered_display": "100", "missing_lines": 0, "excluded_lines": 0, "percent_statements_covered": 100.0, "percent_statements_covered_display": "100"}, "missing_lines": [], "excluded_lines": [], "start_line": 1}}}, "lakelogic\\cli.py": {"executed_lines": [1, 3, 5, 6], "summary": {"covered_lines": 4, "num_statements": 4, "percent_covered": 100.0, "percent_covered_display": "100", "missing_lines": 0, "excluded_lines": 0, "percent_statements_covered": 100.0, "percent_statements_covered_display": "100"}, "missing_lines": [], "excluded_lines": [], "functions": {"": {"executed_lines": [1, 3, 5, 6], "summary": {"covered_lines": 4, "num_statements": 4, "percent_covered": 100.0, "percent_covered_display": "100", "missing_lines": 0, "excluded_lines": 0, "percent_statements_covered": 100.0, "percent_statements_covered_display": "100"}, "missing_lines": [], "excluded_lines": [], "start_line": 1}}, "classes": {"": {"executed_lines": [1, 3, 5, 6], "summary": {"covered_lines": 4, "num_statements": 4, "percent_covered": 100.0, "percent_covered_display": "100", "missing_lines": 0, "excluded_lines": 0, "percent_statements_covered": 100.0, "percent_statements_covered_display": "100"}, "missing_lines": [], "excluded_lines": [], "start_line": 1}}}, "lakelogic\\cli\\__init__.py": {"executed_lines": [22, 29, 31, 41, 51], "summary": {"covered_lines": 5, "num_statements": 5, "percent_covered": 100.0, "percent_covered_display": "100", "missing_lines": 0, "excluded_lines": 0, "percent_statements_covered": 100.0, "percent_statements_covered_display": "100"}, "missing_lines": [], "excluded_lines": [], "functions": {"": {"executed_lines": [22, 29, 31, 41, 51], "summary": {"covered_lines": 5, "num_statements": 5, "percent_covered": 100.0, "percent_covered_display": "100", "missing_lines": 0, "excluded_lines": 0, "percent_statements_covered": 100.0, "percent_statements_covered_display": "100"}, "missing_lines": [], "excluded_lines": [], "start_line": 1}}, "classes": {"": {"executed_lines": [22, 29, 31, 41, 51], "summary": {"covered_lines": 5, "num_statements": 5, "percent_covered": 100.0, "percent_covered_display": "100", "missing_lines": 0, "excluded_lines": 0, "percent_statements_covered": 100.0, "percent_statements_covered_display": "100"}, "missing_lines": [], "excluded_lines": [], "start_line": 1}}}, "lakelogic\\cli\\cli_parsers.py": {"executed_lines": [8, 9, 10, 12, 15, 26, 27, 28, 29, 31, 32, 33, 34, 35, 37, 38, 39, 40, 41, 43, 46, 56, 57, 58, 61, 71, 72, 73, 76, 86, 87, 88, 89, 90, 91, 92, 93, 95, 96, 99, 103, 104, 105, 106, 107, 108, 109, 110, 111, 112, 113, 114, 115, 116, 117, 118, 120, 121, 122, 123, 124, 125, 128, 132, 134, 135, 136, 137, 139, 140, 141, 142, 143, 144, 145, 146, 149, 171, 173, 174, 175, 176, 178, 179, 180, 181, 182, 183, 184, 186, 187, 188, 189, 190, 191, 192, 193, 194, 195, 196, 197, 198, 199, 200, 201], "summary": {"covered_lines": 105, "num_statements": 105, "percent_covered": 100.0, "percent_covered_display": "100", "missing_lines": 0, "excluded_lines": 0, "percent_statements_covered": 100.0, "percent_statements_covered_display": "100"}, "missing_lines": [], "excluded_lines": [], "functions": {"parse_layers": {"executed_lines": [26, 27, 28, 29, 31, 32, 33, 34, 35, 37, 38, 39, 40, 41, 43], "summary": {"covered_lines": 15, "num_statements": 15, "percent_covered": 100.0, "percent_covered_display": "100", "missing_lines": 0, "excluded_lines": 0, "percent_statements_covered": 100.0, "percent_statements_covered_display": "100"}, "missing_lines": [], "excluded_lines": [], "start_line": 15}, "parse_entities": {"executed_lines": [56, 57, 58], "summary": {"covered_lines": 3, "num_statements": 3, "percent_covered": 100.0, "percent_covered_display": "100", "missing_lines": 0, "excluded_lines": 0, "percent_statements_covered": 100.0, "percent_statements_covered_display": "100"}, "missing_lines": [], "excluded_lines": [], "start_line": 46}, "parse_contracts": {"executed_lines": [71, 72, 73], "summary": {"covered_lines": 3, "num_statements": 3, "percent_covered": 100.0, "percent_covered_display": "100", "missing_lines": 0, "excluded_lines": 0, "percent_statements_covered": 100.0, "percent_statements_covered_display": "100"}, "missing_lines": [], "excluded_lines": [], "start_line": 61}, "parse_metrics_tags": {"executed_lines": [86, 87, 88, 89, 90, 91, 92, 93, 95, 96], "summary": {"covered_lines": 10, "num_statements": 10, "percent_covered": 100.0, "percent_covered_display": "100", "missing_lines": 0, "excluded_lines": 0, "percent_statements_covered": 100.0, "percent_statements_covered_display": "100"}, "missing_lines": [], "excluded_lines": [], "start_line": 76}, "parse_overrides": {"executed_lines": [103, 104, 105, 106, 107, 108, 109, 110, 111, 112, 113, 114, 115, 116, 117, 118, 120, 121, 122, 123, 124, 125], "summary": {"covered_lines": 22, "num_statements": 22, "percent_covered": 100.0, "percent_covered_display": "100", "missing_lines": 0, "excluded_lines": 0, "percent_statements_covered": 100.0, "percent_statements_covered_display": "100"}, "missing_lines": [], "excluded_lines": [], "start_line": 99}, "build_backfill_windows": {"executed_lines": [132, 134, 135, 136, 137, 139, 140, 141, 142, 143, 144, 145, 146], "summary": {"covered_lines": 13, "num_statements": 13, "percent_covered": 100.0, "percent_covered_display": "100", "missing_lines": 0, "excluded_lines": 0, "percent_statements_covered": 100.0, "percent_statements_covered_display": "100"}, "missing_lines": [], "excluded_lines": [], "start_line": 128}, "parse_window": {"executed_lines": [171, 173, 174, 175, 176, 178, 179, 180, 181, 182, 183, 184, 186, 187, 188, 189, 190, 191, 192, 193, 194, 195, 196, 197, 198, 199, 200, 201], "summary": {"covered_lines": 28, "num_statements": 28, "percent_covered": 100.0, "percent_covered_display": "100", "missing_lines": 0, "excluded_lines": 0, "percent_statements_covered": 100.0, "percent_statements_covered_display": "100"}, "missing_lines": [], "excluded_lines": [], "start_line": 149}, "": {"executed_lines": [8, 9, 10, 12, 15, 46, 61, 76, 99, 128, 149], "summary": {"covered_lines": 11, "num_statements": 11, "percent_covered": 100.0, "percent_covered_display": "100", "missing_lines": 0, "excluded_lines": 0, "percent_statements_covered": 100.0, "percent_statements_covered_display": "100"}, "missing_lines": [], "excluded_lines": [], "start_line": 1}}, "classes": {"": {"executed_lines": [8, 9, 10, 12, 15, 26, 27, 28, 29, 31, 32, 33, 34, 35, 37, 38, 39, 40, 41, 43, 46, 56, 57, 58, 61, 71, 72, 73, 76, 86, 87, 88, 89, 90, 91, 92, 93, 95, 96, 99, 103, 104, 105, 106, 107, 108, 109, 110, 111, 112, 113, 114, 115, 116, 117, 118, 120, 121, 122, 123, 124, 125, 128, 132, 134, 135, 136, 137, 139, 140, 141, 142, 143, 144, 145, 146, 149, 171, 173, 174, 175, 176, 178, 179, 180, 181, 182, 183, 184, 186, 187, 188, 189, 190, 191, 192, 193, 194, 195, 196, 197, 198, 199, 200, 201], "summary": {"covered_lines": 105, "num_statements": 105, "percent_covered": 100.0, "percent_covered_display": "100", "missing_lines": 0, "excluded_lines": 0, "percent_statements_covered": 100.0, "percent_statements_covered_display": "100"}, "missing_lines": [], "excluded_lines": [], "start_line": 1}}}, "lakelogic\\cli\\driver.py": {"executed_lines": [8, 9, 10, 11, 12, 13, 14, 15, 16, 17, 18, 19, 20, 22, 24, 25, 26, 29, 30, 33, 34, 35, 38, 41, 42, 43, 45, 46, 50, 51, 52, 54, 64, 65, 66, 67, 68, 69, 73, 76, 79, 118, 119, 120, 121, 122, 123, 124, 125, 126, 127, 128, 129, 130, 131, 132, 133, 134, 135, 136, 137, 138, 139, 140, 141, 142, 143, 144, 145, 146, 147, 148, 149, 150, 151, 152, 168, 170, 172, 193, 196, 197, 198, 199, 201, 202, 212, 213, 223, 224, 234, 235, 245, 247, 267, 268, 271, 272, 273, 275, 276, 278, 279, 280, 284, 285, 286, 287, 289, 290, 291, 292, 304, 305, 306, 307, 308, 310, 330, 331, 332, 333, 334, 335, 336, 344, 346, 347, 348, 349, 350, 351, 352, 353, 354, 355, 356, 358, 359, 360, 361, 366, 367, 372, 373, 375, 383, 384, 385, 391, 392, 393, 394, 395, 396, 397, 398, 399, 400, 410, 412, 424, 425, 426, 427, 428, 430, 431, 432, 433, 435, 446, 447, 448, 450, 476, 483, 484, 487, 490, 491, 492, 495, 496, 497, 501, 502, 503, 504, 505, 506, 514, 518, 536, 537, 539, 540, 541, 542, 543, 544, 549, 550, 551, 552, 553, 554, 555, 556, 557, 558, 569, 570, 575, 576, 578, 595, 596, 597, 598, 599, 600, 601, 602, 603, 605, 615, 616, 617, 618, 620, 621, 622, 624, 643, 644, 645, 646, 647, 649, 650, 651, 652, 653, 654, 655, 656, 657, 658, 660, 663, 664, 665, 666, 667, 668, 670, 682, 683, 684, 685, 686, 687, 688, 700, 701, 711, 712, 716, 727, 728, 729, 730, 731, 732, 743, 747, 748, 749, 750, 751, 752, 756, 760, 761, 762, 763, 765, 769, 771, 775, 777, 781, 782, 783, 785, 789, 790, 791, 792, 793, 794, 795, 796, 798, 809, 810, 814, 815, 816, 818, 820, 822, 823, 826, 827, 828, 830, 831, 832, 834, 836, 840, 841, 842, 843, 844, 846, 847, 848, 849, 850, 851, 852, 854, 855, 856, 857, 860, 861, 862, 863, 864, 867, 868, 869, 873, 874, 875, 876, 877, 878, 879, 880, 881, 882, 883, 884, 885, 887, 888, 890, 891, 892, 894, 895, 896, 897, 898, 900, 903, 904, 906, 911, 913, 914, 915, 917, 918, 920, 921, 923, 924, 925, 927, 931, 934, 935, 936, 937, 938, 940, 941, 943, 944, 945, 946, 947, 948, 949, 950, 951, 952, 956, 957, 958, 960, 961, 962, 963, 964, 966, 967, 971, 972, 973, 974, 975, 976, 977, 979, 980, 984, 985, 986, 988, 990, 997, 998, 1000, 1013, 1020, 1021, 1022, 1023, 1024, 1025, 1026, 1027, 1030, 1032, 1040, 1041, 1042, 1044, 1046, 1048, 1049, 1050, 1051, 1053, 1055, 1057, 1067, 1074, 1076, 1078, 1088, 1090, 1092, 1094, 1108, 1110, 1112, 1113, 1114, 1118, 1129, 1131, 1132, 1137, 1138, 1139, 1144, 1145, 1149, 1154, 1159, 1160, 1161, 1162, 1163, 1164, 1165, 1166, 1167, 1168, 1169, 1170, 1174, 1180, 1181, 1182, 1183, 1184, 1185, 1186, 1192, 1193, 1194, 1195, 1196, 1197, 1203, 1209, 1214, 1215, 1220, 1221, 1222, 1227, 1232, 1234, 1235, 1236, 1237, 1238, 1246, 1247, 1248, 1249, 1252, 1281, 1287, 1290, 1291, 1292, 1293, 1302, 1312], "summary": {"covered_lines": 530, "num_statements": 530, "percent_covered": 100.0, "percent_covered_display": "100", "missing_lines": 0, "excluded_lines": 110, "percent_statements_covered": 100.0, "percent_statements_covered_display": "100"}, "missing_lines": [], "excluded_lines": [169, 269, 281, 282, 288, 362, 363, 364, 365, 376, 377, 378, 379, 380, 381, 401, 402, 403, 404, 405, 406, 407, 408, 451, 452, 453, 454, 455, 456, 461, 464, 465, 468, 469, 472, 473, 474, 478, 479, 480, 481, 485, 488, 493, 499, 508, 516, 545, 546, 547, 559, 560, 561, 562, 563, 564, 565, 566, 567, 568, 571, 574, 619, 648, 661, 689, 690, 691, 692, 693, 694, 695, 696, 697, 698, 713, 714, 733, 734, 735, 736, 737, 740, 741, 753, 754, 811, 812, 824, 866, 871, 893, 932, 953, 954, 1010, 1011, 1028, 1029, 1069, 1071, 1072, 1096, 1098, 1099, 1105, 1106, 1250, 1288, 1313], "functions": {"ContractLoader.__init__": {"executed_lines": [42, 43, 45, 46, 50, 51, 52], "summary": {"covered_lines": 7, "num_statements": 7, "percent_covered": 100.0, "percent_covered_display": "100", "missing_lines": 0, "excluded_lines": 0, "percent_statements_covered": 100.0, "percent_statements_covered_display": "100"}, "missing_lines": [], "excluded_lines": [], "start_line": 41}, "ContractLoader.load": {"executed_lines": [64, 65, 66, 67, 68, 69], "summary": {"covered_lines": 6, "num_statements": 6, "percent_covered": 100.0, "percent_covered_display": "100", "missing_lines": 0, "excluded_lines": 0, "percent_statements_covered": 100.0, "percent_statements_covered_display": "100"}, "missing_lines": [], "excluded_lines": [], "start_line": 54}, "PipelineDriver.__init__": {"executed_lines": [118, 119, 120, 121, 122, 123, 124, 125, 126, 127, 128, 129, 130, 131, 132, 133, 134, 135, 136, 137, 138, 139, 140, 141, 142, 143, 144, 145, 146, 147, 148, 149, 150, 151, 152, 168, 170], "summary": {"covered_lines": 37, "num_statements": 37, "percent_covered": 100.0, "percent_covered_display": "100", "missing_lines": 0, "excluded_lines": 1, "percent_statements_covered": 100.0, "percent_statements_covered_display": "100"}, "missing_lines": [], "excluded_lines": [169], "start_line": 79}, "PipelineDriver.run": {"executed_lines": [193, 196, 197, 198, 199, 201, 202, 212, 213, 223, 224, 234, 235, 245], "summary": {"covered_lines": 14, "num_statements": 14, "percent_covered": 100.0, "percent_covered_display": "100", "missing_lines": 0, "excluded_lines": 0, "percent_statements_covered": 100.0, "percent_statements_covered_display": "100"}, "missing_lines": [], "excluded_lines": [], "start_line": 172}, "PipelineDriver._run_layer": {"executed_lines": [267, 268, 271, 272, 273, 275, 276, 278, 279, 280, 284, 285, 286, 287, 289, 290, 291, 292, 304, 305, 306, 307, 308], "summary": {"covered_lines": 23, "num_statements": 23, "percent_covered": 100.0, "percent_covered_display": "100", "missing_lines": 0, "excluded_lines": 4, "percent_statements_covered": 100.0, "percent_statements_covered_display": "100"}, "missing_lines": [], "excluded_lines": [269, 281, 282, 288], "start_line": 247}, "PipelineDriver._run_contract": {"executed_lines": [330, 331, 332, 333, 334, 335, 336, 344, 346, 347, 348, 349, 350, 351, 352, 353, 354, 355, 356, 358, 359, 360, 361, 366, 367, 372, 373, 375, 383, 384, 385, 391, 392, 393, 394, 395, 396, 397, 398, 399, 400, 410], "summary": {"covered_lines": 42, "num_statements": 42, "percent_covered": 100.0, "percent_covered_display": "100", "missing_lines": 0, "excluded_lines": 18, "percent_statements_covered": 100.0, "percent_statements_covered_display": "100"}, "missing_lines": [], "excluded_lines": [362, 363, 364, 365, 376, 377, 378, 379, 380, 381, 401, 402, 403, 404, 405, 406, 407, 408], "start_line": 310}, "PipelineDriver._prepare_contract_for_stage": {"executed_lines": [424, 425, 426, 427, 428, 430, 431, 432, 433], "summary": {"covered_lines": 9, "num_statements": 9, "percent_covered": 100.0, "percent_covered_display": "100", "missing_lines": 0, "excluded_lines": 0, "percent_statements_covered": 100.0, "percent_statements_covered_display": "100"}, "missing_lines": [], "excluded_lines": [], "start_line": 412}, "PipelineDriver._resolve_sources": {"executed_lines": [446, 447, 448, 450, 476, 483, 484, 487, 490, 491, 492, 495, 496, 497, 501, 502, 503, 504, 505, 506, 514], "summary": {"covered_lines": 21, "num_statements": 21, "percent_covered": 100.0, "percent_covered_display": "100", "missing_lines": 0, "excluded_lines": 24, "percent_statements_covered": 100.0, "percent_statements_covered_display": "100"}, "missing_lines": [], "excluded_lines": [451, 452, 453, 454, 455, 456, 461, 464, 465, 468, 469, 472, 473, 474, 478, 479, 480, 481, 485, 488, 493, 499, 508, 516], "start_line": 435}, "PipelineDriver._upstreams_fresh": {"executed_lines": [536, 537, 539, 540, 541, 542, 543, 544, 549, 550, 551, 552, 553, 554, 555, 556, 557, 558, 569, 570, 575, 576], "summary": {"covered_lines": 22, "num_statements": 22, "percent_covered": 100.0, "percent_covered_display": "100", "missing_lines": 0, "excluded_lines": 15, "percent_statements_covered": 100.0, "percent_statements_covered_display": "100"}, "missing_lines": [], "excluded_lines": [545, 546, 547, 559, 560, 561, 562, 563, 564, 565, 566, 567, 568, 571, 574], "start_line": 518}, "PipelineDriver._build_index": {"executed_lines": [595, 596, 597, 598, 599, 600, 601, 602, 603], "summary": {"covered_lines": 9, "num_statements": 9, "percent_covered": 100.0, "percent_covered_display": "100", "missing_lines": 0, "excluded_lines": 0, "percent_statements_covered": 100.0, "percent_statements_covered_display": "100"}, "missing_lines": [], "excluded_lines": [], "start_line": 578}, "PipelineDriver._build_graph": {"executed_lines": [615, 616, 617, 618, 620, 621, 622], "summary": {"covered_lines": 7, "num_statements": 7, "percent_covered": 100.0, "percent_covered_display": "100", "missing_lines": 0, "excluded_lines": 1, "percent_statements_covered": 100.0, "percent_statements_covered_display": "100"}, "missing_lines": [], "excluded_lines": [619], "start_line": 605}, "PipelineDriver._load_registry": {"executed_lines": [643, 644, 645, 646, 647, 649, 650, 651, 652, 653, 654, 655, 656, 657, 658, 660, 663, 664, 665, 666, 667, 668], "summary": {"covered_lines": 22, "num_statements": 22, "percent_covered": 100.0, "percent_covered_display": "100", "missing_lines": 0, "excluded_lines": 2, "percent_statements_covered": 100.0, "percent_statements_covered_display": "100"}, "missing_lines": [], "excluded_lines": [648, 661], "start_line": 624}, "PipelineDriver._file_in_window": {"executed_lines": [682, 683, 684, 685, 686, 687, 688], "summary": {"covered_lines": 7, "num_statements": 7, "percent_covered": 100.0, "percent_covered_display": "100", "missing_lines": 0, "excluded_lines": 10, "percent_statements_covered": 100.0, "percent_statements_covered_display": "100"}, "missing_lines": [], "excluded_lines": [689, 690, 691, 692, 693, 694, 695, 696, 697, 698], "start_line": 670}, "PipelineDriver._resolve_max_workers": {"executed_lines": [711, 712], "summary": {"covered_lines": 2, "num_statements": 2, "percent_covered": 100.0, "percent_covered_display": "100", "missing_lines": 0, "excluded_lines": 2, "percent_statements_covered": 100.0, "percent_statements_covered_display": "100"}, "missing_lines": [], "excluded_lines": [713, 714], "start_line": 701}, "PipelineDriver._execute_with_retries": {"executed_lines": [727, 728, 729, 730, 731, 732], "summary": {"covered_lines": 6, "num_statements": 6, "percent_covered": 100.0, "percent_covered_display": "100", "missing_lines": 0, "excluded_lines": 7, "percent_statements_covered": 100.0, "percent_statements_covered_display": "100"}, "missing_lines": [], "excluded_lines": [733, 734, 735, 736, 737, 740, 741], "start_line": 716}, "PipelineDriver._load_state": {"executed_lines": [747, 748, 749, 750, 751, 752], "summary": {"covered_lines": 6, "num_statements": 6, "percent_covered": 100.0, "percent_covered_display": "100", "missing_lines": 0, "excluded_lines": 2, "percent_statements_covered": 100.0, "percent_statements_covered_display": "100"}, "missing_lines": [], "excluded_lines": [753, 754], "start_line": 743}, "PipelineDriver._save_state": {"executed_lines": [760, 761, 762, 763], "summary": {"covered_lines": 4, "num_statements": 4, "percent_covered": 100.0, "percent_covered_display": "100", "missing_lines": 0, "excluded_lines": 0, "percent_statements_covered": 100.0, "percent_statements_covered_display": "100"}, "missing_lines": [], "excluded_lines": [], "start_line": 756}, "PipelineDriver._state_key": {"executed_lines": [769], "summary": {"covered_lines": 1, "num_statements": 1, "percent_covered": 100.0, "percent_covered_display": "100", "missing_lines": 0, "excluded_lines": 0, "percent_statements_covered": 100.0, "percent_statements_covered_display": "100"}, "missing_lines": [], "excluded_lines": [], "start_line": 765}, "PipelineDriver._state_completed": {"executed_lines": [775], "summary": {"covered_lines": 1, "num_statements": 1, "percent_covered": 100.0, "percent_covered_display": "100", "missing_lines": 0, "excluded_lines": 0, "percent_statements_covered": 100.0, "percent_statements_covered_display": "100"}, "missing_lines": [], "excluded_lines": [], "start_line": 771}, "PipelineDriver._state_mark_completed": {"executed_lines": [781, 782, 783], "summary": {"covered_lines": 3, "num_statements": 3, "percent_covered": 100.0, "percent_covered_display": "100", "missing_lines": 0, "excluded_lines": 0, "percent_statements_covered": 100.0, "percent_statements_covered_display": "100"}, "missing_lines": [], "excluded_lines": [], "start_line": 777}, "PipelineDriver._apply_overrides": {"executed_lines": [789, 790, 791, 792, 793, 794, 795, 796], "summary": {"covered_lines": 8, "num_statements": 8, "percent_covered": 100.0, "percent_covered_display": "100", "missing_lines": 0, "excluded_lines": 0, "percent_statements_covered": 100.0, "percent_statements_covered_display": "100"}, "missing_lines": [], "excluded_lines": [], "start_line": 785}, "PipelineDriver._apply_cloud_config": {"executed_lines": [809, 810, 814, 815, 816, 818, 820, 826, 827, 828, 830, 831, 832, 834], "summary": {"covered_lines": 14, "num_statements": 14, "percent_covered": 100.0, "percent_covered_display": "100", "missing_lines": 0, "excluded_lines": 2, "percent_statements_covered": 100.0, "percent_statements_covered_display": "100"}, "missing_lines": [], "excluded_lines": [811, 812], "start_line": 798}, "PipelineDriver._apply_cloud_config._resolve_env": {"executed_lines": [822, 823], "summary": {"covered_lines": 2, "num_statements": 2, "percent_covered": 100.0, "percent_covered_display": "100", "missing_lines": 0, "excluded_lines": 1, "percent_statements_covered": 100.0, "percent_statements_covered_display": "100"}, "missing_lines": [], "excluded_lines": [824], "start_line": 820}, "PipelineDriver._apply_policy_pack": {"executed_lines": [840, 841, 842, 843, 844, 846, 847, 848, 849, 850, 851, 852, 854, 855, 856, 857, 860, 861, 862, 863, 864, 867, 868, 869, 873, 874, 875, 876, 877, 878, 879, 880, 881, 882, 883, 884, 885, 887, 890, 903, 904, 906, 911, 913, 914, 915, 917, 918, 920, 921, 923, 924, 925], "summary": {"covered_lines": 53, "num_statements": 53, "percent_covered": 100.0, "percent_covered_display": "100", "missing_lines": 0, "excluded_lines": 2, "percent_statements_covered": 100.0, "percent_statements_covered_display": "100"}, "missing_lines": [], "excluded_lines": [866, 871], "start_line": 836}, "PipelineDriver._apply_policy_pack._normalize_steps": {"executed_lines": [888], "summary": {"covered_lines": 1, "num_statements": 1, "percent_covered": 100.0, "percent_covered_display": "100", "missing_lines": 0, "excluded_lines": 0, "percent_statements_covered": 100.0, "percent_statements_covered_display": "100"}, "missing_lines": [], "excluded_lines": [], "start_line": 887}, "PipelineDriver._apply_policy_pack._merge_steps": {"executed_lines": [891, 892, 894, 895, 896, 897, 898, 900], "summary": {"covered_lines": 8, "num_statements": 8, "percent_covered": 100.0, "percent_covered_display": "100", "missing_lines": 0, "excluded_lines": 1, "percent_statements_covered": 100.0, "percent_statements_covered_display": "100"}, "missing_lines": [], "excluded_lines": [893], "start_line": 890}, "PipelineDriver._evaluate_approvals": {"executed_lines": [931, 934, 935, 936, 937, 938, 940, 941, 943, 944, 945, 946, 947, 948, 949, 950, 951, 952, 956, 957, 958, 960, 961, 962, 963, 964], "summary": {"covered_lines": 26, "num_statements": 26, "percent_covered": 100.0, "percent_covered_display": "100", "missing_lines": 0, "excluded_lines": 3, "percent_statements_covered": 100.0, "percent_statements_covered_display": "100"}, "missing_lines": [], "excluded_lines": [932, 953, 954], "start_line": 927}, "PipelineDriver._set_nested_value": {"executed_lines": [971, 972, 973, 974, 975, 976, 977], "summary": {"covered_lines": 7, "num_statements": 7, "percent_covered": 100.0, "percent_covered_display": "100", "missing_lines": 0, "excluded_lines": 0, "percent_statements_covered": 100.0, "percent_statements_covered_display": "100"}, "missing_lines": [], "excluded_lines": [], "start_line": 967}, "PipelineDriver._deep_merge": {"executed_lines": [984, 985, 986, 988], "summary": {"covered_lines": 4, "num_statements": 4, "percent_covered": 100.0, "percent_covered_display": "100", "missing_lines": 0, "excluded_lines": 0, "percent_statements_covered": 100.0, "percent_statements_covered_display": "100"}, "missing_lines": [], "excluded_lines": [], "start_line": 980}, "PipelineDriver._record_success": {"executed_lines": [997, 998], "summary": {"covered_lines": 2, "num_statements": 2, "percent_covered": 100.0, "percent_covered_display": "100", "missing_lines": 0, "excluded_lines": 0, "percent_statements_covered": 100.0, "percent_statements_covered_display": "100"}, "missing_lines": [], "excluded_lines": [], "start_line": 990}, "PipelineDriver._get_last_success": {"executed_lines": [], "summary": {"covered_lines": 0, "num_statements": 0, "percent_covered": 100.0, "percent_covered_display": "100", "missing_lines": 0, "excluded_lines": 2, "percent_statements_covered": 100.0, "percent_statements_covered_display": "100"}, "missing_lines": [], "excluded_lines": [1010, 1011], "start_line": 1000}, "PipelineDriver._record_run": {"executed_lines": [1020, 1021, 1022, 1023, 1024, 1025, 1026, 1027, 1030], "summary": {"covered_lines": 9, "num_statements": 9, "percent_covered": 100.0, "percent_covered_display": "100", "missing_lines": 0, "excluded_lines": 2, "percent_statements_covered": 100.0, "percent_statements_covered_display": "100"}, "missing_lines": [], "excluded_lines": [1028, 1029], "start_line": 1013}, "PipelineDriver._increment_metric": {"executed_lines": [1040, 1041, 1042], "summary": {"covered_lines": 3, "num_statements": 3, "percent_covered": 100.0, "percent_covered_display": "100", "missing_lines": 0, "excluded_lines": 0, "percent_statements_covered": 100.0, "percent_statements_covered_display": "100"}, "missing_lines": [], "excluded_lines": [], "start_line": 1032}, "PipelineDriver._finalize_summary": {"executed_lines": [1046, 1048, 1049, 1050, 1051], "summary": {"covered_lines": 5, "num_statements": 5, "percent_covered": 100.0, "percent_covered_display": "100", "missing_lines": 0, "excluded_lines": 0, "percent_statements_covered": 100.0, "percent_statements_covered_display": "100"}, "missing_lines": [], "excluded_lines": [], "start_line": 1044}, "PipelineDriver._write_summary_table": {"executed_lines": [1055, 1057], "summary": {"covered_lines": 2, "num_statements": 2, "percent_covered": 100.0, "percent_covered_display": "100", "missing_lines": 0, "excluded_lines": 0, "percent_statements_covered": 100.0, "percent_statements_covered_display": "100"}, "missing_lines": [], "excluded_lines": [], "start_line": 1053}, "PipelineDriver._flatten_summary": {"executed_lines": [], "summary": {"covered_lines": 0, "num_statements": 0, "percent_covered": 100.0, "percent_covered_display": "100", "missing_lines": 0, "excluded_lines": 3, "percent_statements_covered": 100.0, "percent_statements_covered_display": "100"}, "missing_lines": [], "excluded_lines": [1069, 1071, 1072], "start_line": 1067}, "PipelineDriver._emit_metrics": {"executed_lines": [1076, 1078], "summary": {"covered_lines": 2, "num_statements": 2, "percent_covered": 100.0, "percent_covered_display": "100", "missing_lines": 0, "excluded_lines": 0, "percent_statements_covered": 100.0, "percent_statements_covered_display": "100"}, "missing_lines": [], "excluded_lines": [], "start_line": 1074}, "PipelineDriver._format_prometheus": {"executed_lines": [1090, 1092], "summary": {"covered_lines": 2, "num_statements": 2, "percent_covered": 100.0, "percent_covered_display": "100", "missing_lines": 0, "excluded_lines": 0, "percent_statements_covered": 100.0, "percent_statements_covered_display": "100"}, "missing_lines": [], "excluded_lines": [], "start_line": 1088}, "PipelineDriver._start_prometheus_server": {"executed_lines": [], "summary": {"covered_lines": 0, "num_statements": 0, "percent_covered": 100.0, "percent_covered_display": "100", "missing_lines": 0, "excluded_lines": 5, "percent_statements_covered": 100.0, "percent_statements_covered_display": "100"}, "missing_lines": [], "excluded_lines": [1096, 1098, 1099, 1105, 1106], "start_line": 1094}, "PipelineDriver._stop_prometheus_server": {"executed_lines": [1110, 1112, 1113, 1114], "summary": {"covered_lines": 4, "num_statements": 4, "percent_covered": 100.0, "percent_covered_display": "100", "missing_lines": 0, "excluded_lines": 0, "percent_statements_covered": 100.0, "percent_statements_covered_display": "100"}, "missing_lines": [], "excluded_lines": [], "start_line": 1108}, "main": {"executed_lines": [1131, 1132, 1137, 1138, 1139, 1144, 1145, 1149, 1154, 1159, 1160, 1161, 1162, 1163, 1164, 1165, 1166, 1167, 1168, 1169, 1170, 1174, 1180, 1181, 1182, 1183, 1184, 1185, 1186, 1192, 1193, 1194, 1195, 1196, 1197, 1203, 1209, 1214, 1215, 1220, 1221, 1222, 1227, 1232, 1234, 1235, 1236, 1237, 1238, 1246, 1247, 1248, 1249, 1252, 1281, 1287, 1290, 1291, 1292, 1293, 1302], "summary": {"covered_lines": 61, "num_statements": 61, "percent_covered": 100.0, "percent_covered_display": "100", "missing_lines": 0, "excluded_lines": 2, "percent_statements_covered": 100.0, "percent_statements_covered_display": "100"}, "missing_lines": [], "excluded_lines": [1250, 1288], "start_line": 1129}, "": {"executed_lines": [8, 9, 10, 11, 12, 13, 14, 15, 16, 17, 18, 19, 20, 22, 24, 25, 26, 29, 30, 33, 34, 35, 38, 41, 54, 73, 76, 79, 172, 247, 310, 412, 435, 518, 578, 605, 624, 670, 700, 701, 716, 743, 756, 765, 771, 777, 785, 798, 836, 927, 966, 967, 979, 980, 990, 1000, 1013, 1032, 1044, 1053, 1067, 1074, 1088, 1094, 1108, 1118, 1129, 1312], "summary": {"covered_lines": 68, "num_statements": 68, "percent_covered": 100.0, "percent_covered_display": "100", "missing_lines": 0, "excluded_lines": 1, "percent_statements_covered": 100.0, "percent_statements_covered_display": "100"}, "missing_lines": [], "excluded_lines": [1313], "start_line": 1}}, "classes": {"Window": {"executed_lines": [], "summary": {"covered_lines": 0, "num_statements": 0, "percent_covered": 100.0, "percent_covered_display": "100", "missing_lines": 0, "excluded_lines": 0, "percent_statements_covered": 100.0, "percent_statements_covered_display": "100"}, "missing_lines": [], "excluded_lines": [], "start_line": 30}, "ContractLoader": {"executed_lines": [42, 43, 45, 46, 50, 51, 52, 64, 65, 66, 67, 68, 69], "summary": {"covered_lines": 13, "num_statements": 13, "percent_covered": 100.0, "percent_covered_display": "100", "missing_lines": 0, "excluded_lines": 0, "percent_statements_covered": 100.0, "percent_statements_covered_display": "100"}, "missing_lines": [], "excluded_lines": [], "start_line": 38}, "ContractLoader.__init__.Loader": {"executed_lines": [], "summary": {"covered_lines": 0, "num_statements": 0, "percent_covered": 100.0, "percent_covered_display": "100", "missing_lines": 0, "excluded_lines": 0, "percent_statements_covered": 100.0, "percent_statements_covered_display": "100"}, "missing_lines": [], "excluded_lines": [], "start_line": 42}, "PipelineDriver": {"executed_lines": [118, 119, 120, 121, 122, 123, 124, 125, 126, 127, 128, 129, 130, 131, 132, 133, 134, 135, 136, 137, 138, 139, 140, 141, 142, 143, 144, 145, 146, 147, 148, 149, 150, 151, 152, 168, 170, 193, 196, 197, 198, 199, 201, 202, 212, 213, 223, 224, 234, 235, 245, 267, 268, 271, 272, 273, 275, 276, 278, 279, 280, 284, 285, 286, 287, 289, 290, 291, 292, 304, 305, 306, 307, 308, 330, 331, 332, 333, 334, 335, 336, 344, 346, 347, 348, 349, 350, 351, 352, 353, 354, 355, 356, 358, 359, 360, 361, 366, 367, 372, 373, 375, 383, 384, 385, 391, 392, 393, 394, 395, 396, 397, 398, 399, 400, 410, 424, 425, 426, 427, 428, 430, 431, 432, 433, 446, 447, 448, 450, 476, 483, 484, 487, 490, 491, 492, 495, 496, 497, 501, 502, 503, 504, 505, 506, 514, 536, 537, 539, 540, 541, 542, 543, 544, 549, 550, 551, 552, 553, 554, 555, 556, 557, 558, 569, 570, 575, 576, 595, 596, 597, 598, 599, 600, 601, 602, 603, 615, 616, 617, 618, 620, 621, 622, 643, 644, 645, 646, 647, 649, 650, 651, 652, 653, 654, 655, 656, 657, 658, 660, 663, 664, 665, 666, 667, 668, 682, 683, 684, 685, 686, 687, 688, 711, 712, 727, 728, 729, 730, 731, 732, 747, 748, 749, 750, 751, 752, 760, 761, 762, 763, 769, 775, 781, 782, 783, 789, 790, 791, 792, 793, 794, 795, 796, 809, 810, 814, 815, 816, 818, 820, 822, 823, 826, 827, 828, 830, 831, 832, 834, 840, 841, 842, 843, 844, 846, 847, 848, 849, 850, 851, 852, 854, 855, 856, 857, 860, 861, 862, 863, 864, 867, 868, 869, 873, 874, 875, 876, 877, 878, 879, 880, 881, 882, 883, 884, 885, 887, 888, 890, 891, 892, 894, 895, 896, 897, 898, 900, 903, 904, 906, 911, 913, 914, 915, 917, 918, 920, 921, 923, 924, 925, 931, 934, 935, 936, 937, 938, 940, 941, 943, 944, 945, 946, 947, 948, 949, 950, 951, 952, 956, 957, 958, 960, 961, 962, 963, 964, 971, 972, 973, 974, 975, 976, 977, 984, 985, 986, 988, 997, 998, 1020, 1021, 1022, 1023, 1024, 1025, 1026, 1027, 1030, 1040, 1041, 1042, 1046, 1048, 1049, 1050, 1051, 1055, 1057, 1076, 1078, 1090, 1092, 1110, 1112, 1113, 1114], "summary": {"covered_lines": 388, "num_statements": 388, "percent_covered": 100.0, "percent_covered_display": "100", "missing_lines": 0, "excluded_lines": 107, "percent_statements_covered": 100.0, "percent_statements_covered_display": "100"}, "missing_lines": [], "excluded_lines": [169, 269, 281, 282, 288, 362, 363, 364, 365, 376, 377, 378, 379, 380, 381, 401, 402, 403, 404, 405, 406, 407, 408, 451, 452, 453, 454, 455, 456, 461, 464, 465, 468, 469, 472, 473, 474, 478, 479, 480, 481, 485, 488, 493, 499, 508, 516, 545, 546, 547, 559, 560, 561, 562, 563, 564, 565, 566, 567, 568, 571, 574, 619, 648, 661, 689, 690, 691, 692, 693, 694, 695, 696, 697, 698, 713, 714, 733, 734, 735, 736, 737, 740, 741, 753, 754, 811, 812, 824, 866, 871, 893, 932, 953, 954, 1010, 1011, 1028, 1029, 1069, 1071, 1072, 1096, 1098, 1099, 1105, 1106], "start_line": 76}, "": {"executed_lines": [8, 9, 10, 11, 12, 13, 14, 15, 16, 17, 18, 19, 20, 22, 24, 25, 26, 29, 30, 33, 34, 35, 38, 41, 54, 73, 76, 79, 172, 247, 310, 412, 435, 518, 578, 605, 624, 670, 700, 701, 716, 743, 756, 765, 771, 777, 785, 798, 836, 927, 966, 967, 979, 980, 990, 1000, 1013, 1032, 1044, 1053, 1067, 1074, 1088, 1094, 1108, 1118, 1129, 1131, 1132, 1137, 1138, 1139, 1144, 1145, 1149, 1154, 1159, 1160, 1161, 1162, 1163, 1164, 1165, 1166, 1167, 1168, 1169, 1170, 1174, 1180, 1181, 1182, 1183, 1184, 1185, 1186, 1192, 1193, 1194, 1195, 1196, 1197, 1203, 1209, 1214, 1215, 1220, 1221, 1222, 1227, 1232, 1234, 1235, 1236, 1237, 1238, 1246, 1247, 1248, 1249, 1252, 1281, 1287, 1290, 1291, 1292, 1293, 1302, 1312], "summary": {"covered_lines": 129, "num_statements": 129, "percent_covered": 100.0, "percent_covered_display": "100", "missing_lines": 0, "excluded_lines": 3, "percent_statements_covered": 100.0, "percent_statements_covered_display": "100"}, "missing_lines": [], "excluded_lines": [1250, 1288, 1313], "start_line": 1}}}, "lakelogic\\cli\\main.py": {"executed_lines": [1, 8, 9, 10, 11, 16, 17, 18, 19, 20, 21, 22, 24, 25, 27, 41, 44, 45, 97, 108, 113, 114, 115, 116, 119, 129, 136, 137, 138, 143, 145, 146, 147, 152, 157, 158, 159, 161, 186, 193, 194, 195, 196, 198, 199, 200, 201, 203, 204, 206, 207, 210, 211, 212, 213, 215, 216, 217, 218, 225, 227, 229, 230, 231, 232, 234, 235, 236, 238, 239, 240, 242, 243, 244, 246, 247, 248, 249, 250, 251, 252, 253, 254, 255, 256, 258, 259, 261, 262, 263, 264, 267, 268, 292, 293, 296, 297, 298, 302, 386, 387, 391, 394, 395, 397, 400, 401, 404, 405, 406, 407, 408, 409, 411, 415, 418, 419, 472, 473, 475, 476, 477, 478, 479, 480, 481, 482, 483, 484, 486, 487, 488, 490, 491, 493, 494, 495, 496, 497, 498, 499, 503, 510, 511, 512, 513, 516, 517, 518, 520, 521, 523, 524, 525, 526, 527, 528, 529, 532, 533, 534, 539, 540, 542, 543, 544, 550, 551, 552, 553, 554, 555, 556, 557, 560, 561, 562, 564, 565, 566, 568, 569, 570, 571, 575, 618, 671, 672, 673, 674, 675, 676, 677, 678, 681, 700, 702, 703, 704, 705, 706, 707, 708, 709, 710, 711, 713, 714, 715, 716, 717, 718, 719, 721, 722, 726, 727, 728, 729, 730, 731, 732, 733, 734, 735, 737, 738, 739, 740, 741, 742, 743, 744, 745, 746, 747, 748, 749, 750, 751, 753, 754, 756, 757, 758, 759, 760, 761, 762, 763, 764, 765, 766, 770, 771, 777, 778, 780, 781, 782, 783, 784, 785, 786, 788, 824, 825, 827, 828, 829, 830, 831, 834, 835, 836, 838, 844, 845, 847, 851, 859, 867, 868, 869, 870, 871, 873, 876, 877, 878, 879, 880, 881, 882, 883, 885, 888, 943, 945, 946, 947, 949, 954, 955, 958, 959, 963, 974, 983, 993, 996, 997, 1000, 1001, 1002, 1006, 1007, 1041, 1043, 1044, 1045, 1047, 1051, 1052, 1053, 1054, 1056, 1057, 1058, 1059, 1061, 1062, 1063, 1072, 1073, 1074, 1082, 1083, 1084, 1085, 1086, 1087, 1088, 1089, 1090, 1091, 1092, 1093, 1094, 1096, 1097, 1098, 1099, 1102, 1104, 1105, 1108, 1109, 1110, 1111, 1112, 1115, 1116, 1117, 1138, 1139, 1169, 1171, 1172, 1173, 1175, 1176, 1178, 1179, 1180, 1182, 1183, 1184, 1185, 1186, 1187, 1188, 1189, 1192, 1193, 1194, 1195, 1196, 1197, 1198, 1199, 1200, 1201, 1202, 1203, 1206, 1216, 1218, 1219, 1227, 1231, 1238, 1239, 1241, 1243, 1244, 1245, 1251, 1252, 1302, 1304, 1305, 1306, 1307, 1308, 1311, 1312, 1313, 1314, 1315, 1317, 1319, 1321, 1323, 1324, 1325, 1326, 1329, 1330, 1331, 1332, 1336, 1337, 1338, 1339, 1340, 1341, 1342, 1343, 1345, 1346, 1347, 1352, 1354, 1355, 1363, 1372, 1374, 1375, 1377, 1378, 1379, 1380, 1382, 1383, 1384, 1385, 1387, 1389, 1390, 1392, 1393, 1394, 1396, 1397, 1398, 1399, 1402, 1403, 1414, 1416, 1417, 1419, 1423, 1424, 1427, 1428, 1429, 1430, 1431, 1432, 1433, 1435, 1437, 1438, 1439, 1440, 1441, 1443, 1444, 1445, 1448, 1455, 1456, 1457, 1458, 1459, 1460, 1461, 1466, 1469, 1483, 1484, 1485, 1486, 1487, 1488, 1489, 1491, 1492, 1494, 1497, 1504, 1505, 1506, 1507, 1508, 1512, 1513, 1515, 1518, 1524, 1525, 1526, 1527, 1528, 1532, 1533, 1535, 1536, 1539], "summary": {"covered_lines": 531, "num_statements": 589, "percent_covered": 90.1528013582343, "percent_covered_display": "90", "missing_lines": 58, "excluded_lines": 123, "percent_statements_covered": 90.1528013582343, "percent_statements_covered_display": "90"}, "missing_lines": [304, 305, 306, 307, 309, 311, 312, 314, 315, 316, 319, 320, 321, 322, 323, 326, 327, 329, 330, 331, 332, 333, 334, 336, 337, 338, 339, 341, 342, 343, 345, 348, 349, 350, 352, 353, 355, 356, 358, 359, 360, 361, 363, 366, 367, 369, 370, 371, 373, 374, 376, 377, 378, 380, 381, 382, 383, 1442], "excluded_lines": [12, 13, 109, 110, 111, 112, 117, 130, 131, 132, 133, 134, 139, 140, 141, 142, 148, 149, 150, 151, 154, 163, 164, 165, 166, 167, 168, 169, 170, 171, 172, 173, 174, 175, 176, 177, 178, 179, 180, 181, 182, 183, 184, 220, 221, 222, 412, 413, 501, 514, 530, 535, 536, 545, 546, 558, 559, 572, 682, 683, 684, 685, 686, 687, 688, 689, 690, 691, 692, 693, 694, 695, 696, 697, 698, 699, 723, 724, 755, 772, 773, 774, 775, 852, 853, 854, 855, 856, 857, 994, 995, 998, 999, 1003, 1048, 1049, 1101, 1126, 1127, 1128, 1129, 1132, 1133, 1134, 1135, 1207, 1213, 1228, 1229, 1247, 1248, 1348, 1350, 1351, 1420, 1421, 1463, 1464, 1509, 1510, 1529, 1530, 1540], "functions": {"run": {"executed_lines": [97, 119, 157, 158, 159, 161, 186, 193, 194, 195, 196, 198, 199, 200, 201, 203, 204, 206, 207, 210, 211, 212, 213, 215, 216, 217, 218], "summary": {"covered_lines": 27, "num_statements": 27, "percent_covered": 100.0, "percent_covered_display": "100", "missing_lines": 0, "excluded_lines": 3, "percent_statements_covered": 100.0, "percent_statements_covered_display": "100"}, "missing_lines": [], "excluded_lines": [220, 221, 222], "start_line": 45}, "run._resolve_output_format": {"executed_lines": [108, 113, 114, 115, 116], "summary": {"covered_lines": 5, "num_statements": 5, "percent_covered": 100.0, "percent_covered_display": "100", "missing_lines": 0, "excluded_lines": 5, "percent_statements_covered": 100.0, "percent_statements_covered_display": "100"}, "missing_lines": [], "excluded_lines": [109, 110, 111, 112, 117], "start_line": 97}, "run._write_output": {"executed_lines": [129, 136, 137, 138, 143, 145, 146, 147, 152], "summary": {"covered_lines": 9, "num_statements": 9, "percent_covered": 100.0, "percent_covered_display": "100", "missing_lines": 0, "excluded_lines": 14, "percent_statements_covered": 100.0, "percent_statements_covered_display": "100"}, "missing_lines": [], "excluded_lines": [130, 131, 132, 133, 134, 139, 140, 141, 142, 148, 149, 150, 151, 154], "start_line": 119}, "run.split_long_message": {"executed_lines": [], "summary": {"covered_lines": 0, "num_statements": 0, "percent_covered": 100.0, "percent_covered_display": "100", "missing_lines": 0, "excluded_lines": 22, "percent_statements_covered": 100.0, "percent_statements_covered_display": "100"}, "missing_lines": [], "excluded_lines": [163, 164, 165, 166, 167, 168, 169, 170, 171, 172, 173, 174, 175, 176, 177, 178, 179, 180, 181, 182, 183, 184], "start_line": 161}, "_display_trace": {"executed_lines": [227, 229, 230, 231, 232, 234, 235, 236, 238, 239, 240, 242, 243, 244, 246, 247, 248, 249, 250, 251, 252, 253, 254, 255, 256, 258, 259, 261, 262, 263, 264], "summary": {"covered_lines": 31, "num_statements": 31, "percent_covered": 100.0, "percent_covered_display": "100", "missing_lines": 0, "excluded_lines": 0, "percent_statements_covered": 100.0, "percent_statements_covered_display": "100"}, "missing_lines": [], "excluded_lines": [], "start_line": 225}, "validate": {"executed_lines": [292, 293, 296, 297, 298, 302], "summary": {"covered_lines": 6, "num_statements": 63, "percent_covered": 9.523809523809524, "percent_covered_display": "10", "missing_lines": 57, "excluded_lines": 0, "percent_statements_covered": 9.523809523809524, "percent_statements_covered_display": "10"}, "missing_lines": [304, 305, 306, 307, 309, 311, 312, 314, 315, 316, 319, 320, 321, 322, 323, 326, 327, 329, 330, 331, 332, 333, 334, 336, 337, 338, 339, 341, 342, 343, 345, 348, 349, 350, 352, 353, 355, 356, 358, 359, 360, 361, 363, 366, 367, 369, 370, 371, 373, 374, 376, 377, 378, 380, 381, 382, 383], "excluded_lines": [], "start_line": 268}, "setup_oss": {"executed_lines": [391, 394, 395, 397, 400, 401, 404, 405, 406, 407, 408, 409, 411, 415], "summary": {"covered_lines": 14, "num_statements": 14, "percent_covered": 100.0, "percent_covered_display": "100", "missing_lines": 0, "excluded_lines": 2, "percent_statements_covered": 100.0, "percent_statements_covered_display": "100"}, "missing_lines": [], "excluded_lines": [412, 413], "start_line": 387}, "bootstrap": {"executed_lines": [472, 475, 476, 477, 478, 479, 480, 481, 482, 483, 484, 486, 487, 488, 490, 520, 532, 542, 568, 702, 721, 722, 726, 727, 728, 729, 730, 731, 732, 733, 734, 735, 737, 738, 739, 740, 741, 742, 743, 744, 745, 746, 747, 748, 749, 750, 751, 753, 754, 756, 757, 758, 759, 760, 761, 762, 763, 764, 765, 766, 770, 771, 777, 778, 780, 781, 782, 783, 784, 785, 786, 788, 824, 825, 827, 828, 829, 830, 831, 834, 835, 836, 838, 844, 845, 847, 851, 859, 867, 868, 869, 870, 871, 873, 876, 877, 878, 879, 880, 881, 882, 883, 885, 888, 943, 945, 946, 947, 949, 954, 955], "summary": {"covered_lines": 111, "num_statements": 111, "percent_covered": 100.0, "percent_covered_display": "100", "missing_lines": 0, "excluded_lines": 13, "percent_statements_covered": 100.0, "percent_statements_covered_display": "100"}, "missing_lines": [], "excluded_lines": [723, 724, 755, 772, 773, 774, 775, 852, 853, 854, 855, 856, 857], "start_line": 419}, "bootstrap._flag": {"executed_lines": [473], "summary": {"covered_lines": 1, "num_statements": 1, "percent_covered": 100.0, "percent_covered_display": "100", "missing_lines": 0, "excluded_lines": 0, "percent_statements_covered": 100.0, "percent_statements_covered_display": "100"}, "missing_lines": [], "excluded_lines": [], "start_line": 472}, "bootstrap._infer_fields": {"executed_lines": [491, 493, 494, 495, 496, 497, 498, 499, 503, 510, 511, 512, 513, 516, 517, 518], "summary": {"covered_lines": 16, "num_statements": 16, "percent_covered": 100.0, "percent_covered_display": "100", "missing_lines": 0, "excluded_lines": 2, "percent_statements_covered": 100.0, "percent_statements_covered_display": "100"}, "missing_lines": [], "excluded_lines": [501, 514], "start_line": 490}, "bootstrap._load_dataframe": {"executed_lines": [521, 523, 524, 525, 526, 527, 528, 529], "summary": {"covered_lines": 8, "num_statements": 8, "percent_covered": 100.0, "percent_covered_display": "100", "missing_lines": 0, "excluded_lines": 1, "percent_statements_covered": 100.0, "percent_statements_covered_display": "100"}, "missing_lines": [], "excluded_lines": [530], "start_line": 520}, "bootstrap._profile_dataframe": {"executed_lines": [533, 534, 539, 540], "summary": {"covered_lines": 4, "num_statements": 4, "percent_covered": 100.0, "percent_covered_display": "100", "missing_lines": 0, "excluded_lines": 2, "percent_statements_covered": 100.0, "percent_statements_covered_display": "100"}, "missing_lines": [], "excluded_lines": [535, 536], "start_line": 532}, "bootstrap._detect_pii_for_fields": {"executed_lines": [543, 544, 550, 551, 552, 553, 554, 555, 556, 557, 560, 561, 562, 564, 565, 566], "summary": {"covered_lines": 16, "num_statements": 16, "percent_covered": 100.0, "percent_covered_display": "100", "missing_lines": 0, "excluded_lines": 4, "percent_statements_covered": 100.0, "percent_statements_covered_display": "100"}, "missing_lines": [], "excluded_lines": [545, 546, 558, 559], "start_line": 542}, "bootstrap._suggest_quality_rules": {"executed_lines": [569, 570, 571, 575, 618, 671, 672, 673, 674, 675, 676, 677, 678, 681, 700], "summary": {"covered_lines": 15, "num_statements": 15, "percent_covered": 100.0, "percent_covered_display": "100", "missing_lines": 0, "excluded_lines": 19, "percent_statements_covered": 100.0, "percent_statements_covered_display": "100"}, "missing_lines": [], "excluded_lines": [572, 682, 683, 684, 685, 686, 687, 688, 689, 690, 691, 692, 693, 694, 695, 696, 697, 698, 699], "start_line": 568}, "bootstrap._discover_entities": {"executed_lines": [703, 704, 705, 706, 707, 708, 709, 710, 711, 713, 714, 715, 716, 717, 718, 719], "summary": {"covered_lines": 16, "num_statements": 16, "percent_covered": 100.0, "percent_covered_display": "100", "missing_lines": 0, "excluded_lines": 0, "percent_statements_covered": 100.0, "percent_statements_covered_display": "100"}, "missing_lines": [], "excluded_lines": [], "start_line": 702}, "help_command": {"executed_lines": [963, 974, 983, 993, 996, 997, 1000, 1001, 1002], "summary": {"covered_lines": 9, "num_statements": 9, "percent_covered": 100.0, "percent_covered_display": "100", "missing_lines": 0, "excluded_lines": 5, "percent_statements_covered": 100.0, "percent_statements_covered_display": "100"}, "missing_lines": [], "excluded_lines": [994, 995, 998, 999, 1003], "start_line": 959}, "generate": {"executed_lines": [1041, 1043, 1044, 1045, 1047, 1051, 1052, 1053, 1054, 1056, 1057, 1058, 1059, 1061, 1062, 1063, 1072, 1073, 1074, 1082, 1083, 1084, 1085, 1086, 1087, 1088, 1089, 1090, 1091, 1092, 1093, 1094, 1096, 1097, 1098, 1099, 1102, 1104, 1105, 1108, 1109, 1110, 1111, 1112, 1115, 1116, 1117], "summary": {"covered_lines": 47, "num_statements": 47, "percent_covered": 100.0, "percent_covered_display": "100", "missing_lines": 0, "excluded_lines": 11, "percent_statements_covered": 100.0, "percent_statements_covered_display": "100"}, "missing_lines": [], "excluded_lines": [1048, 1049, 1101, 1126, 1127, 1128, 1129, 1132, 1133, 1134, 1135], "start_line": 1007}, "assert_report": {"executed_lines": [1169, 1171, 1172, 1173, 1175, 1176, 1178, 1179, 1180, 1182, 1183, 1184, 1185, 1186, 1187, 1188, 1189, 1192, 1193, 1194, 1195, 1196, 1197, 1198, 1199, 1200, 1201, 1202, 1203, 1206, 1216, 1218, 1219, 1227, 1231, 1238, 1239, 1241, 1243, 1244, 1245], "summary": {"covered_lines": 41, "num_statements": 41, "percent_covered": 100.0, "percent_covered_display": "100", "missing_lines": 0, "excluded_lines": 6, "percent_statements_covered": 100.0, "percent_statements_covered_display": "100"}, "missing_lines": [], "excluded_lines": [1207, 1213, 1228, 1229, 1247, 1248], "start_line": 1139}, "import_dbt": {"executed_lines": [1302, 1304, 1305, 1306, 1307, 1308, 1311, 1312, 1313, 1314, 1315, 1317, 1319, 1321, 1323, 1324, 1325, 1326, 1329, 1330, 1331, 1332, 1336, 1337, 1338, 1339, 1340, 1341, 1342, 1343, 1345, 1346, 1347, 1352, 1354, 1355], "summary": {"covered_lines": 36, "num_statements": 36, "percent_covered": 100.0, "percent_covered_display": "100", "missing_lines": 0, "excluded_lines": 3, "percent_statements_covered": 100.0, "percent_statements_covered_display": "100"}, "missing_lines": [], "excluded_lines": [1348, 1350, 1351], "start_line": 1252}, "_write_or_print_contract": {"executed_lines": [1372, 1374, 1375, 1377, 1378, 1379, 1380, 1382, 1383, 1384, 1385, 1387, 1389, 1390, 1392, 1393, 1394, 1396, 1397, 1398, 1399], "summary": {"covered_lines": 21, "num_statements": 21, "percent_covered": 100.0, "percent_covered_display": "100", "missing_lines": 0, "excluded_lines": 0, "percent_statements_covered": 100.0, "percent_statements_covered_display": "100"}, "missing_lines": [], "excluded_lines": [], "start_line": 1363}, "doctor": {"executed_lines": [1414, 1416, 1417, 1419, 1423, 1424, 1427, 1428, 1429, 1430, 1431, 1432, 1433, 1435, 1448, 1455, 1456, 1457, 1458, 1459, 1460, 1461, 1466, 1469, 1483, 1484, 1485, 1486, 1487, 1488, 1489, 1491, 1492, 1494, 1497, 1504, 1505, 1506, 1507, 1508, 1512, 1513, 1515, 1518, 1524, 1525, 1526, 1527, 1528, 1532, 1533, 1535, 1536], "summary": {"covered_lines": 53, "num_statements": 53, "percent_covered": 100.0, "percent_covered_display": "100", "missing_lines": 0, "excluded_lines": 8, "percent_statements_covered": 100.0, "percent_statements_covered_display": "100"}, "missing_lines": [], "excluded_lines": [1420, 1421, 1463, 1464, 1509, 1510, 1529, 1530], "start_line": 1403}, "doctor._check_package": {"executed_lines": [1437, 1438, 1439, 1440, 1441, 1443, 1444, 1445], "summary": {"covered_lines": 8, "num_statements": 9, "percent_covered": 88.88888888888889, "percent_covered_display": "89", "missing_lines": 1, "excluded_lines": 0, "percent_statements_covered": 88.88888888888889, "percent_statements_covered_display": "89"}, "missing_lines": [1442], "excluded_lines": [], "start_line": 1435}, "": {"executed_lines": [1, 8, 9, 10, 11, 16, 17, 18, 19, 20, 21, 22, 24, 25, 27, 41, 44, 45, 225, 267, 268, 386, 387, 418, 419, 958, 959, 1006, 1007, 1138, 1139, 1251, 1252, 1363, 1402, 1403, 1539], "summary": {"covered_lines": 37, "num_statements": 37, "percent_covered": 100.0, "percent_covered_display": "100", "missing_lines": 0, "excluded_lines": 3, "percent_statements_covered": 100.0, "percent_statements_covered_display": "100"}, "missing_lines": [], "excluded_lines": [12, 13, 1540], "start_line": 1}}, "classes": {"": {"executed_lines": [1, 8, 9, 10, 11, 16, 17, 18, 19, 20, 21, 22, 24, 25, 27, 41, 44, 45, 97, 108, 113, 114, 115, 116, 119, 129, 136, 137, 138, 143, 145, 146, 147, 152, 157, 158, 159, 161, 186, 193, 194, 195, 196, 198, 199, 200, 201, 203, 204, 206, 207, 210, 211, 212, 213, 215, 216, 217, 218, 225, 227, 229, 230, 231, 232, 234, 235, 236, 238, 239, 240, 242, 243, 244, 246, 247, 248, 249, 250, 251, 252, 253, 254, 255, 256, 258, 259, 261, 262, 263, 264, 267, 268, 292, 293, 296, 297, 298, 302, 386, 387, 391, 394, 395, 397, 400, 401, 404, 405, 406, 407, 408, 409, 411, 415, 418, 419, 472, 473, 475, 476, 477, 478, 479, 480, 481, 482, 483, 484, 486, 487, 488, 490, 491, 493, 494, 495, 496, 497, 498, 499, 503, 510, 511, 512, 513, 516, 517, 518, 520, 521, 523, 524, 525, 526, 527, 528, 529, 532, 533, 534, 539, 540, 542, 543, 544, 550, 551, 552, 553, 554, 555, 556, 557, 560, 561, 562, 564, 565, 566, 568, 569, 570, 571, 575, 618, 671, 672, 673, 674, 675, 676, 677, 678, 681, 700, 702, 703, 704, 705, 706, 707, 708, 709, 710, 711, 713, 714, 715, 716, 717, 718, 719, 721, 722, 726, 727, 728, 729, 730, 731, 732, 733, 734, 735, 737, 738, 739, 740, 741, 742, 743, 744, 745, 746, 747, 748, 749, 750, 751, 753, 754, 756, 757, 758, 759, 760, 761, 762, 763, 764, 765, 766, 770, 771, 777, 778, 780, 781, 782, 783, 784, 785, 786, 788, 824, 825, 827, 828, 829, 830, 831, 834, 835, 836, 838, 844, 845, 847, 851, 859, 867, 868, 869, 870, 871, 873, 876, 877, 878, 879, 880, 881, 882, 883, 885, 888, 943, 945, 946, 947, 949, 954, 955, 958, 959, 963, 974, 983, 993, 996, 997, 1000, 1001, 1002, 1006, 1007, 1041, 1043, 1044, 1045, 1047, 1051, 1052, 1053, 1054, 1056, 1057, 1058, 1059, 1061, 1062, 1063, 1072, 1073, 1074, 1082, 1083, 1084, 1085, 1086, 1087, 1088, 1089, 1090, 1091, 1092, 1093, 1094, 1096, 1097, 1098, 1099, 1102, 1104, 1105, 1108, 1109, 1110, 1111, 1112, 1115, 1116, 1117, 1138, 1139, 1169, 1171, 1172, 1173, 1175, 1176, 1178, 1179, 1180, 1182, 1183, 1184, 1185, 1186, 1187, 1188, 1189, 1192, 1193, 1194, 1195, 1196, 1197, 1198, 1199, 1200, 1201, 1202, 1203, 1206, 1216, 1218, 1219, 1227, 1231, 1238, 1239, 1241, 1243, 1244, 1245, 1251, 1252, 1302, 1304, 1305, 1306, 1307, 1308, 1311, 1312, 1313, 1314, 1315, 1317, 1319, 1321, 1323, 1324, 1325, 1326, 1329, 1330, 1331, 1332, 1336, 1337, 1338, 1339, 1340, 1341, 1342, 1343, 1345, 1346, 1347, 1352, 1354, 1355, 1363, 1372, 1374, 1375, 1377, 1378, 1379, 1380, 1382, 1383, 1384, 1385, 1387, 1389, 1390, 1392, 1393, 1394, 1396, 1397, 1398, 1399, 1402, 1403, 1414, 1416, 1417, 1419, 1423, 1424, 1427, 1428, 1429, 1430, 1431, 1432, 1433, 1435, 1437, 1438, 1439, 1440, 1441, 1443, 1444, 1445, 1448, 1455, 1456, 1457, 1458, 1459, 1460, 1461, 1466, 1469, 1483, 1484, 1485, 1486, 1487, 1488, 1489, 1491, 1492, 1494, 1497, 1504, 1505, 1506, 1507, 1508, 1512, 1513, 1515, 1518, 1524, 1525, 1526, 1527, 1528, 1532, 1533, 1535, 1536, 1539], "summary": {"covered_lines": 531, "num_statements": 589, "percent_covered": 90.1528013582343, "percent_covered_display": "90", "missing_lines": 58, "excluded_lines": 123, "percent_statements_covered": 90.1528013582343, "percent_statements_covered_display": "90"}, "missing_lines": [304, 305, 306, 307, 309, 311, 312, 314, 315, 316, 319, 320, 321, 322, 323, 326, 327, 329, 330, 331, 332, 333, 334, 336, 337, 338, 339, 341, 342, 343, 345, 348, 349, 350, 352, 353, 355, 356, 358, 359, 360, 361, 363, 366, 367, 369, 370, 371, 373, 374, 376, 377, 378, 380, 381, 382, 383, 1442], "excluded_lines": [12, 13, 109, 110, 111, 112, 117, 130, 131, 132, 133, 134, 139, 140, 141, 142, 148, 149, 150, 151, 154, 163, 164, 165, 166, 167, 168, 169, 170, 171, 172, 173, 174, 175, 176, 177, 178, 179, 180, 181, 182, 183, 184, 220, 221, 222, 412, 413, 501, 514, 530, 535, 536, 545, 546, 558, 559, 572, 682, 683, 684, 685, 686, 687, 688, 689, 690, 691, 692, 693, 694, 695, 696, 697, 698, 699, 723, 724, 755, 772, 773, 774, 775, 852, 853, 854, 855, 856, 857, 994, 995, 998, 999, 1003, 1048, 1049, 1101, 1126, 1127, 1128, 1129, 1132, 1133, 1134, 1135, 1207, 1213, 1228, 1229, 1247, 1248, 1348, 1350, 1351, 1420, 1421, 1463, 1464, 1509, 1510, 1529, 1530, 1540], "start_line": 1}}}, "lakelogic\\cli\\observability.py": {"executed_lines": [9, 10, 11, 12, 13, 14, 15, 16, 18, 24, 26, 27, 45, 50, 51, 52, 53, 54, 55, 59, 60, 61, 62, 68, 78, 79, 81, 82, 84, 86, 87, 88, 89, 90, 92, 95, 98, 104, 105, 110, 111, 112, 113, 114, 115, 116, 118, 119, 120, 121, 122, 123, 127, 128, 129, 130, 131, 142, 143, 150, 151, 152, 155, 173, 174, 175, 180, 181, 182, 183, 184, 194, 195, 196, 197, 202, 203, 206, 207, 209, 210, 211, 212, 213, 214, 215, 216, 226, 227, 228, 232, 233, 234, 238, 240, 241, 244, 245, 246, 247, 252, 261, 262, 266, 267, 268, 269, 270, 277, 278, 283, 284, 285, 286, 302, 303, 304, 305, 306, 316, 317, 320, 323, 324, 325, 330, 331, 332, 334, 335, 340, 346, 347, 352, 353, 354, 355, 371, 372, 378, 379, 380, 382, 387, 388, 389, 395, 405, 406, 419, 425, 426, 427, 428, 430, 431, 432, 433, 434, 436, 439, 446, 447, 448, 450, 451, 452, 454, 455, 456, 457, 458, 459, 462, 463, 464, 466, 467, 468, 469, 477, 482, 483, 484, 486, 487, 488, 490, 491, 492, 493, 495, 496, 497, 498, 499, 500, 501, 504, 516, 517, 519, 520, 521, 522, 523, 524, 525, 526, 527, 528, 529, 530, 532, 533, 535, 536, 537, 538, 539, 541, 542, 543, 544, 547, 549, 550, 551, 552, 553], "summary": {"covered_lines": 230, "num_statements": 230, "percent_covered": 100.0, "percent_covered_display": "100", "missing_lines": 0, "excluded_lines": 61, "percent_statements_covered": 100.0, "percent_statements_covered_display": "100"}, "missing_lines": [], "excluded_lines": [56, 57, 85, 91, 93, 106, 107, 108, 124, 125, 138, 139, 140, 144, 145, 146, 147, 148, 176, 177, 178, 229, 230, 231, 248, 249, 250, 263, 264, 271, 272, 273, 274, 275, 279, 280, 281, 318, 319, 326, 327, 328, 333, 337, 338, 341, 344, 348, 349, 350, 373, 374, 375, 376, 377, 460, 470, 471, 489, 554, 555], "functions": {"flatten_summary": {"executed_lines": [26, 27], "summary": {"covered_lines": 2, "num_statements": 2, "percent_covered": 100.0, "percent_covered_display": "100", "missing_lines": 0, "excluded_lines": 0, "percent_statements_covered": 100.0, "percent_statements_covered_display": "100"}, "missing_lines": [], "excluded_lines": [], "start_line": 24}, "finalize_summary": {"executed_lines": [50, 51, 52, 53, 54, 55, 59, 60, 61, 62], "summary": {"covered_lines": 10, "num_statements": 10, "percent_covered": 100.0, "percent_covered_display": "100", "missing_lines": 0, "excluded_lines": 2, "percent_statements_covered": 100.0, "percent_statements_covered_display": "100"}, "missing_lines": [], "excluded_lines": [56, 57], "start_line": 45}, "write_summary_table": {"executed_lines": [78, 79, 81, 82, 84, 86, 87, 88, 89, 90, 92, 95], "summary": {"covered_lines": 12, "num_statements": 12, "percent_covered": 100.0, "percent_covered_display": "100", "missing_lines": 0, "excluded_lines": 3, "percent_statements_covered": 100.0, "percent_statements_covered_display": "100"}, "missing_lines": [], "excluded_lines": [85, 91, 93], "start_line": 68}, "_write_summary_spark": {"executed_lines": [104, 105, 110, 111, 112, 113, 114, 115, 116, 118, 119, 120, 121, 122, 123, 127, 128, 129, 130, 131, 142, 143, 150, 151, 152], "summary": {"covered_lines": 25, "num_statements": 25, "percent_covered": 100.0, "percent_covered_display": "100", "missing_lines": 0, "excluded_lines": 13, "percent_statements_covered": 100.0, "percent_statements_covered_display": "100"}, "missing_lines": [], "excluded_lines": [106, 107, 108, 124, 125, 138, 139, 140, 144, 145, 146, 147, 148], "start_line": 98}, "_write_summary_duckdb": {"executed_lines": [174, 175, 180, 181, 182, 183, 184, 194, 195, 196, 197, 202, 203], "summary": {"covered_lines": 13, "num_statements": 13, "percent_covered": 100.0, "percent_covered_display": "100", "missing_lines": 0, "excluded_lines": 3, "percent_statements_covered": 100.0, "percent_statements_covered_display": "100"}, "missing_lines": [], "excluded_lines": [176, 177, 178], "start_line": 173}, "_write_summary_sqlite": {"executed_lines": [207, 209, 210, 211, 212, 213, 214, 215, 216, 226, 227, 228, 232, 233, 234, 238, 240, 241], "summary": {"covered_lines": 18, "num_statements": 18, "percent_covered": 100.0, "percent_covered_display": "100", "missing_lines": 0, "excluded_lines": 3, "percent_statements_covered": 100.0, "percent_statements_covered_display": "100"}, "missing_lines": [], "excluded_lines": [229, 230, 231], "start_line": 206}, "_write_summary_snowflake": {"executed_lines": [245, 246, 247, 252, 261, 262, 266, 267, 268, 269, 270, 277, 278, 283, 284, 285, 286, 302, 303, 304, 305, 306, 316, 317, 320], "summary": {"covered_lines": 25, "num_statements": 25, "percent_covered": 100.0, "percent_covered_display": "100", "missing_lines": 0, "excluded_lines": 15, "percent_statements_covered": 100.0, "percent_statements_covered_display": "100"}, "missing_lines": [], "excluded_lines": [248, 249, 250, 263, 264, 271, 272, 273, 274, 275, 279, 280, 281, 318, 319], "start_line": 244}, "_write_summary_bigquery": {"executed_lines": [324, 325, 330, 331, 332, 334, 335, 340, 346, 347, 352, 353, 354, 355, 371, 372, 378, 379, 380, 382, 387, 388, 389], "summary": {"covered_lines": 23, "num_statements": 23, "percent_covered": 100.0, "percent_covered_display": "100", "missing_lines": 0, "excluded_lines": 16, "percent_statements_covered": 100.0, "percent_statements_covered_display": "100"}, "missing_lines": [], "excluded_lines": [326, 327, 328, 333, 337, 338, 341, 344, 348, 349, 350, 373, 374, 375, 376, 377], "start_line": 323}, "emit_metrics": {"executed_lines": [405, 406, 419, 425, 426, 427, 428, 430, 431, 432, 433, 434, 436], "summary": {"covered_lines": 13, "num_statements": 13, "percent_covered": 100.0, "percent_covered_display": "100", "missing_lines": 0, "excluded_lines": 0, "percent_statements_covered": 100.0, "percent_statements_covered_display": "100"}, "missing_lines": [], "excluded_lines": [], "start_line": 395}, "_emit_statsd": {"executed_lines": [446, 447, 448, 450, 451, 452, 454, 455, 456, 457, 458, 459, 462, 463, 464, 466, 467, 468, 469], "summary": {"covered_lines": 19, "num_statements": 19, "percent_covered": 100.0, "percent_covered_display": "100", "missing_lines": 0, "excluded_lines": 3, "percent_statements_covered": 100.0, "percent_statements_covered_display": "100"}, "missing_lines": [], "excluded_lines": [460, 470, 471], "start_line": 439}, "format_prometheus": {"executed_lines": [482, 483, 484, 486, 495, 496, 497, 498, 499, 500, 501], "summary": {"covered_lines": 11, "num_statements": 11, "percent_covered": 100.0, "percent_covered_display": "100", "missing_lines": 0, "excluded_lines": 0, "percent_statements_covered": 100.0, "percent_statements_covered_display": "100"}, "missing_lines": [], "excluded_lines": [], "start_line": 477}, "format_prometheus._labels": {"executed_lines": [487, 488, 490, 491, 492, 493], "summary": {"covered_lines": 6, "num_statements": 6, "percent_covered": 100.0, "percent_covered_display": "100", "missing_lines": 0, "excluded_lines": 1, "percent_statements_covered": 100.0, "percent_statements_covered_display": "100"}, "missing_lines": [], "excluded_lines": [489], "start_line": 486}, "start_prometheus_server": {"executed_lines": [516, 517, 519, 520, 532, 535, 536, 537, 538, 539, 541, 542, 543, 544], "summary": {"covered_lines": 14, "num_statements": 14, "percent_covered": 100.0, "percent_covered_display": "100", "missing_lines": 0, "excluded_lines": 0, "percent_statements_covered": 100.0, "percent_statements_covered_display": "100"}, "missing_lines": [], "excluded_lines": [], "start_line": 504}, "start_prometheus_server.Handler.do_GET": {"executed_lines": [521, 522, 523, 524, 525, 526, 527, 528, 529, 530], "summary": {"covered_lines": 10, "num_statements": 10, "percent_covered": 100.0, "percent_covered_display": "100", "missing_lines": 0, "excluded_lines": 0, "percent_statements_covered": 100.0, "percent_statements_covered_display": "100"}, "missing_lines": [], "excluded_lines": [], "start_line": 520}, "start_prometheus_server.Handler.log_message": {"executed_lines": [533], "summary": {"covered_lines": 1, "num_statements": 1, "percent_covered": 100.0, "percent_covered_display": "100", "missing_lines": 0, "excluded_lines": 0, "percent_statements_covered": 100.0, "percent_statements_covered_display": "100"}, "missing_lines": [], "excluded_lines": [], "start_line": 532}, "stop_prometheus_server": {"executed_lines": [549, 550, 551, 552, 553], "summary": {"covered_lines": 5, "num_statements": 5, "percent_covered": 100.0, "percent_covered_display": "100", "missing_lines": 0, "excluded_lines": 2, "percent_statements_covered": 100.0, "percent_statements_covered_display": "100"}, "missing_lines": [], "excluded_lines": [554, 555], "start_line": 547}, "": {"executed_lines": [9, 10, 11, 12, 13, 14, 15, 16, 18, 24, 45, 68, 98, 155, 173, 206, 244, 323, 395, 439, 477, 504, 547], "summary": {"covered_lines": 23, "num_statements": 23, "percent_covered": 100.0, "percent_covered_display": "100", "missing_lines": 0, "excluded_lines": 0, "percent_statements_covered": 100.0, "percent_statements_covered_display": "100"}, "missing_lines": [], "excluded_lines": [], "start_line": 1}}, "classes": {"start_prometheus_server.Handler": {"executed_lines": [521, 522, 523, 524, 525, 526, 527, 528, 529, 530, 533], "summary": {"covered_lines": 11, "num_statements": 11, "percent_covered": 100.0, "percent_covered_display": "100", "missing_lines": 0, "excluded_lines": 0, "percent_statements_covered": 100.0, "percent_statements_covered_display": "100"}, "missing_lines": [], "excluded_lines": [], "start_line": 519}, "": {"executed_lines": [9, 10, 11, 12, 13, 14, 15, 16, 18, 24, 26, 27, 45, 50, 51, 52, 53, 54, 55, 59, 60, 61, 62, 68, 78, 79, 81, 82, 84, 86, 87, 88, 89, 90, 92, 95, 98, 104, 105, 110, 111, 112, 113, 114, 115, 116, 118, 119, 120, 121, 122, 123, 127, 128, 129, 130, 131, 142, 143, 150, 151, 152, 155, 173, 174, 175, 180, 181, 182, 183, 184, 194, 195, 196, 197, 202, 203, 206, 207, 209, 210, 211, 212, 213, 214, 215, 216, 226, 227, 228, 232, 233, 234, 238, 240, 241, 244, 245, 246, 247, 252, 261, 262, 266, 267, 268, 269, 270, 277, 278, 283, 284, 285, 286, 302, 303, 304, 305, 306, 316, 317, 320, 323, 324, 325, 330, 331, 332, 334, 335, 340, 346, 347, 352, 353, 354, 355, 371, 372, 378, 379, 380, 382, 387, 388, 389, 395, 405, 406, 419, 425, 426, 427, 428, 430, 431, 432, 433, 434, 436, 439, 446, 447, 448, 450, 451, 452, 454, 455, 456, 457, 458, 459, 462, 463, 464, 466, 467, 468, 469, 477, 482, 483, 484, 486, 487, 488, 490, 491, 492, 493, 495, 496, 497, 498, 499, 500, 501, 504, 516, 517, 519, 520, 532, 535, 536, 537, 538, 539, 541, 542, 543, 544, 547, 549, 550, 551, 552, 553], "summary": {"covered_lines": 219, "num_statements": 219, "percent_covered": 100.0, "percent_covered_display": "100", "missing_lines": 0, "excluded_lines": 61, "percent_statements_covered": 100.0, "percent_statements_covered_display": "100"}, "missing_lines": [], "excluded_lines": [56, 57, 85, 91, 93, 106, 107, 108, 124, 125, 138, 139, 140, 144, 145, 146, 147, 148, 176, 177, 178, 229, 230, 231, 248, 249, 250, 263, 264, 271, 272, 273, 274, 275, 279, 280, 281, 318, 319, 326, 327, 328, 333, 337, 338, 341, 344, 348, 349, 350, 373, 374, 375, 376, 377, 460, 470, 471, 489, 554, 555], "start_line": 1}}}, "lakelogic\\cli\\review.py": {"executed_lines": [7, 9, 10, 11, 13, 14, 16, 17, 18, 19], "summary": {"covered_lines": 10, "num_statements": 10, "percent_covered": 100.0, "percent_covered_display": "100", "missing_lines": 0, "excluded_lines": 85, "percent_statements_covered": 100.0, "percent_statements_covered_display": "100"}, "missing_lines": [], "excluded_lines": [22, 23, 24, 25, 26, 27, 28, 29, 30, 31, 32, 33, 34, 35, 36, 37, 38, 39, 40, 41, 42, 43, 44, 45, 46, 47, 48, 49, 50, 51, 52, 53, 54, 55, 56, 57, 58, 59, 60, 61, 62, 63, 64, 65, 66, 67, 68, 69, 70, 71, 72, 73, 74, 75, 76, 77, 78, 79, 80, 81, 82, 83, 84, 85, 86, 87, 88, 89, 90, 91, 92, 93, 94, 95, 96, 97, 98, 99, 100, 101, 102, 103, 104, 105, 106], "functions": {"review_command": {"executed_lines": [], "summary": {"covered_lines": 0, "num_statements": 0, "percent_covered": 100.0, "percent_covered_display": "100", "missing_lines": 0, "excluded_lines": 56, "percent_statements_covered": 100.0, "percent_statements_covered_display": "100"}, "missing_lines": [], "excluded_lines": [51, 52, 53, 54, 55, 56, 57, 58, 59, 60, 61, 62, 63, 64, 65, 66, 67, 68, 69, 70, 71, 72, 73, 74, 75, 76, 77, 78, 79, 80, 81, 82, 83, 84, 85, 86, 87, 88, 89, 90, 91, 92, 93, 94, 95, 96, 97, 98, 99, 100, 101, 102, 103, 104, 105, 106], "start_line": 22}, "": {"executed_lines": [7, 9, 10, 11, 13, 14, 16, 17, 18, 19], "summary": {"covered_lines": 10, "num_statements": 10, "percent_covered": 100.0, "percent_covered_display": "100", "missing_lines": 0, "excluded_lines": 29, "percent_statements_covered": 100.0, "percent_statements_covered_display": "100"}, "missing_lines": [], "excluded_lines": [22, 23, 24, 25, 26, 27, 28, 29, 30, 31, 32, 33, 34, 35, 36, 37, 38, 39, 40, 41, 42, 43, 44, 45, 46, 47, 48, 49, 50], "start_line": 1}}, "classes": {"": {"executed_lines": [7, 9, 10, 11, 13, 14, 16, 17, 18, 19], "summary": {"covered_lines": 10, "num_statements": 10, "percent_covered": 100.0, "percent_covered_display": "100", "missing_lines": 0, "excluded_lines": 85, "percent_statements_covered": 100.0, "percent_statements_covered_display": "100"}, "missing_lines": [], "excluded_lines": [22, 23, 24, 25, 26, 27, 28, 29, 30, 31, 32, 33, 34, 35, 36, 37, 38, 39, 40, 41, 42, 43, 44, 45, 46, 47, 48, 49, 50, 51, 52, 53, 54, 55, 56, 57, 58, 59, 60, 61, 62, 63, 64, 65, 66, 67, 68, 69, 70, 71, 72, 73, 74, 75, 76, 77, 78, 79, 80, 81, 82, 83, 84, 85, 86, 87, 88, 89, 90, 91, 92, 93, 94, 95, 96, 97, 98, 99, 100, 101, 102, 103, 104, 105, 106], "start_line": 1}}}, "lakelogic\\cli\\run_log_reader.py": {"executed_lines": [8, 9, 10, 12, 15, 18, 19, 21, 31, 32, 34, 44, 45, 46, 47, 49, 51, 52, 53, 54, 55, 56, 57, 59, 69, 70, 71, 72, 73, 75, 86, 87, 88, 89, 90, 91, 92, 93, 94, 95, 96, 97, 98, 99, 100, 101, 103, 117, 118, 119, 120, 122, 123, 124, 125, 126, 128, 129, 130, 131, 132, 136, 137, 139, 140, 141, 142, 144, 158, 160, 161, 162, 163, 164, 166, 167, 168, 169, 170, 174, 175, 176, 178, 179, 180, 181, 183, 184, 194, 195, 196, 197, 198, 199, 201, 202, 213, 214, 215, 216], "summary": {"covered_lines": 100, "num_statements": 100, "percent_covered": 100.0, "percent_covered_display": "100", "missing_lines": 0, "excluded_lines": 0, "percent_statements_covered": 100.0, "percent_statements_covered_display": "100"}, "missing_lines": [], "excluded_lines": [], "functions": {"RunLogReader.__init__": {"executed_lines": [19], "summary": {"covered_lines": 1, "num_statements": 1, "percent_covered": 100.0, "percent_covered_display": "100", "missing_lines": 0, "excluded_lines": 0, "percent_statements_covered": 100.0, "percent_statements_covered_display": "100"}, "missing_lines": [], "excluded_lines": [], "start_line": 18}, "RunLogReader.last_success": {"executed_lines": [31, 32], "summary": {"covered_lines": 2, "num_statements": 2, "percent_covered": 100.0, "percent_covered_display": "100", "missing_lines": 0, "excluded_lines": 0, "percent_statements_covered": 100.0, "percent_statements_covered_display": "100"}, "missing_lines": [], "excluded_lines": [], "start_line": 21}, "RunLogReader.last_success_info": {"executed_lines": [44, 45, 46, 47, 49, 51, 52, 53, 54, 55, 56, 57], "summary": {"covered_lines": 12, "num_statements": 12, "percent_covered": 100.0, "percent_covered_display": "100", "missing_lines": 0, "excluded_lines": 0, "percent_statements_covered": 100.0, "percent_statements_covered_display": "100"}, "missing_lines": [], "excluded_lines": [], "start_line": 34}, "RunLogReader._contract_key": {"executed_lines": [69, 70, 71, 72, 73], "summary": {"covered_lines": 5, "num_statements": 5, "percent_covered": 100.0, "percent_covered_display": "100", "missing_lines": 0, "excluded_lines": 0, "percent_statements_covered": 100.0, "percent_statements_covered_display": "100"}, "missing_lines": [], "excluded_lines": [], "start_line": 59}, "RunLogReader._read_spark": {"executed_lines": [86, 87, 88, 89, 90, 91, 92, 93, 94, 95, 96, 97, 98, 99, 100, 101], "summary": {"covered_lines": 16, "num_statements": 16, "percent_covered": 100.0, "percent_covered_display": "100", "missing_lines": 0, "excluded_lines": 0, "percent_statements_covered": 100.0, "percent_statements_covered_display": "100"}, "missing_lines": [], "excluded_lines": [], "start_line": 75}, "RunLogReader._read_duckdb": {"executed_lines": [117, 118, 119, 120, 122, 123, 124, 125, 126, 128, 129, 130, 131, 132, 136, 137, 139, 140, 141, 142], "summary": {"covered_lines": 20, "num_statements": 20, "percent_covered": 100.0, "percent_covered_display": "100", "missing_lines": 0, "excluded_lines": 0, "percent_statements_covered": 100.0, "percent_statements_covered_display": "100"}, "missing_lines": [], "excluded_lines": [], "start_line": 103}, "RunLogReader._read_sqlite": {"executed_lines": [158, 160, 161, 162, 163, 164, 166, 167, 168, 169, 170, 174, 175, 176, 178, 179, 180, 181], "summary": {"covered_lines": 18, "num_statements": 18, "percent_covered": 100.0, "percent_covered_display": "100", "missing_lines": 0, "excluded_lines": 0, "percent_statements_covered": 100.0, "percent_statements_covered_display": "100"}, "missing_lines": [], "excluded_lines": [], "start_line": 144}, "RunLogReader._parse_timestamp": {"executed_lines": [194, 195, 196, 197, 198, 199], "summary": {"covered_lines": 6, "num_statements": 6, "percent_covered": 100.0, "percent_covered_display": "100", "missing_lines": 0, "excluded_lines": 0, "percent_statements_covered": 100.0, "percent_statements_covered_display": "100"}, "missing_lines": [], "excluded_lines": [], "start_line": 184}, "RunLogReader._resolve_path": {"executed_lines": [213, 214, 215, 216], "summary": {"covered_lines": 4, "num_statements": 4, "percent_covered": 100.0, "percent_covered_display": "100", "missing_lines": 0, "excluded_lines": 0, "percent_statements_covered": 100.0, "percent_statements_covered_display": "100"}, "missing_lines": [], "excluded_lines": [], "start_line": 202}, "": {"executed_lines": [8, 9, 10, 12, 15, 18, 21, 34, 59, 75, 103, 144, 183, 184, 201, 202], "summary": {"covered_lines": 16, "num_statements": 16, "percent_covered": 100.0, "percent_covered_display": "100", "missing_lines": 0, "excluded_lines": 0, "percent_statements_covered": 100.0, "percent_statements_covered_display": "100"}, "missing_lines": [], "excluded_lines": [], "start_line": 1}}, "classes": {"RunLogReader": {"executed_lines": [19, 31, 32, 44, 45, 46, 47, 49, 51, 52, 53, 54, 55, 56, 57, 69, 70, 71, 72, 73, 86, 87, 88, 89, 90, 91, 92, 93, 94, 95, 96, 97, 98, 99, 100, 101, 117, 118, 119, 120, 122, 123, 124, 125, 126, 128, 129, 130, 131, 132, 136, 137, 139, 140, 141, 142, 158, 160, 161, 162, 163, 164, 166, 167, 168, 169, 170, 174, 175, 176, 178, 179, 180, 181, 194, 195, 196, 197, 198, 199, 213, 214, 215, 216], "summary": {"covered_lines": 84, "num_statements": 84, "percent_covered": 100.0, "percent_covered_display": "100", "missing_lines": 0, "excluded_lines": 0, "percent_statements_covered": 100.0, "percent_statements_covered_display": "100"}, "missing_lines": [], "excluded_lines": [], "start_line": 15}, "": {"executed_lines": [8, 9, 10, 12, 15, 18, 21, 34, 59, 75, 103, 144, 183, 184, 201, 202], "summary": {"covered_lines": 16, "num_statements": 16, "percent_covered": 100.0, "percent_covered_display": "100", "missing_lines": 0, "excluded_lines": 0, "percent_statements_covered": 100.0, "percent_statements_covered_display": "100"}, "missing_lines": [], "excluded_lines": [], "start_line": 1}}}, "lakelogic\\core\\bootstrap.py": {"executed_lines": [38, 40, 41, 42, 43, 44, 46, 52, 91, 117, 140, 151, 154, 155, 163, 164, 165, 166, 167, 170, 171, 172, 173, 174, 175, 178, 180, 181, 183, 185, 186, 189, 191, 192, 193, 195, 196, 197, 198, 199, 200, 201, 203, 210, 215, 217, 218, 219, 221, 222, 223, 225, 226, 227, 229, 232, 235, 236, 244, 262, 263, 265, 270, 274, 283, 285, 286, 287, 288, 290, 291, 292, 297, 304, 305, 310, 311, 312, 314, 316, 324, 341, 342, 343, 344, 345, 347, 348, 349, 352, 384, 385, 391, 392, 398, 399, 400, 402, 403, 404, 406, 407, 409, 415, 417, 419, 421, 423, 425, 427, 429, 449, 450, 451, 452, 453, 454, 460, 489, 491, 492, 493, 495, 501, 502, 503, 504, 505, 506, 514, 572, 594, 595, 596, 597, 598, 599, 600, 601, 602, 603, 604, 605, 610, 611, 612, 613, 614, 615, 621, 623, 626, 629, 632, 635, 637, 638, 641, 642, 651, 653, 656, 657, 658, 660, 668, 669, 670, 676, 677, 678, 681, 688, 689, 690, 691, 693, 698, 704, 705, 714, 715, 716, 718, 719, 720, 723, 724, 726, 728, 735, 751, 752, 759, 760, 761, 762, 766, 768, 769, 780, 783, 784, 786, 788, 790, 791, 810, 812, 813, 814, 815, 817, 819, 821, 822, 824, 828, 833, 834, 836, 837, 839, 840, 841, 843, 844, 845, 854, 855, 857, 864, 867, 872, 874, 902, 903, 906, 908, 909, 912, 913, 915, 916, 917, 923, 925, 926, 929, 930, 931, 934, 935, 938, 939, 941, 942, 963, 964, 971, 973, 974, 977, 978, 980, 982, 984, 985, 986, 988, 994, 995, 996, 997, 999, 1002, 1003, 1006, 1007, 1012, 1013, 1014, 1015, 1016, 1021, 1024, 1026, 1040, 1041, 1044, 1045, 1047, 1058, 1060, 1062, 1063, 1064, 1065, 1066, 1070, 1072, 1073, 1074, 1075, 1076, 1078, 1079, 1080, 1081, 1082, 1085, 1087, 1089, 1097, 1098, 1099, 1100, 1101, 1102, 1103, 1104, 1106, 1109, 1110, 1111, 1112, 1113, 1118, 1121, 1122, 1123, 1124, 1125, 1126, 1127, 1128, 1138, 1139, 1141, 1143, 1144, 1145, 1146, 1147, 1153, 1154, 1159, 1160, 1161, 1162, 1163, 1164, 1165, 1166, 1169, 1170, 1171, 1173, 1174, 1175, 1176, 1177, 1178, 1179, 1180, 1183, 1185, 1186, 1195, 1204, 1205, 1207, 1209, 1215, 1216, 1217, 1218, 1219, 1220, 1225, 1226, 1228, 1232, 1233, 1236, 1237, 1238, 1243, 1244, 1247, 1248, 1252, 1253, 1255, 1286, 1288, 
[...]
1833, 1834, 1837, 1839, 1840, 1842, 1843, 1844, 1845, 1846, 1848, 1849, 1850, 1852, 1856], "summary": {"covered_lines": 24, "num_statements": 24, "percent_covered": 100.0, "percent_covered_display": "100", "missing_lines": 0, "excluded_lines": 4, "percent_statements_covered": 100.0, "percent_statements_covered_display": "100"}, "missing_lines": [], "excluded_lines": [1820, 1821, 1853, 1854], "start_line": 1809}, "LakehousePipeline._process_contract_with_retry": {"executed_lines": [1883, 1885, 1911], "summary": {"covered_lines": 3, "num_statements": 3, "percent_covered": 100.0, "percent_covered_display": "100", "missing_lines": 0, "excluded_lines": 0, "percent_statements_covered": 100.0, "percent_statements_covered_display": "100"}, "missing_lines": [], "excluded_lines": [], "start_line": 1860}, "LakehousePipeline._process_contract_with_retry._timed_process": {"executed_lines": [1886, 1887, 1889, 1892, 1894, 1900, 1901, 1902, 1904, 1905, 1909], "summary": {"covered_lines": 11, "num_statements": 11, "percent_covered": 100.0, "percent_covered_display": "100", "missing_lines": 0, "excluded_lines": 2, "percent_statements_covered": 100.0, "percent_statements_covered_display": "100"}, "missing_lines": [], "excluded_lines": [1906, 1907], "start_line": 1885}, "LakehousePipeline._process_contract_with_retry._timed_process._target": {"executed_lines": [], "summary": {"covered_lines": 0, "num_statements": 0, "percent_covered": 100.0, "percent_covered_display": "100", "missing_lines": 0, "excluded_lines": 4, "percent_statements_covered": 100.0, "percent_statements_covered_display": "100"}, "missing_lines": [], "excluded_lines": [1895, 1896, 1897, 1898], "start_line": 1894}, "LakehousePipeline._execute_post_ingestion_cleanup": {"executed_lines": [1947, 1948, 1953, 1954, 1955, 1957, 1958], "summary": {"covered_lines": 7, "num_statements": 7, "percent_covered": 100.0, "percent_covered_display": "100", "missing_lines": 0, "excluded_lines": 32, "percent_statements_covered": 100.0, "percent_statements_covered_display": "100"}, "missing_lines": [], "excluded_lines": [1961, 1962, 1963, 1964, 1965, 1966, 1967, 1968, 1969, 1970, 1971, 1972, 1973, 1974, 1975, 1976, 1977, 1978, 1979, 1983, 1984, 1987, 1988, 1991, 1992, 1993, 1994, 1995, 1996, 1997, 2000, 2001], "start_line": 1933}, "LakehousePipeline._cleanup_landing_files": {"executed_lines": [], "summary": {"covered_lines": 0, "num_statements": 0, "percent_covered": 100.0, "percent_covered_display": "100", "missing_lines": 0, "excluded_lines": 10, "percent_statements_covered": 100.0, "percent_statements_covered_display": "100"}, "missing_lines": [], "excluded_lines": [2017, 2021, 2022, 2023, 2024, 2025, 2026, 2027, 2028, 2029], "start_line": 2007}, "LakehousePipeline._cleanup_local": {"executed_lines": [], "summary": {"covered_lines": 0, "num_statements": 0, "percent_covered": 100.0, "percent_covered_display": "100", "missing_lines": 0, "excluded_lines": 31, "percent_statements_covered": 100.0, "percent_statements_covered_display": "100"}, "missing_lines": [], "excluded_lines": [2033, 2034, 2036, 2037, 2038, 2039, 2040, 2041, 2042, 2043, 2044, 2045, 2046, 2047, 2048, 2049, 2050, 2051, 2052, 2053, 2054, 2055, 2056, 2057, 2058, 2059, 2060, 2061, 2062, 2063, 2064], "start_line": 2031}, "LakehousePipeline._try_cleanup_dbutils": {"executed_lines": [], "summary": {"covered_lines": 0, "num_statements": 0, "percent_covered": 100.0, "percent_covered_display": "100", "missing_lines": 0, "excluded_lines": 32, "percent_statements_covered": 100.0, "percent_statements_covered_display": "100"}, "missing_lines": [], "excluded_lines": [2068, 2069, 2070, 2071, 2072, 2073, 2075, 2076, 2077, 2078, 2079, 2080, 2081, 2082, 2083, 2084, 2086, 2087, 2088, 2089, 2090, 2091, 2093, 2094, 2095, 2096, 2097, 2098, 2099, 2100, 2101, 2102], "start_line": 2066}, "LakehousePipeline._cleanup_cloud": {"executed_lines": [], "summary": {"covered_lines": 0, "num_statements": 0, "percent_covered": 100.0, "percent_covered_display": "100", "missing_lines": 0, "excluded_lines": 36, "percent_statements_covered": 100.0, "percent_statements_covered_display": "100"}, "missing_lines": [], "excluded_lines": [2106, 2108, 2109, 2110, 2111, 2112, 2116, 2117, 2118, 2119, 2120, 2129, 2130, 2131, 2132, 2133, 2134, 2135, 2136, 2137, 2139, 2140, 2141, 2142, 2143, 2144, 2145, 2146, 2147, 2148, 2149, 2150, 2151, 2152, 2153, 2154], "start_line": 2104}, "LakehousePipeline._process_single_contract": {"executed_lines": [2172, 2173, 2174, 2176, 2177, 2178, 2184, 2185, 2186, 2187, 2188, 2189, 2190, 2191, 2192, 2193, 2194, 2195, 2197, 2202, 2203, 2205, 2206, 2207, 2208, 2212, 2213, 2214, 2215, 2223, 2224, 2226, 2234, 2242, 2243, 2244, 2245, 2250, 2251, 2252, 2253, 2255, 2257, 2274, 2275, 2292, 2293, 2294, 2302, 2303, 2304, 2305, 2306, 2307, 2309, 2311, 2313, 2316, 2317, 2319, 2320, 2322, 2324, 2325, 2326, 2328, 2329, 2330, 2331, 2332, 2333, 2334, 2339, 2340, 2345, 2346, 2348, 2361, 2362, 2363, 2364, 2365, 2366, 2368, 2377, 2380, 2381, 2382, 2384, 2385, 2386, 2387, 2396, 2397, 2400, 2401, 2403, 2404, 2405, 2406, 2407, 2415, 2416, 2418, 2434, 2435, 2437, 2438, 2439, 2440, 2441, 2442, 2443, 2450, 2451, 2452, 2454], "summary": {"covered_lines": 117, "num_statements": 132, "percent_covered": 88.63636363636364, "percent_covered_display": "89", "missing_lines": 15, "excluded_lines": 18, "percent_statements_covered": 88.63636363636364, "percent_statements_covered_display": "89"}, "missing_lines": [2258, 2259, 2261, 2263, 2268, 2269, 2270, 2276, 2277, 2279, 2281, 2286, 2287, 2288, 2318], "excluded_lines": [2198, 2199, 2200, 2272, 2290, 2295, 2296, 2297, 2298, 2374, 2375, 2388, 2389, 2390, 2391, 2392, 2393, 2436], "start_line": 2156}, "LakehousePipeline._execute_wave_parallel": {"executed_lines": [2475, 2477, 2496, 2497, 2498, 2499, 2500, 2501, 2502, 2503, 2504, 2506, 2507], "summary": {"covered_lines": 13, "num_statements": 13, "percent_covered": 100.0, "percent_covered_display": "100", "missing_lines": 0, "excluded_lines": 0, "percent_statements_covered": 100.0, "percent_statements_covered_display": "100"}, "missing_lines": [], "excluded_lines": [], "start_line": 2456}, "LakehousePipeline._execute_wave_parallel._run_contract": {"executed_lines": [2478, 2479], "summary": {"covered_lines": 2, "num_statements": 2, "percent_covered": 100.0, "percent_covered_display": "100", "missing_lines": 0, "excluded_lines": 0, "percent_statements_covered": 100.0, "percent_statements_covered_display": "100"}, "missing_lines": [], "excluded_lines": [], "start_line": 2477}, "LakehousePipeline.visualize_dag": {"executed_lines": [2534, 2535, 2536, 2545, 2546, 2547, 2550, 2552, 2554, 2555, 2556, 2557, 2558, 2559, 2562, 2563, 2564, 2565, 2569, 2583, 2584, 2585, 2586, 2602, 2603, 2604, 2606, 2608, 2609, 2610, 2617, 2620, 2622, 2623, 2625, 2626, 2627, 2628, 2629, 2630, 2631, 2653, 2656, 2657, 2659, 2660, 2661, 2664, 2665, 2666, 2667, 2668, 2672, 2673, 2674, 2679, 2680, 2681, 2682, 2684, 2685, 2686, 2688, 2689, 2692, 2698, 2699, 2700, 2701, 2702, 2703, 2704, 2705, 2706, 2707, 2708, 2725, 2726, 2729, 2731, 2732, 2733, 2734, 2735, 2736, 2739, 2740, 2741, 2742, 2743, 2744, 2747, 2748, 2749, 2750, 2757, 2758, 2759, 2760, 2763, 2764, 2766, 2767, 2768, 2769, 2771, 2772, 2773, 2774, 2775, 2776, 2779, 2780, 2781, 2782, 2784, 2788, 2789, 2792, 2793, 2800, 2801, 2802, 2803, 2804, 2809, 2812, 2813, 2814, 2815, 2816, 2817, 2820, 2821, 2822, 2823, 2824, 2825, 2826, 2827, 2828, 2839, 2840, 2841, 2842, 2843, 2844, 2845, 2846, 2847, 2848, 2849, 2850, 2852, 2853, 2854, 2856, 2860, 2863, 2864, 2886, 2887, 2888, 2890, 2891, 2893, 2894, 2895, 2898, 2900, 2914, 2915, 2916, 2917, 2918, 2919, 2920, 2928, 2929, 2930, 2931, 2933, 2934, 2935, 2936, 2937, 2938, 2939, 2943, 2945, 2953, 2954, 2955, 2956, 2957, 2958, 2960, 3018], "summary": {"covered_lines": 198, "num_statements": 204, "percent_covered": 97.05882352941177, "percent_covered_display": "97", "missing_lines": 6, "excluded_lines": 40, "percent_statements_covered": 97.05882352941177, "percent_statements_covered_display": "97"}, "missing_lines": [2946, 2947, 2948, 2949, 2950, 2951], "excluded_lines": [2568, 2634, 2635, 2636, 2638, 2639, 2640, 2641, 2642, 2643, 2644, 2645, 2648, 2649, 2650, 2651, 2652, 2662, 2663, 2669, 2670, 2675, 2676, 2752, 2753, 2754, 2786, 2830, 2831, 2832, 2833, 2834, 2835, 2836, 2889, 2902, 2903, 2904, 2905, 2941], "start_line": 2511}, "": {"executed_lines": [9, 11, 12, 13, 14, 15, 16, 17, 18, 19, 21, 23, 24, 25, 26, 29, 50, 53, 59, 88, 96, 139, 142, 145, 148, 151, 156, 216, 232, 233, 248, 474, 475, 507, 508, 549, 679, 680, 697, 799, 1010, 1075, 1076, 1197, 1198, 1230, 1253, 1357, 1458, 1809, 1860, 1933, 2007, 2031, 2066, 2104, 2156, 2456, 2511], "summary": {"covered_lines": 59, "num_statements": 59, "percent_covered": 100.0, "percent_covered_display": "100", "missing_lines": 0, "excluded_lines": 0, "percent_statements_covered": 100.0, "percent_statements_covered_display": "100"}, "missing_lines": [], "excluded_lines": [], "start_line": 1}}, "classes": {"PipelineRunSummary": {"executed_lines": [54, 55, 56, 57, 72, 74, 89, 97, 98, 99, 100, 101, 102, 103, 104, 106, 107, 108, 109, 111, 112, 113, 115, 116, 117, 118, 119, 121, 122, 123, 126, 128, 129, 131, 132, 133, 135, 136], "summary": {"covered_lines": 38, "num_statements": 38, "percent_covered": 100.0, "percent_covered_display": "100", "missing_lines": 0, "excluded_lines": 1, "percent_statements_covered": 100.0, "percent_statements_covered_display": "100"}, "missing_lines": [], "excluded_lines": [124], "start_line": 50}, "CircuitBreakerTripped": {"executed_lines": [], "summary": {"covered_lines": 0, "num_statements": 0, "percent_covered": 100.0, "percent_covered_display": "100", "missing_lines": 0, "excluded_lines": 0, "percent_statements_covered": 100.0, "percent_statements_covered_display": "100"}, "missing_lines": [], "excluded_lines": [], "start_line": 139}, "EntityTimeoutError": {"executed_lines": [], "summary": {"covered_lines": 0, "num_statements": 0, "percent_covered": 100.0, "percent_covered_display": "100", "missing_lines": 0, "excluded_lines": 0, "percent_statements_covered": 100.0, "percent_statements_covered_display": "100"}, "missing_lines": [], "excluded_lines": [], "start_line": 145}, "LakehousePipeline": {"executed_lines": [157, 158, 159, 160, 161, 167, 204, 205, 207, 211, 212, 222, 223, 224, 225, 226, 227, 228, 239, 240, 241, 242, 244, 245, 246, 264, 267, 268, 269, 270, 273, 276, 277, 278, 283, 284, 286, 287, 288, 289, 290, 291, 309, 317, 322, 325, 326, 327, 328, 329, 330, 332, 333, 334, 335, 339, 340, 341, 342, 346, 347, 348, 349, 350, 351, 352, 354, 355, 356, 358, 359, 360, 361, 364, 365, 368, 371, 372, 373, 374, 377, 378, 379, 380, 381, 382, 383, 384, 386, 387, 388, 391, 393, 394, 395, 396, 399, 400, 401, 402, 405, 406, 407, 408, 409, 412, 413, 414, 415, 416, 419, 420, 422, 423, 426, 427, 429, 430, 433, 434, 435, 437, 438, 439, 440, 441, 444, 445, 446, 447, 448, 462, 463, 464, 465, 467, 468, 470, 480, 481, 482, 484, 485, 486, 487, 488, 490, 491, 493, 494, 495, 496, 497, 498, 499, 501, 502, 503, 505, 515, 516, 518, 519, 520, 521, 522, 523, 524, 525, 526, 527, 528, 529, 532, 533, 534, 536, 537, 538, 541, 542, 543, 545, 565, 567, 568, 571, 572, 573, 574, 576, 580, 584, 585, 590, 593, 594, 595, 596, 597, 598, 600, 601, 609, 610, 613, 615, 617, 619, 624, 625, 626, 628, 629, 630, 631, 632, 639, 640, 642, 644, 645, 646, 649, 654, 656, 658, 659, 660, 661, 663, 666, 668, 672, 673, 675, 682, 684, 685, 686, 687, 688, 689, 690, 691, 693, 704, 705, 709, 710, 711, 712, 714, 715, 716, 718, 721, 722, 723, 724, 725, 728, 729, 730, 731, 732, 733, 734, 735, 736, 737, 738, 739, 740, 741, 743, 748, 749, 750, 751, 752, 754, 755, 762, 764, 765, 766, 773, 774, 776, 778, 779, 780, 781, 782, 803, 804, 805, 806, 807, 808, 811, 813, 816, 817, 818, 819, 821, 823, 824, 825, 826, 829, 841, 842, 843, 844, 845, 846, 847, 852, 853, 854, 855, 856, 857, 858, 859, 860, 861, 862, 863, 864, 865, 867, 870, 871, 872, 882, 884, 885, 889, 890, 891, 893, 895, 896, 897, 905, 906, 908, 909, 910, 911, 916, 924, 925, 927, 928, 929, 930, 931, 934, 935, 942, 949, 951, 952, 953, 954, 955, 957, 965, 966, 967, 969, 972, 976, 977, 978, 986, 987, 988, 989, 992, 999, 1000, 1002, 1003, 1004, 1017, 1019, 1020, 1022, 1023, 1024, 1025, 1027, 1028, 1029, 1032, 1033, 1034, 1040, 1041, 1042, 1044, 1046, 1047, 1050, 1051, 1052, 1058, 1059, 1060, 1062, 1063, 1064, 1065, 1066, 1067, 1069, 1070, 1071, 1073, 1083, 1085, 1088, 1089, 1090, 1091, 1092, 1093, 1096, 1097, 1100, 1101, 1103, 1106, 1107, 1108, 1109, 1111, 1112, 1113, 1115, 1139, 1140, 1141, 1143, 1145, 1146, 1147, 1149, 1151, 1152, 1154, 1155, 1160, 1177, 1178, 1179, 1181, 1182, 1184, 1185, 1186, 1187, 1188, 1204, 1205, 1206, 1210, 1212, 1213, 1214, 1216, 1217, 1218, 1219, 1222, 1225, 1226, 1239, 1240, 1241, 1242, 1245, 1246, 1247, 1248, 1264, 1266, 1267, 1271, 1275, 1276, 1277, 1278, 1281, 1282, 1286, 1288, 1289, 1294, 1295, 1297, 1298, 1299, 1301, 1302, 1303, 1305, 1307, 1309, 1310, 1312, 1315, 1318, 1323, 1324, 1325, 1326, 1335, 1336, 1339, 1341, 1342, 1343, 1344, 1345, 1347, 1348, 1368, 1370, 1371, 1375, 1379, 1380, 1381, 1382, 1385, 1386, 1390, 1392, 1393, 1398, 1399, 1401, 1402, 1403, 1405, 1406, 1407, 1409, 1411, 1413, 1414, 1416, 1419, 1422, 1427, 1428, 1432, 1433, 1434, 1435, 1439, 1440, 1443, 1445, 1446, 1447, 1448, 1449, 1451, 1452, 1512, 1513, 1514, 1517, 1518, 1519, 1520, 1521, 1528, 1530, 1531, 1532, 1535, 1547, 1549, 1553, 1558, 1565, 1614, 1615, 1616, 1619, 1620, 1623, 1626, 1627, 1628, 1631, 1632, 1633, 1636, 1637, 1640, 1641, 1646, 1656, 1657, 1662, 1673, 1674, 1675, 1678, 1679, 1680, 1681, 1682, 1693, 1694, 1696, 1697, 1698, 1700, 1701, 1705, 1706, 1713, 1716, 1717, 1718, 1719, 1720, 1721, 1724, 1728, 1730, 1731, 1753, 1755, 1756, 1757, 1760, 1761, 1764, 1765, 1769, 1770, 1772, 1773, 1789, 1790, 1791, 1792, 1799, 1801, 1804, 1805, 1815, 1816, 1817, 1818, 1819, 1823, 1825, 1826, 1827, 1833, 1834, 1837, 1839, 1840, 1842, 1843, 1844, 1845, 1846, 1848, 1849, 1850, 1852, 1856, 1883, 1885, 1886, 1887, 1889, 1892, 1894, 1900, 1901, 1902, 1904, 1905, 1909, 1911, 1947, 1948, 1953, 1954, 1955, 1957, 1958, 2172, 2173, 2174, 2176, 2177, 2178, 2184, 2185, 2186, 2187, 2188, 2189, 2190, 2191, 2192, 2193, 2194, 2195, 2197, 2202, 2203, 2205, 2206, 2207, 2208, 2212, 2213, 2214, 2215, 2223, 2224, 2226, 2234, 2242, 2243, 2244, 2245, 2250, 2251, 2252, 2253, 2255, 2257, 2274, 2275, 2292, 2293, 2294, 2302, 2303, 2304, 2305, 2306, 2307, 2309, 2311, 2313, 2316, 2317, 2319, 2320, 2322, 2324, 2325, 2326, 2328, 2329, 2330, 2331, 2332, 2333, 2334, 2339, 2340, 2345, 2346, 2348, 2361, 2362, 2363, 2364, 2365, 2366, 2368, 2377, 2380, 2381, 2382, 2384, 2385, 2386, 2387, 2396, 2397, 2400, 2401, 2403, 2404, 2405, 2406, 2407, 2415, 2416, 2418, 2434, 2435, 2437, 2438, 2439, 2440, 2441, 2442, 2443, 2450, 2451, 2452, 2454, 2475, 2477, 2478, 2479, 2496, 2497, 2498, 2499, 2500, 2501, 2502, 2503, 2504, 2506, 2507, 2534, 2535, 2536, 2545, 2546, 2547, 2550, 2552, 2554, 2555, 2556, 2557, 2558, 2559, 2562, 2563, 2564, 2565, 2569, 2583, 2584, 2585, 2586, 2602, 2603, 2604, 2606, 2608, 2609, 2610, 2617, 2620, 2622, 2623, 2625, 2626, 2627, 2628, 2629, 2630, 2631, 2653, 2656, 2657, 2659, 2660, 2661, 2664, 2665, 2666, 2667, 2668, 2672, 2673, 2674, 2679, 2680, 2681, 2682, 2684, 2685, 2686, 2688, 2689, 2692, 2698, 2699, 2700, 2701, 2702, 2703, 2704, 2705, 2706, 2707, 2708, 2725, 2726, 2729, 2731, 2732, 2733, 2734, 2735, 2736, 2739, 2740, 2741, 2742, 2743, 2744, 2747, 2748, 2749, 2750, 2757, 2758, 2759, 2760, 2763, 2764, 2766, 2767, 2768, 2769, 2771, 2772, 2773, 2774, 2775, 2776, 2779, 2780, 2781, 2782, 2784, 2788, 2789, 2792, 2793, 2800, 2801, 2802, 2803, 2804, 2809, 2812, 2813, 2814, 2815, 2816, 2817, 2820, 2821, 2822, 2823, 2824, 2825, 2826, 2827, 2828, 2839, 2840, 2841, 2842, 2843, 2844, 2845, 2846, 2847, 2848, 2849, 2850, 2852, 2853, 2854, 2856, 2860, 2863, 2864, 2886, 2887, 2888, 2890, 2891, 2893, 2894, 2895, 2898, 2900, 2914, 2915, 2916, 2917, 2918, 2919, 2920, 2928, 2929, 2930, 2931, 2933, 2934, 2935, 2936, 2937, 2938, 2939, 2943, 2945, 2953, 2954, 2955, 2956, 2957, 2958, 2960, 3018], "summary": {"covered_lines": 1038, "num_statements": 1086, "percent_covered": 95.58011049723757, "percent_covered_display": "96", "missing_lines": 48, "excluded_lines": 411, "percent_statements_covered": 95.58011049723757, "percent_statements_covered_display": "96"}, "missing_lines": [353, 366, 756, 757, 758, 759, 760, 1570, 1575, 1582, 1584, 1587, 1588, 1593, 1594, 1595, 1596, 1597, 1604, 1605, 1606, 1607, 1608, 1609, 1610, 1611, 1612, 2258, 2259, 2261, 2263, 2268, 2269, 2270, 2276, 2277, 2279, 2281, 2286, 2287, 2288, 2318, 2946, 2947, 2948, 2949, 2950, 2951], "excluded_lines": [169, 170, 172, 173, 174, 175, 177, 178, 180, 181, 182, 183, 185, 186, 187, 191, 192, 193, 197, 198, 208, 265, 297, 298, 299, 300, 303, 304, 305, 451, 452, 453, 454, 455, 456, 457, 458, 530, 531, 569, 577, 578, 581, 582, 586, 587, 588, 604, 605, 606, 650, 651, 652, 676, 677, 706, 745, 746, 768, 785, 786, 789, 792, 793, 794, 795, 796, 797, 827, 828, 831, 832, 833, 834, 835, 836, 837, 838, 848, 849, 868, 869, 874, 877, 878, 907, 913, 917, 918, 919, 920, 933, 936, 937, 940, 941, 943, 958, 959, 960, 961, 962, 963, 964, 973, 974, 979, 980, 981, 982, 983, 984, 985, 993, 994, 1006, 1098, 1156, 1157, 1158, 1161, 1162, 1163, 1164, 1165, 1167, 1168, 1169, 1170, 1171, 1172, 1173, 1174, 1175, 1180, 1189, 1190, 1191, 1192, 1193, 1194, 1195, 1220, 1221, 1251, 1268, 1279, 1283, 1304, 1306, 1308, 1313, 1319, 1320, 1321, 1328, 1329, 1330, 1331, 1332, 1333, 1349, 1350, 1351, 1352, 1353, 1372, 1383, 1387, 1408, 1410, 1412, 1417, 1423, 1424, 1425, 1429, 1430, 1436, 1437, 1453, 1454, 1536, 1537, 1538, 1550, 1551, 1552, 1555, 1556, 1621, 1702, 1707, 1708, 1709, 1710, 1711, 1725, 1732, 1735, 1793, 1796, 1820, 1821, 1853, 1854, 1895, 1896, 1897, 1898, 1906, 1907, 1961, 1962, 1963, 1964, 1965, 1966, 1967, 1968, 1969, 1970, 1971, 1972, 1973, 1974, 1975, 1976, 1977, 1978, 1979, 1983, 1984, 1987, 1988, 1991, 1992, 1993, 1994, 1995, 1996, 1997, 2000, 2001, 2017, 2021, 2022, 2023, 2024, 2025, 2026, 2027, 2028, 2029, 2033, 2034, 2036, 2037, 2038, 2039, 2040, 2041, 2042, 2043, 2044, 2045, 2046, 2047, 2048, 2049, 2050, 2051, 2052, 2053, 2054, 2055, 2056, 2057, 2058, 2059, 2060, 2061, 2062, 2063, 2064, 2068, 2069, 2070, 2071, 2072, 2073, 2075, 2076, 2077, 2078, 2079, 2080, 2081, 2082, 2083, 2084, 2086, 2087, 2088, 2089, 2090, 2091, 2093, 2094, 2095, 2096, 2097, 2098, 2099, 2100, 2101, 2102, 2106, 2108, 2109, 2110, 2111, 2112, 2116, 2117, 2118, 2119, 2120, 2129, 2130, 2131, 2132, 2133, 2134, 2135, 2136, 2137, 2139, 2140, 2141, 2142, 2143, 2144, 2145, 2146, 2147, 2148, 2149, 2150, 2151, 2152, 2153, 2154, 2198, 2199, 2200, 2272, 2290, 2295, 2296, 2297, 2298, 2374, 2375, 2388, 2389, 2390, 2391, 2392, 2393, 2436, 2568, 2634, 2635, 2636, 2638, 2639, 2640, 2641, 2642, 2643, 2644, 2645, 2648, 2649, 2650, 2651, 2652, 2662, 2663, 2669, 2670, 2675, 2676, 2752, 2753, 2754, 2786, 2830, 2831, 2832, 2833, 2834, 2835, 2836, 2889, 2902, 2903, 2904, 2905, 2941], "start_line": 151}, "": {"executed_lines": [9, 11, 12, 13, 14, 15, 16, 17, 18, 19, 21, 23, 24, 25, 26, 29, 31, 33, 34, 36, 37, 38, 39, 40, 42, 43, 50, 53, 59, 88, 96, 139, 142, 145, 148, 151, 156, 216, 232, 233, 248, 474, 475, 507, 508, 549, 679, 680, 697, 799, 1010, 1075, 1076, 1197, 1198, 1230, 1253, 1357, 1458, 1809, 1860, 1933, 2007, 2031, 2066, 2104, 2156, 2456, 2511], "summary": {"covered_lines": 69, "num_statements": 69, "percent_covered": 100.0, "percent_covered_display": "100", "missing_lines": 0, "excluded_lines": 0, "percent_statements_covered": 100.0, "percent_statements_covered_display": "100"}, "missing_lines": [], "excluded_lines": [], "start_line": 1}}}}, "totals": {"covered_lines": 15228, "num_statements": 19434, "percent_covered": 78.35751775239271, "percent_covered_display": "78", "missing_lines": 4206, "excluded_lines": 1024, "percent_statements_covered": 78.35751775239271, "percent_statements_covered_display": "78"}}