{"meta": {"format": 3, "version": "7.14.0", "timestamp": "2026-05-20T22:45:38.387986", "branch_coverage": false, "show_contexts": false}, "files": {"lakelogic\\__init__.py": {"executed_lines": [1, 3, 4, 5, 6, 7, 8, 9, 16, 17, 24, 30, 31, 33, 36, 41, 42, 43, 45, 46, 48, 49, 52, 57, 58, 60, 61, 62, 63, 65, 66, 80, 81, 82, 83, 84, 85, 86, 87, 88, 89, 90, 91, 92, 95, 119, 138, 144, 152, 159, 175, 187, 188, 189, 190, 191, 194], "summary": {"covered_lines": 57, "num_statements": 57, "percent_covered": 100.0, "percent_covered_display": "100", "missing_lines": 0, "excluded_lines": 0, "percent_statements_covered": 100.0, "percent_statements_covered_display": "100"}, "missing_lines": [], "excluded_lines": [], "functions": {"HelpTopic.__init__": {"executed_lines": [42, 43], "summary": {"covered_lines": 2, "num_statements": 2, "percent_covered": 100.0, "percent_covered_display": "100", "missing_lines": 0, "excluded_lines": 0, "percent_statements_covered": 100.0, "percent_statements_covered_display": "100"}, "missing_lines": [], "excluded_lines": [], "start_line": 41}, "HelpTopic.help": {"executed_lines": [46], "summary": {"covered_lines": 1, "num_statements": 1, "percent_covered": 100.0, "percent_covered_display": "100", "missing_lines": 0, "excluded_lines": 0, "percent_statements_covered": 100.0, "percent_statements_covered_display": "100"}, "missing_lines": [], "excluded_lines": [], "start_line": 45}, "HelpTopic.__call__": {"executed_lines": [49], "summary": {"covered_lines": 1, "num_statements": 1, "percent_covered": 100.0, "percent_covered_display": "100", "missing_lines": 0, "excluded_lines": 0, "percent_statements_covered": 100.0, "percent_statements_covered_display": "100"}, "missing_lines": [], "excluded_lines": [], "start_line": 48}, "HelpIndex.__init__": {"executed_lines": [58], "summary": {"covered_lines": 1, "num_statements": 1, "percent_covered": 100.0, "percent_covered_display": "100", "missing_lines": 0, "excluded_lines": 0, "percent_statements_covered": 100.0, "percent_statements_covered_display": "100"}, "missing_lines": [], "excluded_lines": [], "start_line": 57}, "HelpIndex.__getattr__": {"executed_lines": [61, 62, 63], "summary": {"covered_lines": 3, "num_statements": 3, "percent_covered": 100.0, "percent_covered_display": "100", "missing_lines": 0, "excluded_lines": 0, "percent_statements_covered": 100.0, "percent_statements_covered_display": "100"}, "missing_lines": [], "excluded_lines": [], "start_line": 60}, "HelpIndex.__call__": {"executed_lines": [66, 80, 81, 82, 83, 84, 85, 86, 87, 88, 89, 90, 91, 92], "summary": {"covered_lines": 14, "num_statements": 14, "percent_covered": 100.0, "percent_covered_display": "100", "missing_lines": 0, "excluded_lines": 0, "percent_statements_covered": 100.0, "percent_statements_covered_display": "100"}, "missing_lines": [], "excluded_lines": [], "start_line": 65}, "": {"executed_lines": [1, 3, 4, 5, 6, 7, 8, 9, 16, 17, 24, 30, 31, 33, 36, 41, 45, 48, 52, 57, 60, 65, 95, 119, 138, 144, 152, 159, 175, 187, 188, 189, 190, 191, 194], "summary": {"covered_lines": 35, "num_statements": 35, "percent_covered": 100.0, "percent_covered_display": "100", "missing_lines": 0, "excluded_lines": 0, "percent_statements_covered": 100.0, "percent_statements_covered_display": "100"}, "missing_lines": [], "excluded_lines": [], "start_line": 1}}, "classes": {"HelpTopic": {"executed_lines": [42, 43, 46, 49], "summary": {"covered_lines": 4, "num_statements": 4, "percent_covered": 100.0, "percent_covered_display": "100", "missing_lines": 0, "excluded_lines": 0, "percent_statements_covered": 100.0, "percent_statements_covered_display": "100"}, "missing_lines": [], "excluded_lines": [], "start_line": 36}, "HelpIndex": {"executed_lines": [58, 61, 62, 63, 66, 80, 81, 82, 83, 84, 85, 86, 87, 88, 89, 90, 91, 92], "summary": {"covered_lines": 18, "num_statements": 18, "percent_covered": 100.0, "percent_covered_display": "100", "missing_lines": 0, "excluded_lines": 0, "percent_statements_covered": 100.0, "percent_statements_covered_display": "100"}, "missing_lines": [], "excluded_lines": [], "start_line": 52}, "": {"executed_lines": [1, 3, 4, 5, 6, 7, 8, 9, 16, 17, 24, 30, 31, 33, 36, 41, 45, 48, 52, 57, 60, 65, 95, 119, 138, 144, 152, 159, 175, 187, 188, 189, 190, 191, 194], "summary": {"covered_lines": 35, "num_statements": 35, "percent_covered": 100.0, "percent_covered_display": "100", "missing_lines": 0, "excluded_lines": 0, "percent_statements_covered": 100.0, "percent_statements_covered_display": "100"}, "missing_lines": [], "excluded_lines": [], "start_line": 1}}}, "lakelogic\\cli.py": {"executed_lines": [1, 3, 5, 6], "summary": {"covered_lines": 4, "num_statements": 4, "percent_covered": 100.0, "percent_covered_display": "100", "missing_lines": 0, "excluded_lines": 0, "percent_statements_covered": 100.0, "percent_statements_covered_display": "100"}, "missing_lines": [], "excluded_lines": [], "functions": {"": {"executed_lines": [1, 3, 5, 6], "summary": {"covered_lines": 4, "num_statements": 4, "percent_covered": 100.0, "percent_covered_display": "100", "missing_lines": 0, "excluded_lines": 0, "percent_statements_covered": 100.0, "percent_statements_covered_display": "100"}, "missing_lines": [], "excluded_lines": [], "start_line": 1}}, "classes": {"": {"executed_lines": [1, 3, 5, 6], "summary": {"covered_lines": 4, "num_statements": 4, "percent_covered": 100.0, "percent_covered_display": "100", "missing_lines": 0, "excluded_lines": 0, "percent_statements_covered": 100.0, "percent_statements_covered_display": "100"}, "missing_lines": [], "excluded_lines": [], "start_line": 1}}}, "lakelogic\\cli\\__init__.py": {"executed_lines": [22, 29, 31, 41, 51], "summary": {"covered_lines": 5, "num_statements": 5, "percent_covered": 100.0, "percent_covered_display": "100", "missing_lines": 0, "excluded_lines": 0, "percent_statements_covered": 100.0, "percent_statements_covered_display": "100"}, "missing_lines": [], "excluded_lines": [], "functions": {"": {"executed_lines": [22, 29, 31, 41, 51], "summary": {"covered_lines": 5, "num_statements": 5, "percent_covered": 100.0, "percent_covered_display": "100", "missing_lines": 0, "excluded_lines": 0, "percent_statements_covered": 100.0, "percent_statements_covered_display": "100"}, "missing_lines": [], "excluded_lines": [], "start_line": 1}}, "classes": {"": {"executed_lines": [22, 29, 31, 41, 51], "summary": {"covered_lines": 5, "num_statements": 5, "percent_covered": 100.0, "percent_covered_display": "100", "missing_lines": 0, "excluded_lines": 0, "percent_statements_covered": 100.0, "percent_statements_covered_display": "100"}, "missing_lines": [], "excluded_lines": [], "start_line": 1}}}, "lakelogic\\cli\\cli_parsers.py": {"executed_lines": [8, 9, 10, 12, 15, 26, 27, 28, 29, 31, 32, 33, 34, 35, 37, 38, 39, 40, 41, 43, 46, 56, 57, 58, 61, 71, 72, 73, 76, 86, 87, 88, 89, 90, 91, 92, 93, 95, 96, 99, 103, 104, 105, 106, 107, 108, 109, 110, 111, 112, 113, 114, 115, 116, 117, 118, 120, 121, 122, 123, 124, 125, 128, 132, 134, 135, 136, 137, 139, 140, 141, 142, 143, 144, 145, 146, 149, 171, 173, 174, 175, 176, 178, 179, 180, 181, 182, 183, 184, 186, 187, 188, 189, 190, 191, 192, 193, 194, 195, 196, 197, 198, 199, 200, 201], "summary": {"covered_lines": 105, "num_statements": 105, "percent_covered": 100.0, "percent_covered_display": "100", "missing_lines": 0, "excluded_lines": 0, "percent_statements_covered": 100.0, "percent_statements_covered_display": "100"}, "missing_lines": [], "excluded_lines": [], "functions": {"parse_layers": {"executed_lines": [26, 27, 28, 29, 31, 32, 33, 34, 35, 37, 38, 39, 40, 41, 43], "summary": {"covered_lines": 15, "num_statements": 15, "percent_covered": 100.0, "percent_covered_display": "100", "missing_lines": 0, "excluded_lines": 0, "percent_statements_covered": 100.0, "percent_statements_covered_display": "100"}, "missing_lines": [], "excluded_lines": [], "start_line": 15}, "parse_entities": {"executed_lines": [56, 57, 58], "summary": {"covered_lines": 3, "num_statements": 3, "percent_covered": 100.0, "percent_covered_display": "100", "missing_lines": 0, "excluded_lines": 0, "percent_statements_covered": 100.0, "percent_statements_covered_display": "100"}, "missing_lines": [], "excluded_lines": [], "start_line": 46}, "parse_contracts": {"executed_lines": [71, 72, 73], "summary": {"covered_lines": 3, "num_statements": 3, "percent_covered": 100.0, "percent_covered_display": "100", "missing_lines": 0, "excluded_lines": 0, "percent_statements_covered": 100.0, "percent_statements_covered_display": "100"}, "missing_lines": [], "excluded_lines": [], "start_line": 61}, "parse_metrics_tags": {"executed_lines": [86, 87, 88, 89, 90, 91, 92, 93, 95, 96], "summary": {"covered_lines": 10, "num_statements": 10, "percent_covered": 100.0, "percent_covered_display": "100", "missing_lines": 0, "excluded_lines": 0, "percent_statements_covered": 100.0, "percent_statements_covered_display": "100"}, "missing_lines": [], "excluded_lines": [], "start_line": 76}, "parse_overrides": {"executed_lines": [103, 104, 105, 106, 107, 108, 109, 110, 111, 112, 113, 114, 115, 116, 117, 118, 120, 121, 122, 123, 124, 125], "summary": {"covered_lines": 22, "num_statements": 22, "percent_covered": 100.0, "percent_covered_display": "100", "missing_lines": 0, "excluded_lines": 0, "percent_statements_covered": 100.0, "percent_statements_covered_display": "100"}, "missing_lines": [], "excluded_lines": [], "start_line": 99}, "build_backfill_windows": {"executed_lines": [132, 134, 135, 136, 137, 139, 140, 141, 142, 143, 144, 145, 146], "summary": {"covered_lines": 13, "num_statements": 13, "percent_covered": 100.0, "percent_covered_display": "100", "missing_lines": 0, "excluded_lines": 0, "percent_statements_covered": 100.0, "percent_statements_covered_display": "100"}, "missing_lines": [], "excluded_lines": [], "start_line": 128}, "parse_window": {"executed_lines": [171, 173, 174, 175, 176, 178, 179, 180, 181, 182, 183, 184, 186, 187, 188, 189, 190, 191, 192, 193, 194, 195, 196, 197, 198, 199, 200, 201], "summary": {"covered_lines": 28, "num_statements": 28, "percent_covered": 100.0, "percent_covered_display": "100", "missing_lines": 0, "excluded_lines": 0, "percent_statements_covered": 100.0, "percent_statements_covered_display": "100"}, "missing_lines": [], "excluded_lines": [], "start_line": 149}, "": {"executed_lines": [8, 9, 10, 12, 15, 46, 61, 76, 99, 128, 149], "summary": {"covered_lines": 11, "num_statements": 11, "percent_covered": 100.0, "percent_covered_display": "100", "missing_lines": 0, "excluded_lines": 0, "percent_statements_covered": 100.0, "percent_statements_covered_display": "100"}, "missing_lines": [], "excluded_lines": [], "start_line": 1}}, "classes": {"": {"executed_lines": [8, 9, 10, 12, 15, 26, 27, 28, 29, 31, 32, 33, 34, 35, 37, 38, 39, 40, 41, 43, 46, 56, 57, 58, 61, 71, 72, 73, 76, 86, 87, 88, 89, 90, 91, 92, 93, 95, 96, 99, 103, 104, 105, 106, 107, 108, 109, 110, 111, 112, 113, 114, 115, 116, 117, 118, 120, 121, 122, 123, 124, 125, 128, 132, 134, 135, 136, 137, 139, 140, 141, 142, 143, 144, 145, 146, 149, 171, 173, 174, 175, 176, 178, 179, 180, 181, 182, 183, 184, 186, 187, 188, 189, 190, 191, 192, 193, 194, 195, 196, 197, 198, 199, 200, 201], "summary": {"covered_lines": 105, "num_statements": 105, "percent_covered": 100.0, "percent_covered_display": "100", "missing_lines": 0, "excluded_lines": 0, "percent_statements_covered": 100.0, "percent_statements_covered_display": "100"}, "missing_lines": [], "excluded_lines": [], "start_line": 1}}}, "lakelogic\\cli\\driver.py": {"executed_lines": [8, 9, 10, 11, 12, 13, 14, 15, 16, 17, 18, 19, 20, 22, 24, 25, 26, 29, 30, 33, 34, 35, 38, 41, 42, 43, 45, 46, 50, 51, 52, 54, 64, 65, 66, 67, 68, 69, 73, 76, 79, 118, 119, 120, 121, 122, 123, 124, 125, 126, 127, 128, 129, 130, 131, 132, 133, 134, 135, 136, 137, 138, 139, 140, 141, 142, 143, 144, 145, 146, 147, 148, 149, 150, 151, 152, 168, 170, 172, 193, 196, 197, 198, 199, 201, 202, 212, 213, 223, 224, 234, 235, 245, 247, 267, 268, 271, 272, 273, 275, 276, 278, 279, 280, 284, 285, 286, 287, 289, 290, 291, 292, 304, 305, 306, 307, 308, 310, 330, 331, 332, 333, 334, 335, 336, 344, 346, 347, 348, 349, 350, 351, 352, 353, 354, 355, 356, 358, 359, 360, 361, 366, 367, 372, 373, 375, 383, 384, 385, 391, 392, 393, 394, 395, 396, 397, 398, 399, 400, 410, 412, 424, 425, 426, 427, 428, 430, 431, 432, 433, 435, 446, 447, 448, 450, 476, 483, 484, 487, 490, 491, 492, 495, 496, 497, 501, 502, 503, 504, 505, 506, 514, 518, 536, 537, 539, 540, 541, 542, 543, 544, 549, 550, 551, 552, 553, 554, 555, 556, 557, 558, 569, 570, 575, 576, 578, 595, 596, 597, 598, 599, 600, 601, 602, 603, 605, 615, 616, 617, 618, 620, 621, 622, 624, 643, 644, 645, 646, 647, 649, 650, 651, 652, 653, 654, 655, 656, 657, 658, 660, 663, 664, 665, 666, 667, 668, 670, 682, 683, 684, 685, 686, 687, 688, 700, 701, 711, 712, 716, 727, 728, 729, 730, 731, 732, 743, 747, 748, 749, 750, 751, 752, 756, 760, 761, 762, 763, 765, 769, 771, 775, 777, 781, 782, 783, 785, 789, 790, 791, 792, 793, 794, 795, 796, 798, 809, 810, 814, 815, 816, 818, 820, 822, 823, 826, 827, 828, 830, 831, 832, 834, 836, 840, 841, 842, 843, 844, 846, 847, 848, 849, 850, 851, 852, 854, 855, 856, 857, 860, 861, 862, 863, 864, 867, 868, 869, 873, 874, 875, 876, 877, 878, 879, 880, 881, 882, 883, 884, 885, 887, 888, 890, 891, 892, 894, 895, 896, 897, 898, 900, 903, 904, 906, 911, 913, 914, 915, 917, 918, 920, 921, 923, 924, 925, 927, 931, 934, 935, 936, 937, 938, 940, 941, 943, 944, 945, 946, 947, 948, 949, 950, 951, 952, 956, 957, 958, 960, 961, 962, 963, 964, 966, 967, 971, 972, 973, 974, 975, 976, 977, 979, 980, 984, 985, 986, 988, 990, 997, 998, 1000, 1013, 1020, 1021, 1022, 1023, 1024, 1025, 1026, 1027, 1030, 1032, 1040, 1041, 1042, 1044, 1046, 1048, 1049, 1050, 1051, 1053, 1055, 1057, 1067, 1074, 1076, 1078, 1088, 1090, 1092, 1094, 1108, 1110, 1112, 1113, 1114, 1118, 1129, 1131, 1132, 1137, 1138, 1139, 1144, 1145, 1149, 1154, 1159, 1160, 1161, 1162, 1163, 1164, 1165, 1166, 1167, 1168, 1169, 1170, 1174, 1180, 1181, 1182, 1183, 1184, 1185, 1186, 1192, 1193, 1194, 1195, 1196, 1197, 1203, 1209, 1214, 1215, 1220, 1221, 1222, 1227, 1232, 1234, 1235, 1236, 1237, 1238, 1246, 1247, 1248, 1249, 1252, 1281, 1287, 1290, 1291, 1292, 1293, 1302, 1312], "summary": {"covered_lines": 530, "num_statements": 530, "percent_covered": 100.0, "percent_covered_display": "100", "missing_lines": 0, "excluded_lines": 110, "percent_statements_covered": 100.0, "percent_statements_covered_display": "100"}, "missing_lines": [], "excluded_lines": [169, 269, 281, 282, 288, 362, 363, 364, 365, 376, 377, 378, 379, 380, 381, 401, 402, 403, 404, 405, 406, 407, 408, 451, 452, 453, 454, 455, 456, 461, 464, 465, 468, 469, 472, 473, 474, 478, 479, 480, 481, 485, 488, 493, 499, 508, 516, 545, 546, 547, 559, 560, 561, 562, 563, 564, 565, 566, 567, 568, 571, 574, 619, 648, 661, 689, 690, 691, 692, 693, 694, 695, 696, 697, 698, 713, 714, 733, 734, 735, 736, 737, 740, 741, 753, 754, 811, 812, 824, 866, 871, 893, 932, 953, 954, 1010, 1011, 1028, 1029, 1069, 1071, 1072, 1096, 1098, 1099, 1105, 1106, 1250, 1288, 1313], "functions": {"ContractLoader.__init__": {"executed_lines": [42, 43, 45, 46, 50, 51, 52], "summary": {"covered_lines": 7, "num_statements": 7, "percent_covered": 100.0, "percent_covered_display": "100", "missing_lines": 0, "excluded_lines": 0, "percent_statements_covered": 100.0, "percent_statements_covered_display": "100"}, "missing_lines": [], "excluded_lines": [], "start_line": 41}, "ContractLoader.load": {"executed_lines": [64, 65, 66, 67, 68, 69], "summary": {"covered_lines": 6, "num_statements": 6, "percent_covered": 100.0, "percent_covered_display": "100", "missing_lines": 0, "excluded_lines": 0, "percent_statements_covered": 100.0, "percent_statements_covered_display": "100"}, "missing_lines": [], "excluded_lines": [], "start_line": 54}, "PipelineDriver.__init__": {"executed_lines": [118, 119, 120, 121, 122, 123, 124, 125, 126, 127, 128, 129, 130, 131, 132, 133, 134, 135, 136, 137, 138, 139, 140, 141, 142, 143, 144, 145, 146, 147, 148, 149, 150, 151, 152, 168, 170], "summary": {"covered_lines": 37, "num_statements": 37, "percent_covered": 100.0, "percent_covered_display": "100", "missing_lines": 0, "excluded_lines": 1, "percent_statements_covered": 100.0, "percent_statements_covered_display": "100"}, "missing_lines": [], "excluded_lines": [169], "start_line": 79}, "PipelineDriver.run": {"executed_lines": [193, 196, 197, 198, 199, 201, 202, 212, 213, 223, 224, 234, 235, 245], "summary": {"covered_lines": 14, "num_statements": 14, "percent_covered": 100.0, "percent_covered_display": "100", "missing_lines": 0, "excluded_lines": 0, "percent_statements_covered": 100.0, "percent_statements_covered_display": "100"}, "missing_lines": [], "excluded_lines": [], "start_line": 172}, "PipelineDriver._run_layer": {"executed_lines": [267, 268, 271, 272, 273, 275, 276, 278, 279, 280, 284, 285, 286, 287, 289, 290, 291, 292, 304, 305, 306, 307, 308], "summary": {"covered_lines": 23, "num_statements": 23, "percent_covered": 100.0, "percent_covered_display": "100", "missing_lines": 0, "excluded_lines": 4, "percent_statements_covered": 100.0, "percent_statements_covered_display": "100"}, "missing_lines": [], "excluded_lines": [269, 281, 282, 288], "start_line": 247}, "PipelineDriver._run_contract": {"executed_lines": [330, 331, 332, 333, 334, 335, 336, 344, 346, 347, 348, 349, 350, 351, 352, 353, 354, 355, 356, 358, 359, 360, 361, 366, 367, 372, 373, 375, 383, 384, 385, 391, 392, 393, 394, 395, 396, 397, 398, 399, 400, 410], "summary": {"covered_lines": 42, "num_statements": 42, "percent_covered": 100.0, "percent_covered_display": "100", "missing_lines": 0, "excluded_lines": 18, "percent_statements_covered": 100.0, "percent_statements_covered_display": "100"}, "missing_lines": [], "excluded_lines": [362, 363, 364, 365, 376, 377, 378, 379, 380, 381, 401, 402, 403, 404, 405, 406, 407, 408], "start_line": 310}, "PipelineDriver._prepare_contract_for_stage": {"executed_lines": [424, 425, 426, 427, 428, 430, 431, 432, 433], "summary": {"covered_lines": 9, "num_statements": 9, "percent_covered": 100.0, "percent_covered_display": "100", "missing_lines": 0, "excluded_lines": 0, "percent_statements_covered": 100.0, "percent_statements_covered_display": "100"}, "missing_lines": [], "excluded_lines": [], "start_line": 412}, "PipelineDriver._resolve_sources": {"executed_lines": [446, 447, 448, 450, 476, 483, 484, 487, 490, 491, 492, 495, 496, 497, 501, 502, 503, 504, 505, 506, 514], "summary": {"covered_lines": 21, "num_statements": 21, "percent_covered": 100.0, "percent_covered_display": "100", "missing_lines": 0, "excluded_lines": 24, "percent_statements_covered": 100.0, "percent_statements_covered_display": "100"}, "missing_lines": [], "excluded_lines": [451, 452, 453, 454, 455, 456, 461, 464, 465, 468, 469, 472, 473, 474, 478, 479, 480, 481, 485, 488, 493, 499, 508, 516], "start_line": 435}, "PipelineDriver._upstreams_fresh": {"executed_lines": [536, 537, 539, 540, 541, 542, 543, 544, 549, 550, 551, 552, 553, 554, 555, 556, 557, 558, 569, 570, 575, 576], "summary": {"covered_lines": 22, "num_statements": 22, "percent_covered": 100.0, "percent_covered_display": "100", "missing_lines": 0, "excluded_lines": 15, "percent_statements_covered": 100.0, "percent_statements_covered_display": "100"}, "missing_lines": [], "excluded_lines": [545, 546, 547, 559, 560, 561, 562, 563, 564, 565, 566, 567, 568, 571, 574], "start_line": 518}, "PipelineDriver._build_index": {"executed_lines": [595, 596, 597, 598, 599, 600, 601, 602, 603], "summary": {"covered_lines": 9, "num_statements": 9, "percent_covered": 100.0, "percent_covered_display": "100", "missing_lines": 0, "excluded_lines": 0, "percent_statements_covered": 100.0, "percent_statements_covered_display": "100"}, "missing_lines": [], "excluded_lines": [], "start_line": 578}, "PipelineDriver._build_graph": {"executed_lines": [615, 616, 617, 618, 620, 621, 622], "summary": {"covered_lines": 7, "num_statements": 7, "percent_covered": 100.0, "percent_covered_display": "100", "missing_lines": 0, "excluded_lines": 1, "percent_statements_covered": 100.0, "percent_statements_covered_display": "100"}, "missing_lines": [], "excluded_lines": [619], "start_line": 605}, "PipelineDriver._load_registry": {"executed_lines": [643, 644, 645, 646, 647, 649, 650, 651, 652, 653, 654, 655, 656, 657, 658, 660, 663, 664, 665, 666, 667, 668], "summary": {"covered_lines": 22, "num_statements": 22, "percent_covered": 100.0, "percent_covered_display": "100", "missing_lines": 0, "excluded_lines": 2, "percent_statements_covered": 100.0, "percent_statements_covered_display": "100"}, "missing_lines": [], "excluded_lines": [648, 661], "start_line": 624}, "PipelineDriver._file_in_window": {"executed_lines": [682, 683, 684, 685, 686, 687, 688], "summary": {"covered_lines": 7, "num_statements": 7, "percent_covered": 100.0, "percent_covered_display": "100", "missing_lines": 0, "excluded_lines": 10, "percent_statements_covered": 100.0, "percent_statements_covered_display": "100"}, "missing_lines": [], "excluded_lines": [689, 690, 691, 692, 693, 694, 695, 696, 697, 698], "start_line": 670}, "PipelineDriver._resolve_max_workers": {"executed_lines": [711, 712], "summary": {"covered_lines": 2, "num_statements": 2, "percent_covered": 100.0, "percent_covered_display": "100", "missing_lines": 0, "excluded_lines": 2, "percent_statements_covered": 100.0, "percent_statements_covered_display": "100"}, "missing_lines": [], "excluded_lines": [713, 714], "start_line": 701}, "PipelineDriver._execute_with_retries": {"executed_lines": [727, 728, 729, 730, 731, 732], "summary": {"covered_lines": 6, "num_statements": 6, "percent_covered": 100.0, "percent_covered_display": "100", "missing_lines": 0, "excluded_lines": 7, "percent_statements_covered": 100.0, "percent_statements_covered_display": "100"}, "missing_lines": [], "excluded_lines": [733, 734, 735, 736, 737, 740, 741], "start_line": 716}, "PipelineDriver._load_state": {"executed_lines": [747, 748, 749, 750, 751, 752], "summary": {"covered_lines": 6, "num_statements": 6, "percent_covered": 100.0, "percent_covered_display": "100", "missing_lines": 0, "excluded_lines": 2, "percent_statements_covered": 100.0, "percent_statements_covered_display": "100"}, "missing_lines": [], "excluded_lines": [753, 754], "start_line": 743}, "PipelineDriver._save_state": {"executed_lines": [760, 761, 762, 763], "summary": {"covered_lines": 4, "num_statements": 4, "percent_covered": 100.0, "percent_covered_display": "100", "missing_lines": 0, "excluded_lines": 0, "percent_statements_covered": 100.0, "percent_statements_covered_display": "100"}, "missing_lines": [], "excluded_lines": [], "start_line": 756}, "PipelineDriver._state_key": {"executed_lines": [769], "summary": {"covered_lines": 1, "num_statements": 1, "percent_covered": 100.0, "percent_covered_display": "100", "missing_lines": 0, "excluded_lines": 0, "percent_statements_covered": 100.0, "percent_statements_covered_display": "100"}, "missing_lines": [], "excluded_lines": [], "start_line": 765}, "PipelineDriver._state_completed": {"executed_lines": [775], "summary": {"covered_lines": 1, "num_statements": 1, "percent_covered": 100.0, "percent_covered_display": "100", "missing_lines": 0, "excluded_lines": 0, "percent_statements_covered": 100.0, "percent_statements_covered_display": "100"}, "missing_lines": [], "excluded_lines": [], "start_line": 771}, "PipelineDriver._state_mark_completed": {"executed_lines": [781, 782, 783], "summary": {"covered_lines": 3, "num_statements": 3, "percent_covered": 100.0, "percent_covered_display": "100", "missing_lines": 0, "excluded_lines": 0, "percent_statements_covered": 100.0, "percent_statements_covered_display": "100"}, "missing_lines": [], "excluded_lines": [], "start_line": 777}, "PipelineDriver._apply_overrides": {"executed_lines": [789, 790, 791, 792, 793, 794, 795, 796], "summary": {"covered_lines": 8, "num_statements": 8, "percent_covered": 100.0, "percent_covered_display": "100", "missing_lines": 0, "excluded_lines": 0, "percent_statements_covered": 100.0, "percent_statements_covered_display": "100"}, "missing_lines": [], "excluded_lines": [], "start_line": 785}, "PipelineDriver._apply_cloud_config": {"executed_lines": [809, 810, 814, 815, 816, 818, 820, 826, 827, 828, 830, 831, 832, 834], "summary": {"covered_lines": 14, "num_statements": 14, "percent_covered": 100.0, "percent_covered_display": "100", "missing_lines": 0, "excluded_lines": 2, "percent_statements_covered": 100.0, "percent_statements_covered_display": "100"}, "missing_lines": [], "excluded_lines": [811, 812], "start_line": 798}, "PipelineDriver._apply_cloud_config._resolve_env": {"executed_lines": [822, 823], "summary": {"covered_lines": 2, "num_statements": 2, "percent_covered": 100.0, "percent_covered_display": "100", "missing_lines": 0, "excluded_lines": 1, "percent_statements_covered": 100.0, "percent_statements_covered_display": "100"}, "missing_lines": [], "excluded_lines": [824], "start_line": 820}, "PipelineDriver._apply_policy_pack": {"executed_lines": [840, 841, 842, 843, 844, 846, 847, 848, 849, 850, 851, 852, 854, 855, 856, 857, 860, 861, 862, 863, 864, 867, 868, 869, 873, 874, 875, 876, 877, 878, 879, 880, 881, 882, 883, 884, 885, 887, 890, 903, 904, 906, 911, 913, 914, 915, 917, 918, 920, 921, 923, 924, 925], "summary": {"covered_lines": 53, "num_statements": 53, "percent_covered": 100.0, "percent_covered_display": "100", "missing_lines": 0, "excluded_lines": 2, "percent_statements_covered": 100.0, "percent_statements_covered_display": "100"}, "missing_lines": [], "excluded_lines": [866, 871], "start_line": 836}, "PipelineDriver._apply_policy_pack._normalize_steps": {"executed_lines": [888], "summary": {"covered_lines": 1, "num_statements": 1, "percent_covered": 100.0, "percent_covered_display": "100", "missing_lines": 0, "excluded_lines": 0, "percent_statements_covered": 100.0, "percent_statements_covered_display": "100"}, "missing_lines": [], "excluded_lines": [], "start_line": 887}, "PipelineDriver._apply_policy_pack._merge_steps": {"executed_lines": [891, 892, 894, 895, 896, 897, 898, 900], "summary": {"covered_lines": 8, "num_statements": 8, "percent_covered": 100.0, "percent_covered_display": "100", "missing_lines": 0, "excluded_lines": 1, "percent_statements_covered": 100.0, "percent_statements_covered_display": "100"}, "missing_lines": [], "excluded_lines": [893], "start_line": 890}, "PipelineDriver._evaluate_approvals": {"executed_lines": [931, 934, 935, 936, 937, 938, 940, 941, 943, 944, 945, 946, 947, 948, 949, 950, 951, 952, 956, 957, 958, 960, 961, 962, 963, 964], "summary": {"covered_lines": 26, "num_statements": 26, "percent_covered": 100.0, "percent_covered_display": "100", "missing_lines": 0, "excluded_lines": 3, "percent_statements_covered": 100.0, "percent_statements_covered_display": "100"}, "missing_lines": [], "excluded_lines": [932, 953, 954], "start_line": 927}, "PipelineDriver._set_nested_value": {"executed_lines": [971, 972, 973, 974, 975, 976, 977], "summary": {"covered_lines": 7, "num_statements": 7, "percent_covered": 100.0, "percent_covered_display": "100", "missing_lines": 0, "excluded_lines": 0, "percent_statements_covered": 100.0, "percent_statements_covered_display": "100"}, "missing_lines": [], "excluded_lines": [], "start_line": 967}, "PipelineDriver._deep_merge": {"executed_lines": [984, 985, 986, 988], "summary": {"covered_lines": 4, "num_statements": 4, "percent_covered": 100.0, "percent_covered_display": "100", "missing_lines": 0, "excluded_lines": 0, "percent_statements_covered": 100.0, "percent_statements_covered_display": "100"}, "missing_lines": [], "excluded_lines": [], "start_line": 980}, "PipelineDriver._record_success": {"executed_lines": [997, 998], "summary": {"covered_lines": 2, "num_statements": 2, "percent_covered": 100.0, "percent_covered_display": "100", "missing_lines": 0, "excluded_lines": 0, "percent_statements_covered": 100.0, "percent_statements_covered_display": "100"}, "missing_lines": [], "excluded_lines": [], "start_line": 990}, "PipelineDriver._get_last_success": {"executed_lines": [], "summary": {"covered_lines": 0, "num_statements": 0, "percent_covered": 100.0, "percent_covered_display": "100", "missing_lines": 0, "excluded_lines": 2, "percent_statements_covered": 100.0, "percent_statements_covered_display": "100"}, "missing_lines": [], "excluded_lines": [1010, 1011], "start_line": 1000}, "PipelineDriver._record_run": {"executed_lines": [1020, 1021, 1022, 1023, 1024, 1025, 1026, 1027, 1030], "summary": {"covered_lines": 9, "num_statements": 9, "percent_covered": 100.0, "percent_covered_display": "100", "missing_lines": 0, "excluded_lines": 2, "percent_statements_covered": 100.0, "percent_statements_covered_display": "100"}, "missing_lines": [], "excluded_lines": [1028, 1029], "start_line": 1013}, "PipelineDriver._increment_metric": {"executed_lines": [1040, 1041, 1042], "summary": {"covered_lines": 3, "num_statements": 3, "percent_covered": 100.0, "percent_covered_display": "100", "missing_lines": 0, "excluded_lines": 0, "percent_statements_covered": 100.0, "percent_statements_covered_display": "100"}, "missing_lines": [], "excluded_lines": [], "start_line": 1032}, "PipelineDriver._finalize_summary": {"executed_lines": [1046, 1048, 1049, 1050, 1051], "summary": {"covered_lines": 5, "num_statements": 5, "percent_covered": 100.0, "percent_covered_display": "100", "missing_lines": 0, "excluded_lines": 0, "percent_statements_covered": 100.0, "percent_statements_covered_display": "100"}, "missing_lines": [], "excluded_lines": [], "start_line": 1044}, "PipelineDriver._write_summary_table": {"executed_lines": [1055, 1057], "summary": {"covered_lines": 2, "num_statements": 2, "percent_covered": 100.0, "percent_covered_display": "100", "missing_lines": 0, "excluded_lines": 0, "percent_statements_covered": 100.0, "percent_statements_covered_display": "100"}, "missing_lines": [], "excluded_lines": [], "start_line": 1053}, "PipelineDriver._flatten_summary": {"executed_lines": [], "summary": {"covered_lines": 0, "num_statements": 0, "percent_covered": 100.0, "percent_covered_display": "100", "missing_lines": 0, "excluded_lines": 3, "percent_statements_covered": 100.0, "percent_statements_covered_display": "100"}, "missing_lines": [], "excluded_lines": [1069, 1071, 1072], "start_line": 1067}, "PipelineDriver._emit_metrics": {"executed_lines": [1076, 1078], "summary": {"covered_lines": 2, "num_statements": 2, "percent_covered": 100.0, "percent_covered_display": "100", "missing_lines": 0, "excluded_lines": 0, "percent_statements_covered": 100.0, "percent_statements_covered_display": "100"}, "missing_lines": [], "excluded_lines": [], "start_line": 1074}, "PipelineDriver._format_prometheus": {"executed_lines": [1090, 1092], "summary": {"covered_lines": 2, "num_statements": 2, "percent_covered": 100.0, "percent_covered_display": "100", "missing_lines": 0, "excluded_lines": 0, "percent_statements_covered": 100.0, "percent_statements_covered_display": "100"}, "missing_lines": [], "excluded_lines": [], "start_line": 1088}, "PipelineDriver._start_prometheus_server": {"executed_lines": [], "summary": {"covered_lines": 0, "num_statements": 0, "percent_covered": 100.0, "percent_covered_display": "100", "missing_lines": 0, "excluded_lines": 5, "percent_statements_covered": 100.0, "percent_statements_covered_display": "100"}, "missing_lines": [], "excluded_lines": [1096, 1098, 1099, 1105, 1106], "start_line": 1094}, "PipelineDriver._stop_prometheus_server": {"executed_lines": [1110, 1112, 1113, 1114], "summary": {"covered_lines": 4, "num_statements": 4, "percent_covered": 100.0, "percent_covered_display": "100", "missing_lines": 0, "excluded_lines": 0, "percent_statements_covered": 100.0, "percent_statements_covered_display": "100"}, "missing_lines": [], "excluded_lines": [], "start_line": 1108}, "main": {"executed_lines": [1131, 1132, 1137, 1138, 1139, 1144, 1145, 1149, 1154, 1159, 1160, 1161, 1162, 1163, 1164, 1165, 1166, 1167, 1168, 1169, 1170, 1174, 1180, 1181, 1182, 1183, 1184, 1185, 1186, 1192, 1193, 1194, 1195, 1196, 1197, 1203, 1209, 1214, 1215, 1220, 1221, 1222, 1227, 1232, 1234, 1235, 1236, 1237, 1238, 1246, 1247, 1248, 1249, 1252, 1281, 1287, 1290, 1291, 1292, 1293, 1302], "summary": {"covered_lines": 61, "num_statements": 61, "percent_covered": 100.0, "percent_covered_display": "100", "missing_lines": 0, "excluded_lines": 2, "percent_statements_covered": 100.0, "percent_statements_covered_display": "100"}, "missing_lines": [], "excluded_lines": [1250, 1288], "start_line": 1129}, "": {"executed_lines": [8, 9, 10, 11, 12, 13, 14, 15, 16, 17, 18, 19, 20, 22, 24, 25, 26, 29, 30, 33, 34, 35, 38, 41, 54, 73, 76, 79, 172, 247, 310, 412, 435, 518, 578, 605, 624, 670, 700, 701, 716, 743, 756, 765, 771, 777, 785, 798, 836, 927, 966, 967, 979, 980, 990, 1000, 1013, 1032, 1044, 1053, 1067, 1074, 1088, 1094, 1108, 1118, 1129, 1312], "summary": {"covered_lines": 68, "num_statements": 68, "percent_covered": 100.0, "percent_covered_display": "100", "missing_lines": 0, "excluded_lines": 1, "percent_statements_covered": 100.0, "percent_statements_covered_display": "100"}, "missing_lines": [], "excluded_lines": [1313], "start_line": 1}}, "classes": {"Window": {"executed_lines": [], "summary": {"covered_lines": 0, "num_statements": 0, "percent_covered": 100.0, "percent_covered_display": "100", "missing_lines": 0, "excluded_lines": 0, "percent_statements_covered": 100.0, "percent_statements_covered_display": "100"}, "missing_lines": [], "excluded_lines": [], "start_line": 30}, "ContractLoader": {"executed_lines": [42, 43, 45, 46, 50, 51, 52, 64, 65, 66, 67, 68, 69], "summary": {"covered_lines": 13, "num_statements": 13, "percent_covered": 100.0, "percent_covered_display": "100", "missing_lines": 0, "excluded_lines": 0, "percent_statements_covered": 100.0, "percent_statements_covered_display": "100"}, "missing_lines": [], "excluded_lines": [], "start_line": 38}, "ContractLoader.__init__.Loader": {"executed_lines": [], "summary": {"covered_lines": 0, "num_statements": 0, "percent_covered": 100.0, "percent_covered_display": "100", "missing_lines": 0, "excluded_lines": 0, "percent_statements_covered": 100.0, "percent_statements_covered_display": "100"}, "missing_lines": [], "excluded_lines": [], "start_line": 42}, "PipelineDriver": {"executed_lines": [118, 119, 120, 121, 122, 123, 124, 125, 126, 127, 128, 129, 130, 131, 132, 133, 134, 135, 136, 137, 138, 139, 140, 141, 142, 143, 144, 145, 146, 147, 148, 149, 150, 151, 152, 168, 170, 193, 196, 197, 198, 199, 201, 202, 212, 213, 223, 224, 234, 235, 245, 267, 268, 271, 272, 273, 275, 276, 278, 279, 280, 284, 285, 286, 287, 289, 290, 291, 292, 304, 305, 306, 307, 308, 330, 331, 332, 333, 334, 335, 336, 344, 346, 347, 348, 349, 350, 351, 352, 353, 354, 355, 356, 358, 359, 360, 361, 366, 367, 372, 373, 375, 383, 384, 385, 391, 392, 393, 394, 395, 396, 397, 398, 399, 400, 410, 424, 425, 426, 427, 428, 430, 431, 432, 433, 446, 447, 448, 450, 476, 483, 484, 487, 490, 491, 492, 495, 496, 497, 501, 502, 503, 504, 505, 506, 514, 536, 537, 539, 540, 541, 542, 543, 544, 549, 550, 551, 552, 553, 554, 555, 556, 557, 558, 569, 570, 575, 576, 595, 596, 597, 598, 599, 600, 601, 602, 603, 615, 616, 617, 618, 620, 621, 622, 643, 644, 645, 646, 647, 649, 650, 651, 652, 653, 654, 655, 656, 657, 658, 660, 663, 664, 665, 666, 667, 668, 682, 683, 684, 685, 686, 687, 688, 711, 712, 727, 728, 729, 730, 731, 732, 747, 748, 749, 750, 751, 752, 760, 761, 762, 763, 769, 775, 781, 782, 783, 789, 790, 791, 792, 793, 794, 795, 796, 809, 810, 814, 815, 816, 818, 820, 822, 823, 826, 827, 828, 830, 831, 832, 834, 840, 841, 842, 843, 844, 846, 847, 848, 849, 850, 851, 852, 854, 855, 856, 857, 860, 861, 862, 863, 864, 867, 868, 869, 873, 874, 875, 876, 877, 878, 879, 880, 881, 882, 883, 884, 885, 887, 888, 890, 891, 892, 894, 895, 896, 897, 898, 900, 903, 904, 906, 911, 913, 914, 915, 917, 918, 920, 921, 923, 924, 925, 931, 934, 935, 936, 937, 938, 940, 941, 943, 944, 945, 946, 947, 948, 949, 950, 951, 952, 956, 957, 958, 960, 961, 962, 963, 964, 971, 972, 973, 974, 975, 976, 977, 984, 985, 986, 988, 997, 998, 1020, 1021, 1022, 1023, 1024, 1025, 1026, 1027, 1030, 1040, 1041, 1042, 1046, 1048, 1049, 1050, 1051, 1055, 1057, 1076, 1078, 1090, 1092, 1110, 1112, 1113, 1114], "summary": {"covered_lines": 388, "num_statements": 388, "percent_covered": 100.0, "percent_covered_display": "100", "missing_lines": 0, "excluded_lines": 107, "percent_statements_covered": 100.0, "percent_statements_covered_display": "100"}, "missing_lines": [], "excluded_lines": [169, 269, 281, 282, 288, 362, 363, 364, 365, 376, 377, 378, 379, 380, 381, 401, 402, 403, 404, 405, 406, 407, 408, 451, 452, 453, 454, 455, 456, 461, 464, 465, 468, 469, 472, 473, 474, 478, 479, 480, 481, 485, 488, 493, 499, 508, 516, 545, 546, 547, 559, 560, 561, 562, 563, 564, 565, 566, 567, 568, 571, 574, 619, 648, 661, 689, 690, 691, 692, 693, 694, 695, 696, 697, 698, 713, 714, 733, 734, 735, 736, 737, 740, 741, 753, 754, 811, 812, 824, 866, 871, 893, 932, 953, 954, 1010, 1011, 1028, 1029, 1069, 1071, 1072, 1096, 1098, 1099, 1105, 1106], "start_line": 76}, "": {"executed_lines": [8, 9, 10, 11, 12, 13, 14, 15, 16, 17, 18, 19, 20, 22, 24, 25, 26, 29, 30, 33, 34, 35, 38, 41, 54, 73, 76, 79, 172, 247, 310, 412, 435, 518, 578, 605, 624, 670, 700, 701, 716, 743, 756, 765, 771, 777, 785, 798, 836, 927, 966, 967, 979, 980, 990, 1000, 1013, 1032, 1044, 1053, 1067, 1074, 1088, 1094, 1108, 1118, 1129, 1131, 1132, 1137, 1138, 1139, 1144, 1145, 1149, 1154, 1159, 1160, 1161, 1162, 1163, 1164, 1165, 1166, 1167, 1168, 1169, 1170, 1174, 1180, 1181, 1182, 1183, 1184, 1185, 1186, 1192, 1193, 1194, 1195, 1196, 1197, 1203, 1209, 1214, 1215, 1220, 1221, 1222, 1227, 1232, 1234, 1235, 1236, 1237, 1238, 1246, 1247, 1248, 1249, 1252, 1281, 1287, 1290, 1291, 1292, 1293, 1302, 1312], "summary": {"covered_lines": 129, "num_statements": 129, "percent_covered": 100.0, "percent_covered_display": "100", "missing_lines": 0, "excluded_lines": 3, "percent_statements_covered": 100.0, "percent_statements_covered_display": "100"}, "missing_lines": [], "excluded_lines": [1250, 1288, 1313], "start_line": 1}}}, "lakelogic\\cli\\main.py": {"executed_lines": [1, 8, 9, 10, 11, 16, 17, 18, 19, 20, 21, 22, 24, 25, 26, 28, 42, 43, 46, 47, 99, 110, 115, 116, 117, 118, 121, 131, 138, 139, 140, 145, 147, 148, 149, 154, 159, 160, 161, 163, 188, 195, 196, 197, 198, 200, 201, 202, 203, 205, 206, 208, 209, 212, 213, 214, 215, 217, 218, 219, 220, 227, 229, 231, 232, 233, 234, 236, 237, 238, 240, 241, 242, 244, 245, 246, 248, 249, 250, 251, 252, 253, 254, 255, 256, 257, 258, 260, 261, 263, 264, 265, 266, 269, 270, 294, 295, 298, 299, 300, 304, 406, 407, 411, 414, 415, 417, 420, 421, 424, 425, 426, 427, 428, 429, 431, 435, 438, 439, 492, 493, 495, 496, 497, 498, 499, 500, 501, 502, 503, 504, 506, 507, 508, 510, 511, 513, 514, 515, 516, 517, 518, 519, 523, 530, 531, 532, 533, 536, 537, 538, 540, 541, 543, 544, 545, 546, 547, 548, 549, 552, 553, 554, 559, 560, 562, 563, 564, 570, 571, 572, 573, 574, 575, 576, 577, 580, 581, 582, 584, 585, 586, 588, 589, 590, 591, 595, 638, 691, 692, 693, 694, 695, 696, 697, 698, 701, 720, 722, 723, 724, 725, 726, 727, 728, 729, 730, 731, 733, 734, 735, 736, 737, 738, 739, 741, 742, 746, 747, 748, 749, 750, 751, 752, 753, 754, 755, 757, 758, 759, 760, 761, 762, 763, 764, 765, 766, 767, 768, 769, 770, 771, 773, 774, 776, 777, 778, 779, 780, 781, 782, 783, 784, 785, 786, 790, 791, 797, 798, 800, 801, 802, 803, 804, 805, 806, 808, 844, 845, 847, 848, 849, 850, 851, 854, 855, 856, 858, 864, 865, 867, 871, 879, 887, 888, 889, 890, 891, 893, 896, 897, 898, 899, 900, 901, 902, 903, 905, 908, 963, 965, 966, 967, 969, 974, 975, 978, 979, 983, 994, 1003, 1013, 1016, 1017, 1020, 1021, 1022, 1026, 1027, 1061, 1063, 1064, 1065, 1067, 1071, 1072, 1073, 1074, 1076, 1077, 1078, 1079, 1081, 1082, 1083, 1092, 1093, 1094, 1102, 1103, 1104, 1105, 1106, 1107, 1108, 1109, 1110, 1111, 1112, 1113, 1114, 1116, 1117, 1118, 1119, 1122, 1124, 1125, 1128, 1129, 1130, 1131, 1132, 1135, 1136, 1137, 1158, 1159, 1189, 1191, 1192, 1193, 1195, 1196, 1198, 1199, 1200, 1202, 1203, 1204, 1205, 1206, 1207, 1208, 1209, 1212, 1213, 1214, 1215, 1216, 1217, 1218, 1219, 1220, 1221, 1222, 1223, 1226, 1236, 1238, 1239, 1247, 1251, 1258, 1259, 1261, 1263, 1264, 1265, 1271, 1272, 1322, 1324, 1325, 1326, 1327, 1328, 1331, 1332, 1333, 1334, 1335, 1337, 1339, 1341, 1343, 1344, 1345, 1346, 1349, 1350, 1351, 1352, 1356, 1357, 1358, 1359, 1360, 1361, 1362, 1363, 1365, 1366, 1367, 1372, 1374, 1375, 1383, 1392, 1394, 1395, 1397, 1398, 1399, 1400, 1402, 1403, 1404, 1405, 1407, 1409, 1410, 1412, 1413, 1414, 1416, 1417, 1418, 1419, 1422, 1423, 1434, 1436, 1437, 1439, 1443, 1444, 1447, 1448, 1449, 1450, 1451, 1452, 1453, 1455, 1457, 1458, 1459, 1460, 1461, 1463, 1464, 1465, 1468, 1475, 1476, 1477, 1478, 1479, 1480, 1481, 1486, 1489, 1503, 1504, 1505, 1506, 1507, 1508, 1509, 1511, 1512, 1514, 1517, 1524, 1525, 1526, 1527, 1528, 1532, 1533, 1535, 1538, 1544, 1545, 1546, 1547, 1548, 1552, 1553, 1555, 1556, 1559, 1560, 1659], "summary": {"covered_lines": 535, "num_statements": 647, "percent_covered": 82.68933539412674, "percent_covered_display": "83", "missing_lines": 112, "excluded_lines": 123, "percent_statements_covered": 82.68933539412674, "percent_statements_covered_display": "83"}, "missing_lines": [306, 307, 308, 309, 311, 313, 314, 316, 317, 318, 321, 322, 323, 324, 325, 328, 329, 331, 332, 333, 334, 335, 336, 338, 339, 340, 341, 343, 344, 345, 347, 350, 351, 353, 354, 356, 357, 359, 360, 361, 362, 363, 367, 369, 370, 371, 372, 373, 374, 375, 377, 378, 379, 380, 381, 382, 383, 384, 385, 386, 388, 389, 390, 391, 393, 394, 396, 397, 398, 400, 401, 402, 403, 1462, 1590, 1592, 1593, 1594, 1595, 1596, 1604, 1608, 1610, 1612, 1615, 1616, 1617, 1618, 1620, 1621, 1622, 1623, 1626, 1627, 1628, 1629, 1630, 1633, 1634, 1636, 1643, 1644, 1645, 1646, 1647, 1648, 1649, 1651, 1652, 1654, 1655, 1656], "excluded_lines": [12, 13, 111, 112, 113, 114, 119, 132, 133, 134, 135, 136, 141, 142, 143, 144, 150, 151, 152, 153, 156, 165, 166, 167, 168, 169, 170, 171, 172, 173, 174, 175, 176, 177, 178, 179, 180, 181, 182, 183, 184, 185, 186, 222, 223, 224, 432, 433, 521, 534, 550, 555, 556, 565, 566, 578, 579, 592, 702, 703, 704, 705, 706, 707, 708, 709, 710, 711, 712, 713, 714, 715, 716, 717, 718, 719, 743, 744, 775, 792, 793, 794, 795, 872, 873, 874, 875, 876, 877, 1014, 1015, 1018, 1019, 1023, 1068, 1069, 1121, 1146, 1147, 1148, 1149, 1152, 1153, 1154, 1155, 1227, 1233, 1248, 1249, 1267, 1268, 1368, 1370, 1371, 1440, 1441, 1483, 1484, 1529, 1530, 1549, 1550, 1660], "functions": {"run": {"executed_lines": [99, 121, 159, 160, 161, 163, 188, 195, 196, 197, 198, 200, 201, 202, 203, 205, 206, 208, 209, 212, 213, 214, 215, 217, 218, 219, 220], "summary": {"covered_lines": 27, "num_statements": 27, "percent_covered": 100.0, "percent_covered_display": "100", "missing_lines": 0, "excluded_lines": 3, "percent_statements_covered": 100.0, "percent_statements_covered_display": "100"}, "missing_lines": [], "excluded_lines": [222, 223, 224], "start_line": 47}, "run._resolve_output_format": {"executed_lines": [110, 115, 116, 117, 118], "summary": {"covered_lines": 5, "num_statements": 5, "percent_covered": 100.0, "percent_covered_display": "100", "missing_lines": 0, "excluded_lines": 5, "percent_statements_covered": 100.0, "percent_statements_covered_display": "100"}, "missing_lines": [], "excluded_lines": [111, 112, 113, 114, 119], "start_line": 99}, "run._write_output": {"executed_lines": [131, 138, 139, 140, 145, 147, 148, 149, 154], "summary": {"covered_lines": 9, "num_statements": 9, "percent_covered": 100.0, "percent_covered_display": "100", "missing_lines": 0, "excluded_lines": 14, "percent_statements_covered": 100.0, "percent_statements_covered_display": "100"}, "missing_lines": [], "excluded_lines": [132, 133, 134, 135, 136, 141, 142, 143, 144, 150, 151, 152, 153, 156], "start_line": 121}, "run.split_long_message": {"executed_lines": [], "summary": {"covered_lines": 0, "num_statements": 0, "percent_covered": 100.0, "percent_covered_display": "100", "missing_lines": 0, "excluded_lines": 22, "percent_statements_covered": 100.0, "percent_statements_covered_display": "100"}, "missing_lines": [], "excluded_lines": [165, 166, 167, 168, 169, 170, 171, 172, 173, 174, 175, 176, 177, 178, 179, 180, 181, 182, 183, 184, 185, 186], "start_line": 163}, "_display_trace": {"executed_lines": [229, 231, 232, 233, 234, 236, 237, 238, 240, 241, 242, 244, 245, 246, 248, 249, 250, 251, 252, 253, 254, 255, 256, 257, 258, 260, 261, 263, 264, 265, 266], "summary": {"covered_lines": 31, "num_statements": 31, "percent_covered": 100.0, "percent_covered_display": "100", "missing_lines": 0, "excluded_lines": 0, "percent_statements_covered": 100.0, "percent_statements_covered_display": "100"}, "missing_lines": [], "excluded_lines": [], "start_line": 227}, "validate": {"executed_lines": [294, 295, 298, 299, 300, 304], "summary": {"covered_lines": 6, "num_statements": 79, "percent_covered": 7.594936708860759, "percent_covered_display": "8", "missing_lines": 73, "excluded_lines": 0, "percent_statements_covered": 7.594936708860759, "percent_statements_covered_display": "8"}, "missing_lines": [306, 307, 308, 309, 311, 313, 314, 316, 317, 318, 321, 322, 323, 324, 325, 328, 329, 331, 332, 333, 334, 335, 336, 338, 339, 340, 341, 343, 344, 345, 347, 350, 351, 353, 354, 356, 357, 359, 360, 361, 362, 363, 367, 369, 370, 371, 372, 373, 374, 375, 377, 378, 379, 380, 381, 382, 383, 384, 385, 386, 388, 389, 390, 391, 393, 394, 396, 397, 398, 400, 401, 402, 403], "excluded_lines": [], "start_line": 270}, "setup_oss": {"executed_lines": [411, 414, 415, 417, 420, 421, 424, 425, 426, 427, 428, 429, 431, 435], "summary": {"covered_lines": 14, "num_statements": 14, "percent_covered": 100.0, "percent_covered_display": "100", "missing_lines": 0, "excluded_lines": 2, "percent_statements_covered": 100.0, "percent_statements_covered_display": "100"}, "missing_lines": [], "excluded_lines": [432, 433], "start_line": 407}, "bootstrap": {"executed_lines": [492, 495, 496, 497, 498, 499, 500, 501, 502, 503, 504, 506, 507, 508, 510, 540, 552, 562, 588, 722, 741, 742, 746, 747, 748, 749, 750, 751, 752, 753, 754, 755, 757, 758, 759, 760, 761, 762, 763, 764, 765, 766, 767, 768, 769, 770, 771, 773, 774, 776, 777, 778, 779, 780, 781, 782, 783, 784, 785, 786, 790, 791, 797, 798, 800, 801, 802, 803, 804, 805, 806, 808, 844, 845, 847, 848, 849, 850, 851, 854, 855, 856, 858, 864, 865, 867, 871, 879, 887, 888, 889, 890, 891, 893, 896, 897, 898, 899, 900, 901, 902, 903, 905, 908, 963, 965, 966, 967, 969, 974, 975], "summary": {"covered_lines": 111, "num_statements": 111, "percent_covered": 100.0, "percent_covered_display": "100", "missing_lines": 0, "excluded_lines": 13, "percent_statements_covered": 100.0, "percent_statements_covered_display": "100"}, "missing_lines": [], "excluded_lines": [743, 744, 775, 792, 793, 794, 795, 872, 873, 874, 875, 876, 877], "start_line": 439}, "bootstrap._flag": {"executed_lines": [493], "summary": {"covered_lines": 1, "num_statements": 1, "percent_covered": 100.0, "percent_covered_display": "100", "missing_lines": 0, "excluded_lines": 0, "percent_statements_covered": 100.0, "percent_statements_covered_display": "100"}, "missing_lines": [], "excluded_lines": [], "start_line": 492}, "bootstrap._infer_fields": {"executed_lines": [511, 513, 514, 515, 516, 517, 518, 519, 523, 530, 531, 532, 533, 536, 537, 538], "summary": {"covered_lines": 16, "num_statements": 16, "percent_covered": 100.0, "percent_covered_display": "100", "missing_lines": 0, "excluded_lines": 2, "percent_statements_covered": 100.0, "percent_statements_covered_display": "100"}, "missing_lines": [], "excluded_lines": [521, 534], "start_line": 510}, "bootstrap._load_dataframe": {"executed_lines": [541, 543, 544, 545, 546, 547, 548, 549], "summary": {"covered_lines": 8, "num_statements": 8, "percent_covered": 100.0, "percent_covered_display": "100", "missing_lines": 0, "excluded_lines": 1, "percent_statements_covered": 100.0, "percent_statements_covered_display": "100"}, "missing_lines": [], "excluded_lines": [550], "start_line": 540}, "bootstrap._profile_dataframe": {"executed_lines": [553, 554, 559, 560], "summary": {"covered_lines": 4, "num_statements": 4, "percent_covered": 100.0, "percent_covered_display": "100", "missing_lines": 0, "excluded_lines": 2, "percent_statements_covered": 100.0, "percent_statements_covered_display": "100"}, "missing_lines": [], "excluded_lines": [555, 556], "start_line": 552}, "bootstrap._detect_pii_for_fields": {"executed_lines": [563, 564, 570, 571, 572, 573, 574, 575, 576, 577, 580, 581, 582, 584, 585, 586], "summary": {"covered_lines": 16, "num_statements": 16, "percent_covered": 100.0, "percent_covered_display": "100", "missing_lines": 0, "excluded_lines": 4, "percent_statements_covered": 100.0, "percent_statements_covered_display": "100"}, "missing_lines": [], "excluded_lines": [565, 566, 578, 579], "start_line": 562}, "bootstrap._suggest_quality_rules": {"executed_lines": [589, 590, 591, 595, 638, 691, 692, 693, 694, 695, 696, 697, 698, 701, 720], "summary": {"covered_lines": 15, "num_statements": 15, "percent_covered": 100.0, "percent_covered_display": "100", "missing_lines": 0, "excluded_lines": 19, "percent_statements_covered": 100.0, "percent_statements_covered_display": "100"}, "missing_lines": [], "excluded_lines": [592, 702, 703, 704, 705, 706, 707, 708, 709, 710, 711, 712, 713, 714, 715, 716, 717, 718, 719], "start_line": 588}, "bootstrap._discover_entities": {"executed_lines": [723, 724, 725, 726, 727, 728, 729, 730, 731, 733, 734, 735, 736, 737, 738, 739], "summary": {"covered_lines": 16, "num_statements": 16, "percent_covered": 100.0, "percent_covered_display": "100", "missing_lines": 0, "excluded_lines": 0, "percent_statements_covered": 100.0, "percent_statements_covered_display": "100"}, "missing_lines": [], "excluded_lines": [], "start_line": 722}, "help_command": {"executed_lines": [983, 994, 1003, 1013, 1016, 1017, 1020, 1021, 1022], "summary": {"covered_lines": 9, "num_statements": 9, "percent_covered": 100.0, "percent_covered_display": "100", "missing_lines": 0, "excluded_lines": 5, "percent_statements_covered": 100.0, "percent_statements_covered_display": "100"}, "missing_lines": [], "excluded_lines": [1014, 1015, 1018, 1019, 1023], "start_line": 979}, "generate": {"executed_lines": [1061, 1063, 1064, 1065, 1067, 1071, 1072, 1073, 1074, 1076, 1077, 1078, 1079, 1081, 1082, 1083, 1092, 1093, 1094, 1102, 1103, 1104, 1105, 1106, 1107, 1108, 1109, 1110, 1111, 1112, 1113, 1114, 1116, 1117, 1118, 1119, 1122, 1124, 1125, 1128, 1129, 1130, 1131, 1132, 1135, 1136, 1137], "summary": {"covered_lines": 47, "num_statements": 47, "percent_covered": 100.0, "percent_covered_display": "100", "missing_lines": 0, "excluded_lines": 11, "percent_statements_covered": 100.0, "percent_statements_covered_display": "100"}, "missing_lines": [], "excluded_lines": [1068, 1069, 1121, 1146, 1147, 1148, 1149, 1152, 1153, 1154, 1155], "start_line": 1027}, "assert_report": {"executed_lines": [1189, 1191, 1192, 1193, 1195, 1196, 1198, 1199, 1200, 1202, 1203, 1204, 1205, 1206, 1207, 1208, 1209, 1212, 1213, 1214, 1215, 1216, 1217, 1218, 1219, 1220, 1221, 1222, 1223, 1226, 1236, 1238, 1239, 1247, 1251, 1258, 1259, 1261, 1263, 1264, 1265], "summary": {"covered_lines": 41, "num_statements": 41, "percent_covered": 100.0, "percent_covered_display": "100", "missing_lines": 0, "excluded_lines": 6, "percent_statements_covered": 100.0, "percent_statements_covered_display": "100"}, "missing_lines": [], "excluded_lines": [1227, 1233, 1248, 1249, 1267, 1268], "start_line": 1159}, "import_dbt": {"executed_lines": [1322, 1324, 1325, 1326, 1327, 1328, 1331, 1332, 1333, 1334, 1335, 1337, 1339, 1341, 1343, 1344, 1345, 1346, 1349, 1350, 1351, 1352, 1356, 1357, 1358, 1359, 1360, 1361, 1362, 1363, 1365, 1366, 1367, 1372, 1374, 1375], "summary": {"covered_lines": 36, "num_statements": 36, "percent_covered": 100.0, "percent_covered_display": "100", "missing_lines": 0, "excluded_lines": 3, "percent_statements_covered": 100.0, "percent_statements_covered_display": "100"}, "missing_lines": [], "excluded_lines": [1368, 1370, 1371], "start_line": 1272}, "_write_or_print_contract": {"executed_lines": [1392, 1394, 1395, 1397, 1398, 1399, 1400, 1402, 1403, 1404, 1405, 1407, 1409, 1410, 1412, 1413, 1414, 1416, 1417, 1418, 1419], "summary": {"covered_lines": 21, "num_statements": 21, "percent_covered": 100.0, "percent_covered_display": "100", "missing_lines": 0, "excluded_lines": 0, "percent_statements_covered": 100.0, "percent_statements_covered_display": "100"}, "missing_lines": [], "excluded_lines": [], "start_line": 1383}, "doctor": {"executed_lines": [1434, 1436, 1437, 1439, 1443, 1444, 1447, 1448, 1449, 1450, 1451, 1452, 1453, 1455, 1468, 1475, 1476, 1477, 1478, 1479, 1480, 1481, 1486, 1489, 1503, 1504, 1505, 1506, 1507, 1508, 1509, 1511, 1512, 1514, 1517, 1524, 1525, 1526, 1527, 1528, 1532, 1533, 1535, 1538, 1544, 1545, 1546, 1547, 1548, 1552, 1553, 1555, 1556], "summary": {"covered_lines": 53, "num_statements": 53, "percent_covered": 100.0, "percent_covered_display": "100", "missing_lines": 0, "excluded_lines": 8, "percent_statements_covered": 100.0, "percent_statements_covered_display": "100"}, "missing_lines": [], "excluded_lines": [1440, 1441, 1483, 1484, 1529, 1530, 1549, 1550], "start_line": 1423}, "doctor._check_package": {"executed_lines": [1457, 1458, 1459, 1460, 1461, 1463, 1464, 1465], "summary": {"covered_lines": 8, "num_statements": 9, "percent_covered": 88.88888888888889, "percent_covered_display": "89", "missing_lines": 1, "excluded_lines": 0, "percent_statements_covered": 88.88888888888889, "percent_statements_covered_display": "89"}, "missing_lines": [1462], "excluded_lines": [], "start_line": 1455}, "scan": {"executed_lines": [], "summary": {"covered_lines": 0, "num_statements": 38, "percent_covered": 0.0, "percent_covered_display": "0", "missing_lines": 38, "excluded_lines": 0, "percent_statements_covered": 0.0, "percent_statements_covered_display": "0"}, "missing_lines": [1590, 1592, 1593, 1594, 1595, 1596, 1604, 1608, 1610, 1612, 1615, 1616, 1617, 1618, 1620, 1621, 1622, 1623, 1626, 1627, 1628, 1629, 1630, 1633, 1634, 1636, 1643, 1644, 1645, 1646, 1647, 1648, 1649, 1651, 1652, 1654, 1655, 1656], "excluded_lines": [], "start_line": 1560}, "": {"executed_lines": [1, 8, 9, 10, 11, 16, 17, 18, 19, 20, 21, 22, 24, 25, 26, 28, 42, 43, 46, 47, 227, 269, 270, 406, 407, 438, 439, 978, 979, 1026, 1027, 1158, 1159, 1271, 1272, 1383, 1422, 1423, 1559, 1560, 1659], "summary": {"covered_lines": 41, "num_statements": 41, "percent_covered": 100.0, "percent_covered_display": "100", "missing_lines": 0, "excluded_lines": 3, "percent_statements_covered": 100.0, "percent_statements_covered_display": "100"}, "missing_lines": [], "excluded_lines": [12, 13, 1660], "start_line": 1}}, "classes": {"": {"executed_lines": [1, 8, 9, 10, 11, 16, 17, 18, 19, 20, 21, 22, 24, 25, 26, 28, 42, 43, 46, 47, 99, 110, 115, 116, 117, 118, 121, 131, 138, 139, 140, 145, 147, 148, 149, 154, 159, 160, 161, 163, 188, 195, 196, 197, 198, 200, 201, 202, 203, 205, 206, 208, 209, 212, 213, 214, 215, 217, 218, 219, 220, 227, 229, 231, 232, 233, 234, 236, 237, 238, 240, 241, 242, 244, 245, 246, 248, 249, 250, 251, 252, 253, 254, 255, 256, 257, 258, 260, 261, 263, 264, 265, 266, 269, 270, 294, 295, 298, 299, 300, 304, 406, 407, 411, 414, 415, 417, 420, 421, 424, 425, 426, 427, 428, 429, 431, 435, 438, 439, 492, 493, 495, 496, 497, 498, 499, 500, 501, 502, 503, 504, 506, 507, 508, 510, 511, 513, 514, 515, 516, 517, 518, 519, 523, 530, 531, 532, 533, 536, 537, 538, 540, 541, 543, 544, 545, 546, 547, 548, 549, 552, 553, 554, 559, 560, 562, 563, 564, 570, 571, 572, 573, 574, 575, 576, 577, 580, 581, 582, 584, 585, 586, 588, 589, 590, 591, 595, 638, 691, 692, 693, 694, 695, 696, 697, 698, 701, 720, 722, 723, 724, 725, 726, 727, 728, 729, 730, 731, 733, 734, 735, 736, 737, 738, 739, 741, 742, 746, 747, 748, 749, 750, 751, 752, 753, 754, 755, 757, 758, 759, 760, 761, 762, 763, 764, 765, 766, 767, 768, 769, 770, 771, 773, 774, 776, 777, 778, 779, 780, 781, 782, 783, 784, 785, 786, 790, 791, 797, 798, 800, 801, 802, 803, 804, 805, 806, 808, 844, 845, 847, 848, 849, 850, 851, 854, 855, 856, 858, 864, 865, 867, 871, 879, 887, 888, 889, 890, 891, 893, 896, 897, 898, 899, 900, 901, 902, 903, 905, 908, 963, 965, 966, 967, 969, 974, 975, 978, 979, 983, 994, 1003, 1013, 1016, 1017, 1020, 1021, 1022, 1026, 1027, 1061, 1063, 1064, 1065, 1067, 1071, 1072, 1073, 1074, 1076, 1077, 1078, 1079, 1081, 1082, 1083, 1092, 1093, 1094, 1102, 1103, 1104, 1105, 1106, 1107, 1108, 1109, 1110, 1111, 1112, 1113, 1114, 1116, 1117, 1118, 1119, 1122, 1124, 1125, 1128, 1129, 1130, 1131, 1132, 1135, 1136, 1137, 1158, 1159, 1189, 1191, 1192, 1193, 1195, 1196, 1198, 1199, 1200, 1202, 1203, 1204, 1205, 1206, 1207, 1208, 1209, 1212, 1213, 1214, 1215, 1216, 1217, 1218, 1219, 1220, 1221, 1222, 1223, 1226, 1236, 1238, 1239, 1247, 1251, 1258, 1259, 1261, 1263, 1264, 1265, 1271, 1272, 1322, 1324, 1325, 1326, 1327, 1328, 1331, 1332, 1333, 1334, 1335, 1337, 1339, 1341, 1343, 1344, 1345, 1346, 1349, 1350, 1351, 1352, 1356, 1357, 1358, 1359, 1360, 1361, 1362, 1363, 1365, 1366, 1367, 1372, 1374, 1375, 1383, 1392, 1394, 1395, 1397, 1398, 1399, 1400, 1402, 1403, 1404, 1405, 1407, 1409, 1410, 1412, 1413, 1414, 1416, 1417, 1418, 1419, 1422, 1423, 1434, 1436, 1437, 1439, 1443, 1444, 1447, 1448, 1449, 1450, 1451, 1452, 1453, 1455, 1457, 1458, 1459, 1460, 1461, 1463, 1464, 1465, 1468, 1475, 1476, 1477, 1478, 1479, 1480, 1481, 1486, 1489, 1503, 1504, 1505, 1506, 1507, 1508, 1509, 1511, 1512, 1514, 1517, 1524, 1525, 1526, 1527, 1528, 1532, 1533, 1535, 1538, 1544, 1545, 1546, 1547, 1548, 1552, 1553, 1555, 1556, 1559, 1560, 1659], "summary": {"covered_lines": 535, "num_statements": 647, "percent_covered": 82.68933539412674, "percent_covered_display": "83", "missing_lines": 112, "excluded_lines": 123, "percent_statements_covered": 82.68933539412674, "percent_statements_covered_display": "83"}, "missing_lines": [306, 307, 308, 309, 311, 313, 314, 316, 317, 318, 321, 322, 323, 324, 325, 328, 329, 331, 332, 333, 334, 335, 336, 338, 339, 340, 341, 343, 344, 345, 347, 350, 351, 353, 354, 356, 357, 359, 360, 361, 362, 363, 367, 369, 370, 371, 372, 373, 374, 375, 377, 378, 379, 380, 381, 382, 383, 384, 385, 386, 388, 389, 390, 391, 393, 394, 396, 397, 398, 400, 401, 402, 403, 1462, 1590, 1592, 1593, 1594, 1595, 1596, 1604, 1608, 1610, 1612, 1615, 1616, 1617, 1618, 1620, 1621, 1622, 1623, 1626, 1627, 1628, 1629, 1630, 1633, 1634, 1636, 1643, 1644, 1645, 1646, 1647, 1648, 1649, 1651, 1652, 1654, 1655, 1656], "excluded_lines": [12, 13, 111, 112, 113, 114, 119, 132, 133, 134, 135, 136, 141, 142, 143, 144, 150, 151, 152, 153, 156, 165, 166, 167, 168, 169, 170, 171, 172, 173, 174, 175, 176, 177, 178, 179, 180, 181, 182, 183, 184, 185, 186, 222, 223, 224, 432, 433, 521, 534, 550, 555, 556, 565, 566, 578, 579, 592, 702, 703, 704, 705, 706, 707, 708, 709, 710, 711, 712, 713, 714, 715, 716, 717, 718, 719, 743, 744, 775, 792, 793, 794, 795, 872, 873, 874, 875, 876, 877, 1014, 1015, 1018, 1019, 1023, 1068, 1069, 1121, 1146, 1147, 1148, 1149, 1152, 1153, 1154, 1155, 1227, 1233, 1248, 1249, 1267, 1268, 1368, 1370, 1371, 1440, 1441, 1483, 1484, 1529, 1530, 1549, 1550, 1660], "start_line": 1}}}, "lakelogic\\cli\\observability.py": {"executed_lines": [9, 10, 11, 12, 13, 14, 15, 16, 18, 24, 26, 27, 45, 50, 51, 52, 53, 54, 55, 59, 60, 61, 62, 68, 78, 79, 81, 82, 84, 86, 87, 88, 89, 90, 92, 95, 98, 104, 105, 110, 111, 112, 113, 114, 115, 116, 118, 119, 120, 121, 122, 123, 127, 128, 129, 130, 131, 142, 143, 150, 151, 152, 155, 173, 174, 175, 180, 181, 182, 183, 184, 194, 195, 196, 197, 202, 203, 206, 207, 209, 210, 211, 212, 213, 214, 215, 216, 226, 227, 228, 232, 233, 234, 238, 240, 241, 244, 245, 246, 247, 252, 261, 262, 266, 267, 268, 269, 270, 277, 278, 283, 284, 285, 286, 302, 303, 304, 305, 306, 316, 317, 320, 323, 324, 325, 330, 331, 332, 334, 335, 340, 346, 347, 352, 353, 354, 355, 371, 372, 378, 379, 380, 382, 387, 388, 389, 395, 405, 406, 419, 425, 426, 427, 428, 430, 431, 432, 433, 434, 436, 439, 446, 447, 448, 450, 451, 452, 454, 455, 456, 457, 458, 459, 462, 463, 464, 466, 467, 468, 469, 477, 482, 483, 484, 486, 487, 488, 490, 491, 492, 493, 495, 496, 497, 498, 499, 500, 501, 504, 516, 517, 519, 520, 521, 522, 523, 524, 525, 526, 527, 528, 529, 530, 532, 533, 535, 536, 537, 538, 539, 541, 542, 543, 544, 547, 549, 550, 551, 552, 553], "summary": {"covered_lines": 230, "num_statements": 230, "percent_covered": 100.0, "percent_covered_display": "100", "missing_lines": 0, "excluded_lines": 61, "percent_statements_covered": 100.0, "percent_statements_covered_display": "100"}, "missing_lines": [], "excluded_lines": [56, 57, 85, 91, 93, 106, 107, 108, 124, 125, 138, 139, 140, 144, 145, 146, 147, 148, 176, 177, 178, 229, 230, 231, 248, 249, 250, 263, 264, 271, 272, 273, 274, 275, 279, 280, 281, 318, 319, 326, 327, 328, 333, 337, 338, 341, 344, 348, 349, 350, 373, 374, 375, 376, 377, 460, 470, 471, 489, 554, 555], "functions": {"flatten_summary": {"executed_lines": [26, 27], "summary": {"covered_lines": 2, "num_statements": 2, "percent_covered": 100.0, "percent_covered_display": "100", "missing_lines": 0, "excluded_lines": 0, "percent_statements_covered": 100.0, "percent_statements_covered_display": "100"}, "missing_lines": [], "excluded_lines": [], "start_line": 24}, "finalize_summary": {"executed_lines": [50, 51, 52, 53, 54, 55, 59, 60, 61, 62], "summary": {"covered_lines": 10, "num_statements": 10, "percent_covered": 100.0, "percent_covered_display": "100", "missing_lines": 0, "excluded_lines": 2, "percent_statements_covered": 100.0, "percent_statements_covered_display": "100"}, "missing_lines": [], "excluded_lines": [56, 57], "start_line": 45}, "write_summary_table": {"executed_lines": [78, 79, 81, 82, 84, 86, 87, 88, 89, 90, 92, 95], "summary": {"covered_lines": 12, "num_statements": 12, "percent_covered": 100.0, "percent_covered_display": "100", "missing_lines": 0, "excluded_lines": 3, "percent_statements_covered": 100.0, "percent_statements_covered_display": "100"}, "missing_lines": [], "excluded_lines": [85, 91, 93], "start_line": 68}, "_write_summary_spark": {"executed_lines": [104, 105, 110, 111, 112, 113, 114, 115, 116, 118, 119, 120, 121, 122, 123, 127, 128, 129, 130, 131, 142, 143, 150, 151, 152], "summary": {"covered_lines": 25, "num_statements": 25, "percent_covered": 100.0, "percent_covered_display": "100", "missing_lines": 0, "excluded_lines": 13, "percent_statements_covered": 100.0, "percent_statements_covered_display": "100"}, "missing_lines": [], "excluded_lines": [106, 107, 108, 124, 125, 138, 139, 140, 144, 145, 146, 147, 148], "start_line": 98}, "_write_summary_duckdb": {"executed_lines": [174, 175, 180, 181, 182, 183, 184, 194, 195, 196, 197, 202, 203], "summary": {"covered_lines": 13, "num_statements": 13, "percent_covered": 100.0, "percent_covered_display": "100", "missing_lines": 0, "excluded_lines": 3, "percent_statements_covered": 100.0, "percent_statements_covered_display": "100"}, "missing_lines": [], "excluded_lines": [176, 177, 178], "start_line": 173}, "_write_summary_sqlite": {"executed_lines": [207, 209, 210, 211, 212, 213, 214, 215, 216, 226, 227, 228, 232, 233, 234, 238, 240, 241], "summary": {"covered_lines": 18, "num_statements": 18, "percent_covered": 100.0, "percent_covered_display": "100", "missing_lines": 0, "excluded_lines": 3, "percent_statements_covered": 100.0, "percent_statements_covered_display": "100"}, "missing_lines": [], "excluded_lines": [229, 230, 231], "start_line": 206}, "_write_summary_snowflake": {"executed_lines": [245, 246, 247, 252, 261, 262, 266, 267, 268, 269, 270, 277, 278, 283, 284, 285, 286, 302, 303, 304, 305, 306, 316, 317, 320], "summary": {"covered_lines": 25, "num_statements": 25, "percent_covered": 100.0, "percent_covered_display": "100", "missing_lines": 0, "excluded_lines": 15, "percent_statements_covered": 100.0, "percent_statements_covered_display": "100"}, "missing_lines": [], "excluded_lines": [248, 249, 250, 263, 264, 271, 272, 273, 274, 275, 279, 280, 281, 318, 319], "start_line": 244}, "_write_summary_bigquery": {"executed_lines": [324, 325, 330, 331, 332, 334, 335, 340, 346, 347, 352, 353, 354, 355, 371, 372, 378, 379, 380, 382, 387, 388, 389], "summary": {"covered_lines": 23, "num_statements": 23, "percent_covered": 100.0, "percent_covered_display": "100", "missing_lines": 0, "excluded_lines": 16, "percent_statements_covered": 100.0, "percent_statements_covered_display": "100"}, "missing_lines": [], "excluded_lines": [326, 327, 328, 333, 337, 338, 341, 344, 348, 349, 350, 373, 374, 375, 376, 377], "start_line": 323}, "emit_metrics": {"executed_lines": [405, 406, 419, 425, 426, 427, 428, 430, 431, 432, 433, 434, 436], "summary": {"covered_lines": 13, "num_statements": 13, "percent_covered": 100.0, "percent_covered_display": "100", "missing_lines": 0, "excluded_lines": 0, "percent_statements_covered": 100.0, "percent_statements_covered_display": "100"}, "missing_lines": [], "excluded_lines": [], "start_line": 395}, "_emit_statsd": {"executed_lines": [446, 447, 448, 450, 451, 452, 454, 455, 456, 457, 458, 459, 462, 463, 464, 466, 467, 468, 469], "summary": {"covered_lines": 19, "num_statements": 19, "percent_covered": 100.0, "percent_covered_display": "100", "missing_lines": 0, "excluded_lines": 3, "percent_statements_covered": 100.0, "percent_statements_covered_display": "100"}, "missing_lines": [], "excluded_lines": [460, 470, 471], "start_line": 439}, "format_prometheus": {"executed_lines": [482, 483, 484, 486, 495, 496, 497, 498, 499, 500, 501], "summary": {"covered_lines": 11, "num_statements": 11, "percent_covered": 100.0, "percent_covered_display": "100", "missing_lines": 0, "excluded_lines": 0, "percent_statements_covered": 100.0, "percent_statements_covered_display": "100"}, "missing_lines": [], "excluded_lines": [], "start_line": 477}, "format_prometheus._labels": {"executed_lines": [487, 488, 490, 491, 492, 493], "summary": {"covered_lines": 6, "num_statements": 6, "percent_covered": 100.0, "percent_covered_display": "100", "missing_lines": 0, "excluded_lines": 1, "percent_statements_covered": 100.0, "percent_statements_covered_display": "100"}, "missing_lines": [], "excluded_lines": [489], "start_line": 486}, "start_prometheus_server": {"executed_lines": [516, 517, 519, 520, 532, 535, 536, 537, 538, 539, 541, 542, 543, 544], "summary": {"covered_lines": 14, "num_statements": 14, "percent_covered": 100.0, "percent_covered_display": "100", "missing_lines": 0, "excluded_lines": 0, "percent_statements_covered": 100.0, "percent_statements_covered_display": "100"}, "missing_lines": [], "excluded_lines": [], "start_line": 504}, "start_prometheus_server.Handler.do_GET": {"executed_lines": [521, 522, 523, 524, 525, 526, 527, 528, 529, 530], "summary": {"covered_lines": 10, "num_statements": 10, "percent_covered": 100.0, "percent_covered_display": "100", "missing_lines": 0, "excluded_lines": 0, "percent_statements_covered": 100.0, "percent_statements_covered_display": "100"}, "missing_lines": [], "excluded_lines": [], "start_line": 520}, "start_prometheus_server.Handler.log_message": {"executed_lines": [533], "summary": {"covered_lines": 1, "num_statements": 1, "percent_covered": 100.0, "percent_covered_display": "100", "missing_lines": 0, "excluded_lines": 0, "percent_statements_covered": 100.0, "percent_statements_covered_display": "100"}, "missing_lines": [], "excluded_lines": [], "start_line": 532}, "stop_prometheus_server": {"executed_lines": [549, 550, 551, 552, 553], "summary": {"covered_lines": 5, "num_statements": 5, "percent_covered": 100.0, "percent_covered_display": "100", "missing_lines": 0, "excluded_lines": 2, "percent_statements_covered": 100.0, "percent_statements_covered_display": "100"}, "missing_lines": [], "excluded_lines": [554, 555], "start_line": 547}, "": {"executed_lines": [9, 10, 11, 12, 13, 14, 15, 16, 18, 24, 45, 68, 98, 155, 173, 206, 244, 323, 395, 439, 477, 504, 547], "summary": {"covered_lines": 23, "num_statements": 23, "percent_covered": 100.0, "percent_covered_display": "100", "missing_lines": 0, "excluded_lines": 0, "percent_statements_covered": 100.0, "percent_statements_covered_display": "100"}, "missing_lines": [], "excluded_lines": [], "start_line": 1}}, "classes": {"start_prometheus_server.Handler": {"executed_lines": [521, 522, 523, 524, 525, 526, 527, 528, 529, 530, 533], "summary": {"covered_lines": 11, "num_statements": 11, "percent_covered": 100.0, "percent_covered_display": "100", "missing_lines": 0, "excluded_lines": 0, "percent_statements_covered": 100.0, "percent_statements_covered_display": "100"}, "missing_lines": [], "excluded_lines": [], "start_line": 519}, "": {"executed_lines": [9, 10, 11, 12, 13, 14, 15, 16, 18, 24, 26, 27, 45, 50, 51, 52, 53, 54, 55, 59, 60, 61, 62, 68, 78, 79, 81, 82, 84, 86, 87, 88, 89, 90, 92, 95, 98, 104, 105, 110, 111, 112, 113, 114, 115, 116, 118, 119, 120, 121, 122, 123, 127, 128, 129, 130, 131, 142, 143, 150, 151, 152, 155, 173, 174, 175, 180, 181, 182, 183, 184, 194, 195, 196, 197, 202, 203, 206, 207, 209, 210, 211, 212, 213, 214, 215, 216, 226, 227, 228, 232, 233, 234, 238, 240, 241, 244, 245, 246, 247, 252, 261, 262, 266, 267, 268, 269, 270, 277, 278, 283, 284, 285, 286, 302, 303, 304, 305, 306, 316, 317, 320, 323, 324, 325, 330, 331, 332, 334, 335, 340, 346, 347, 352, 353, 354, 355, 371, 372, 378, 379, 380, 382, 387, 388, 389, 395, 405, 406, 419, 425, 426, 427, 428, 430, 431, 432, 433, 434, 436, 439, 446, 447, 448, 450, 451, 452, 454, 455, 456, 457, 458, 459, 462, 463, 464, 466, 467, 468, 469, 477, 482, 483, 484, 486, 487, 488, 490, 491, 492, 493, 495, 496, 497, 498, 499, 500, 501, 504, 516, 517, 519, 520, 532, 535, 536, 537, 538, 539, 541, 542, 543, 544, 547, 549, 550, 551, 552, 553], "summary": {"covered_lines": 219, "num_statements": 219, "percent_covered": 100.0, "percent_covered_display": "100", "missing_lines": 0, "excluded_lines": 61, "percent_statements_covered": 100.0, "percent_statements_covered_display": "100"}, "missing_lines": [], "excluded_lines": [56, 57, 85, 91, 93, 106, 107, 108, 124, 125, 138, 139, 140, 144, 145, 146, 147, 148, 176, 177, 178, 229, 230, 231, 248, 249, 250, 263, 264, 271, 272, 273, 274, 275, 279, 280, 281, 318, 319, 326, 327, 328, 333, 337, 338, 341, 344, 348, 349, 350, 373, 374, 375, 376, 377, 460, 470, 471, 489, 554, 555], "start_line": 1}}}, "lakelogic\\cli\\review.py": {"executed_lines": [7, 9, 10, 11, 13, 14, 16, 17, 18, 19], "summary": {"covered_lines": 10, "num_statements": 10, "percent_covered": 100.0, "percent_covered_display": "100", "missing_lines": 0, "excluded_lines": 93, "percent_statements_covered": 100.0, "percent_statements_covered_display": "100"}, "missing_lines": [], "excluded_lines": [22, 23, 24, 25, 26, 27, 28, 29, 30, 31, 32, 33, 34, 35, 36, 37, 38, 39, 40, 41, 42, 43, 44, 45, 46, 47, 48, 49, 50, 51, 52, 53, 54, 55, 56, 57, 58, 59, 60, 61, 62, 63, 64, 65, 66, 67, 68, 69, 70, 71, 72, 73, 74, 75, 76, 77, 78, 79, 80, 81, 82, 83, 84, 85, 86, 87, 88, 89, 90, 91, 92, 93, 94, 95, 96, 97, 98, 99, 100, 101, 102, 103, 104, 105, 106, 107, 108, 109, 110, 111, 112, 113, 114], "functions": {"review_command": {"executed_lines": [], "summary": {"covered_lines": 0, "num_statements": 0, "percent_covered": 100.0, "percent_covered_display": "100", "missing_lines": 0, "excluded_lines": 57, "percent_statements_covered": 100.0, "percent_statements_covered_display": "100"}, "missing_lines": [], "excluded_lines": [58, 59, 60, 61, 62, 63, 64, 65, 66, 67, 68, 69, 70, 71, 72, 73, 74, 75, 76, 77, 78, 79, 80, 81, 82, 83, 84, 85, 86, 87, 88, 89, 90, 91, 92, 93, 94, 95, 96, 97, 98, 99, 100, 101, 102, 103, 104, 105, 106, 107, 108, 109, 110, 111, 112, 113, 114], "start_line": 22}, "": {"executed_lines": [7, 9, 10, 11, 13, 14, 16, 17, 18, 19], "summary": {"covered_lines": 10, "num_statements": 10, "percent_covered": 100.0, "percent_covered_display": "100", "missing_lines": 0, "excluded_lines": 36, "percent_statements_covered": 100.0, "percent_statements_covered_display": "100"}, "missing_lines": [], "excluded_lines": [22, 23, 24, 25, 26, 27, 28, 29, 30, 31, 32, 33, 34, 35, 36, 37, 38, 39, 40, 41, 42, 43, 44, 45, 46, 47, 48, 49, 50, 51, 52, 53, 54, 55, 56, 57], "start_line": 1}}, "classes": {"": {"executed_lines": [7, 9, 10, 11, 13, 14, 16, 17, 18, 19], "summary": {"covered_lines": 10, "num_statements": 10, "percent_covered": 100.0, "percent_covered_display": "100", "missing_lines": 0, "excluded_lines": 93, "percent_statements_covered": 100.0, "percent_statements_covered_display": "100"}, "missing_lines": [], "excluded_lines": [22, 23, 24, 25, 26, 27, 28, 29, 30, 31, 32, 33, 34, 35, 36, 37, 38, 39, 40, 41, 42, 43, 44, 45, 46, 47, 48, 49, 50, 51, 52, 53, 54, 55, 56, 57, 58, 59, 60, 61, 62, 63, 64, 65, 66, 67, 68, 69, 70, 71, 72, 73, 74, 75, 76, 77, 78, 79, 80, 81, 82, 83, 84, 85, 86, 87, 88, 89, 90, 91, 92, 93, 94, 95, 96, 97, 98, 99, 100, 101, 102, 103, 104, 105, 106, 107, 108, 109, 110, 111, 112, 113, 114], "start_line": 1}}}, "lakelogic\\cli\\review_reply.py": {"executed_lines": [22, 24, 25, 26, 27, 28, 29, 31, 32, 39, 40, 43, 45, 46, 47, 48, 49, 50, 51, 52, 60, 73, 75, 76, 77, 78, 79, 80, 81, 83, 85, 87, 88, 92, 93, 95, 96, 97, 98, 100, 101, 111, 116, 118, 119, 120, 121, 122, 123, 124, 125, 126, 127, 128, 129, 130, 131, 139, 142, 144, 145, 146, 147, 148, 149, 150, 151, 152, 153, 154, 155, 166, 168, 170, 171, 176, 177, 178, 179, 180, 181, 182, 183, 184, 187, 189, 191, 192, 196, 197, 198, 199, 200, 201, 202, 203, 204, 212, 223, 224, 225, 227, 228, 231, 232, 233, 234, 235, 236, 237, 238, 241, 242, 243, 247, 248, 250, 251, 252, 253, 255, 256, 258, 259, 260, 261, 263, 270, 271, 272, 274, 275, 276, 278, 279], "summary": {"covered_lines": 135, "num_statements": 135, "percent_covered": 100.0, "percent_covered_display": "100", "missing_lines": 0, "excluded_lines": 4, "percent_statements_covered": 100.0, "percent_statements_covered_display": "100"}, "missing_lines": [], "excluded_lines": [89, 90, 112, 113], "functions": {"parse_command": {"executed_lines": [45, 46, 47, 48, 49, 50, 51, 52], "summary": {"covered_lines": 8, "num_statements": 8, "percent_covered": 100.0, "percent_covered_display": "100", "missing_lines": 0, "excluded_lines": 0, "percent_statements_covered": 100.0, "percent_statements_covered_display": "100"}, "missing_lines": [], "excluded_lines": [], "start_line": 43}, "_explain": {"executed_lines": [75, 76, 77, 78, 79, 80, 81, 83, 85, 87, 88, 92, 93, 95, 96, 97, 98, 100, 101, 111], "summary": {"covered_lines": 20, "num_statements": 20, "percent_covered": 100.0, "percent_covered_display": "100", "missing_lines": 0, "excluded_lines": 4, "percent_statements_covered": 100.0, "percent_statements_covered_display": "100"}, "missing_lines": [], "excluded_lines": [89, 90, 112, 113], "start_line": 73}, "_file_context": {"executed_lines": [118, 119, 120, 121, 122, 123, 124, 125, 126, 127, 128, 129, 130, 131], "summary": {"covered_lines": 14, "num_statements": 14, "percent_covered": 100.0, "percent_covered_display": "100", "missing_lines": 0, "excluded_lines": 0, "percent_statements_covered": 100.0, "percent_statements_covered_display": "100"}, "missing_lines": [], "excluded_lines": [], "start_line": 116}, "_ignore": {"executed_lines": [144, 145, 146, 147, 148, 149, 150, 151, 152, 153, 154, 155], "summary": {"covered_lines": 12, "num_statements": 12, "percent_covered": 100.0, "percent_covered_display": "100", "missing_lines": 0, "excluded_lines": 0, "percent_statements_covered": 100.0, "percent_statements_covered_display": "100"}, "missing_lines": [], "excluded_lines": [], "start_line": 142}, "_post_pr_comment": {"executed_lines": [168, 170, 171, 176, 177, 178, 179, 180, 181, 182, 183, 184], "summary": {"covered_lines": 12, "num_statements": 12, "percent_covered": 100.0, "percent_covered_display": "100", "missing_lines": 0, "excluded_lines": 0, "percent_statements_covered": 100.0, "percent_statements_covered_display": "100"}, "missing_lines": [], "excluded_lines": [], "start_line": 166}, "_fetch_comment_body": {"executed_lines": [189, 191, 192, 196, 197, 198, 199, 200, 201, 202, 203, 204], "summary": {"covered_lines": 12, "num_statements": 12, "percent_covered": 100.0, "percent_covered_display": "100", "missing_lines": 0, "excluded_lines": 0, "percent_statements_covered": 100.0, "percent_statements_covered_display": "100"}, "missing_lines": [], "excluded_lines": [], "start_line": 187}, "review_reply_command": {"executed_lines": [223, 224, 225, 227, 228, 231, 232, 233, 234, 235, 236, 237, 238, 241, 242, 243, 247, 248, 250, 251, 252, 253, 255, 256, 258, 259, 260, 261, 263, 270, 271, 272, 274, 275, 276, 278, 279], "summary": {"covered_lines": 37, "num_statements": 37, "percent_covered": 100.0, "percent_covered_display": "100", "missing_lines": 0, "excluded_lines": 0, "percent_statements_covered": 100.0, "percent_statements_covered_display": "100"}, "missing_lines": [], "excluded_lines": [], "start_line": 212}, "": {"executed_lines": [22, 24, 25, 26, 27, 28, 29, 31, 32, 39, 40, 43, 60, 73, 116, 139, 142, 166, 187, 212], "summary": {"covered_lines": 20, "num_statements": 20, "percent_covered": 100.0, "percent_covered_display": "100", "missing_lines": 0, "excluded_lines": 0, "percent_statements_covered": 100.0, "percent_statements_covered_display": "100"}, "missing_lines": [], "excluded_lines": [], "start_line": 1}}, "classes": {"": {"executed_lines": [22, 24, 25, 26, 27, 28, 29, 31, 32, 39, 40, 43, 45, 46, 47, 48, 49, 50, 51, 52, 60, 73, 75, 76, 77, 78, 79, 80, 81, 83, 85, 87, 88, 92, 93, 95, 96, 97, 98, 100, 101, 111, 116, 118, 119, 120, 121, 122, 123, 124, 125, 126, 127, 128, 129, 130, 131, 139, 142, 144, 145, 146, 147, 148, 149, 150, 151, 152, 153, 154, 155, 166, 168, 170, 171, 176, 177, 178, 179, 180, 181, 182, 183, 184, 187, 189, 191, 192, 196, 197, 198, 199, 200, 201, 202, 203, 204, 212, 223, 224, 225, 227, 228, 231, 232, 233, 234, 235, 236, 237, 238, 241, 242, 243, 247, 248, 250, 251, 252, 253, 255, 256, 258, 259, 260, 261, 263, 270, 271, 272, 274, 275, 276, 278, 279], "summary": {"covered_lines": 135, "num_statements": 135, "percent_covered": 100.0, "percent_covered_display": "100", "missing_lines": 0, "excluded_lines": 4, "percent_statements_covered": 100.0, "percent_statements_covered_display": "100"}, "missing_lines": [], "excluded_lines": [89, 90, 112, 113], "start_line": 1}}}, "lakelogic\\cli\\run_log_reader.py": {"executed_lines": [8, 9, 10, 12, 15, 18, 19, 21, 31, 32, 34, 44, 45, 46, 47, 49, 51, 52, 53, 54, 55, 56, 57, 59, 69, 70, 71, 72, 73, 75, 86, 87, 88, 89, 90, 91, 92, 93, 94, 95, 96, 97, 98, 99, 100, 101, 103, 117, 118, 119, 120, 122, 123, 124, 125, 126, 128, 129, 130, 131, 132, 136, 137, 139, 140, 141, 142, 144, 158, 160, 161, 162, 163, 164, 166, 167, 168, 169, 170, 174, 175, 176, 178, 179, 180, 181, 183, 184, 194, 195, 196, 197, 198, 199, 201, 202, 213, 214, 215, 216], "summary": {"covered_lines": 100, "num_statements": 100, "percent_covered": 100.0, "percent_covered_display": "100", "missing_lines": 0, "excluded_lines": 0, "percent_statements_covered": 100.0, "percent_statements_covered_display": "100"}, "missing_lines": [], "excluded_lines": [], "functions": {"RunLogReader.__init__": {"executed_lines": [19], "summary": {"covered_lines": 1, "num_statements": 1, "percent_covered": 100.0, "percent_covered_display": "100", "missing_lines": 0, "excluded_lines": 0, "percent_statements_covered": 100.0, "percent_statements_covered_display": "100"}, "missing_lines": [], "excluded_lines": [], "start_line": 18}, "RunLogReader.last_success": {"executed_lines": [31,
[...]
s": 0, "percent_statements_covered": 100.0, "percent_statements_covered_display": "100"}, "missing_lines": [], "excluded_lines": [], "start_line": 55}, "BaseConnector": {"executed_lines": [91, 95], "summary": {"covered_lines": 2, "num_statements": 2, "percent_covered": 100.0, "percent_covered_display": "100", "missing_lines": 0, "excluded_lines": 0, "percent_statements_covered": 100.0, "percent_statements_covered_display": "100"}, "missing_lines": [], "excluded_lines": [], "start_line": 69}, "DeltaConnector": {"executed_lines": [108, 109, 110, 113, 114, 115, 116, 117, 118, 119, 122, 125, 126, 127, 128, 129, 130, 131, 135, 136, 138, 139, 141, 143, 144, 146, 147, 150, 152, 153, 154, 155, 156, 158, 159, 160, 161, 164, 165, 167, 168, 169, 172, 179, 182, 183, 188, 189, 191, 192, 193, 195, 196, 197, 198, 199, 201, 202, 203, 204, 205, 206, 207, 208, 211, 212, 213, 214, 215, 216, 217, 218, 228, 231, 233, 234, 236, 237, 238, 239, 240, 243, 249, 250, 251, 253, 254, 256, 257, 258, 259, 260, 261, 262, 263, 270, 271, 272, 273, 274, 275, 276, 277, 279, 280, 288, 300, 301, 302, 303, 304, 305, 306, 307, 310, 311, 312, 313, 314, 315, 316, 318, 319, 320], "summary": {"covered_lines": 124, "num_statements": 141, "percent_covered": 87.94326241134752, "percent_covered_display": "88", "missing_lines": 17, "excluded_lines": 0, "percent_statements_covered": 87.94326241134752, "percent_statements_covered_display": "88"}, "missing_lines": [120, 121, 162, 170, 184, 185, 186, 209, 210, 225, 226, 266, 267, 278, 285, 286, 317], "excluded_lines": [], "start_line": 101}, "DuckDBConnector": {"executed_lines": [332, 333, 336, 337, 338, 341, 342, 343, 344, 347, 348, 350, 351, 354, 355, 356, 357, 358, 359, 361, 363, 371, 373, 374, 377, 378, 379, 380, 381, 383, 384, 385, 386, 387, 388, 389, 390, 391, 392, 393, 394, 395, 396, 401, 402, 403, 404, 405, 407, 417, 418, 419, 420, 421, 422, 425, 426, 427, 428, 429, 430, 433], "summary": {"covered_lines": 62, "num_statements": 69, "percent_covered": 89.85507246376811, "percent_covered_display": "90", "missing_lines": 7, "excluded_lines": 0, "percent_statements_covered": 89.85507246376811, "percent_statements_covered_display": "90"}, "missing_lines": [360, 362, 372, 397, 398, 431, 432], "excluded_lines": [], "start_line": 326}, "UnityCatalogConnector": {"executed_lines": [448, 449, 450, 451, 454, 455, 456, 457, 458, 463, 464, 465, 466, 469, 470, 476, 477, 480, 483, 484, 485, 486, 487, 488, 490, 491, 492, 493, 496, 497, 501, 502, 503, 505, 515, 518, 519, 522, 523, 524, 525, 526, 529, 539, 540, 541, 542, 548, 549, 550, 551, 552, 556, 567, 568, 572, 573, 574, 575, 576, 577], "summary": {"covered_lines": 61, "num_statements": 68, "percent_covered": 89.70588235294117, "percent_covered_display": "90", "missing_lines": 7, "excluded_lines": 0, "percent_statements_covered": 89.70588235294117, "percent_statements_covered_display": "90"}, "missing_lines": [494, 504, 512, 513, 516, 553, 554], "excluded_lines": [], "start_line": 439}, "": {"executed_lines": [9, 11, 12, 13, 14, 15, 17, 19, 25, 26, 27, 28, 29, 30, 31, 33, 34, 37, 38, 47, 48, 49, 50, 51, 54, 55, 56, 57, 58, 59, 60, 62, 69, 71, 72, 75, 76, 79, 80, 83, 93, 94, 101, 107, 112, 124, 133, 149, 181, 230, 297, 326, 331, 335, 340, 346, 376, 414, 439, 445, 447, 453, 468, 479, 521, 563, 583, 585, 586, 588, 589, 590, 591, 592], "summary": {"covered_lines": 74, "num_statements": 75, "percent_covered": 98.66666666666667, "percent_covered_display": "99", "missing_lines": 1, "excluded_lines": 0, "percent_statements_covered": 98.66666666666667, "percent_statements_covered_display": "99"}, "missing_lines": [587], "excluded_lines": [], "start_line": 1}}}, "lakelogic\\scanner\\schema_drift.py": {"executed_lines": [14, 16, 17, 18, 19, 20, 22, 25, 42, 43, 44, 45, 46, 47, 50, 51, 57, 58, 59, 60, 61, 64, 65, 66, 67, 68, 69, 71, 72, 73, 75, 76, 77, 78, 79, 80, 82, 84, 86, 87, 88, 89, 90, 93, 94, 95, 96, 97, 98, 99, 100, 101, 102, 103, 105, 106, 122, 127, 128, 130, 131, 133, 134, 136, 137, 138, 139, 140, 141, 146, 147, 153, 164, 165, 166, 169, 170, 174, 180, 182, 183, 184, 185, 186, 188, 189, 190, 191, 192, 193, 194, 195, 197, 198, 199, 200, 204, 205, 206, 207, 208, 210, 211, 212, 216], "summary": {"covered_lines": 105, "num_statements": 109, "percent_covered": 96.3302752293578, "percent_covered_display": "96", "missing_lines": 4, "excluded_lines": 0, "percent_statements_covered": 96.3302752293578, "percent_statements_covered_display": "96"}, "missing_lines": [83, 91, 201, 202], "excluded_lines": [], "functions": {"_type_rank": {"executed_lines": [43, 44, 45, 46, 47], "summary": {"covered_lines": 5, "num_statements": 5, "percent_covered": 100.0, "percent_covered_display": "100", "missing_lines": 0, "excluded_lines": 0, "percent_statements_covered": 100.0, "percent_statements_covered_display": "100"}, "missing_lines": [], "excluded_lines": [], "start_line": 42}, "_is_narrowing": {"executed_lines": [51], "summary": {"covered_lines": 1, "num_statements": 1, "percent_covered": 100.0, "percent_covered_display": "100", "missing_lines": 0, "excluded_lines": 0, "percent_statements_covered": 100.0, "percent_statements_covered_display": "100"}, "missing_lines": [], "excluded_lines": [], "start_line": 50}, "SchemaDiff.is_empty": {"executed_lines": [73], "summary": {"covered_lines": 1, "num_statements": 1, "percent_covered": 100.0, "percent_covered_display": "100", "missing_lines": 0, "excluded_lines": 0, "percent_statements_covered": 100.0, "percent_statements_covered_display": "100"}, "missing_lines": [], "excluded_lines": [], "start_line": 72}, "SchemaDiff.has_breaking_changes": {"executed_lines": [77, 78, 79, 80, 82, 84], "summary": {"covered_lines": 6, "num_statements": 7, "percent_covered": 85.71428571428571, "percent_covered_display": "86", "missing_lines": 1, "excluded_lines": 0, "percent_statements_covered": 85.71428571428571, "percent_statements_covered_display": "86"}, "missing_lines": [83], "excluded_lines": [], "start_line": 76}, "SchemaDiff.severity": {"executed_lines": [87, 88, 89, 90], "summary": {"covered_lines": 4, "num_statements": 5, "percent_covered": 80.0, "percent_covered_display": "80", "missing_lines": 1, "excluded_lines": 0, "percent_statements_covered": 80.0, "percent_statements_covered_display": "80"}, "missing_lines": [91], "excluded_lines": [], "start_line": 86}, "SchemaDiff.summary": {"executed_lines": [94, 95, 96, 97, 98, 99, 100, 101, 102, 103], "summary": {"covered_lines": 10, "num_statements": 10, "percent_covered": 100.0, "percent_covered_display": "100", "missing_lines": 0, "excluded_lines": 0, "percent_statements_covered": 100.0, "percent_statements_covered_display": "100"}, "missing_lines": [], "excluded_lines": [], "start_line": 93}, "SchemaDiff.to_dict": {"executed_lines": [106], "summary": {"covered_lines": 1, "num_statements": 1, "percent_covered": 100.0, "percent_covered_display": "100", "missing_lines": 0, "excluded_lines": 0, "percent_statements_covered": 100.0, "percent_statements_covered_display": "100"}, "missing_lines": [], "excluded_lines": [], "start_line": 105}, "compare_schemas": {"executed_lines": [127, 128, 130, 131, 133, 134, 136, 137, 138, 139, 140, 141, 146, 147, 153], "summary": {"covered_lines": 15, "num_statements": 15, "percent_covered": 100.0, "percent_covered_display": "100", "missing_lines": 0, "excluded_lines": 0, "percent_statements_covered": 100.0, "percent_statements_covered_display": "100"}, "missing_lines": [], "excluded_lines": [], "start_line": 122}, "BaselineStore.get": {"executed_lines": [], "summary": {"covered_lines": 0, "num_statements": 0, "percent_covered": 100.0, "percent_covered_display": "100", "missing_lines": 0, "excluded_lines": 0, "percent_statements_covered": 100.0, "percent_statements_covered_display": "100"}, "missing_lines": [], "excluded_lines": [], "start_line": 166}, "BaselineStore.save": {"executed_lines": [], "summary": {"covered_lines": 0, "num_statements": 0, "percent_covered": 100.0, "percent_covered_display": "100", "missing_lines": 0, "excluded_lines": 0, "percent_statements_covered": 100.0, "percent_statements_covered_display": "100"}, "missing_lines": [], "excluded_lines": [], "start_line": 170}, "LocalBaselineStore.__init__": {"executed_lines": [183, 184, 185, 186], "summary": {"covered_lines": 4, "num_statements": 4, "percent_covered": 100.0, "percent_covered_display": "100", "missing_lines": 0, "excluded_lines": 0, "percent_statements_covered": 100.0, "percent_statements_covered_display": "100"}, "missing_lines": [], "excluded_lines": [], "start_line": 182}, "LocalBaselineStore._load": {"executed_lines": [189, 190, 191, 192, 193, 194, 195], "summary": {"covered_lines": 7, "num_statements": 7, "percent_covered": 100.0, "percent_covered_display": "100", "missing_lines": 0, "excluded_lines": 0, "percent_statements_covered": 100.0, "percent_statements_covered_display": "100"}, "missing_lines": [], "excluded_lines": [], "start_line": 188}, "LocalBaselineStore._flush": {"executed_lines": [198, 199, 200], "summary": {"covered_lines": 3, "num_statements": 5, "percent_covered": 60.0, "percent_covered_display": "60", "missing_lines": 2, "excluded_lines": 0, "percent_statements_covered": 60.0, "percent_statements_covered_display": "60"}, "missing_lines": [201, 202], "excluded_lines": [], "start_line": 197}, "LocalBaselineStore.get": {"executed_lines": [205, 206, 207, 208], "summary": {"covered_lines": 4, "num_statements": 4, "percent_covered": 100.0, "percent_covered_display": "100", "missing_lines": 0, "excluded_lines": 0, "percent_statements_covered": 100.0, "percent_statements_covered_display": "100"}, "missing_lines": [], "excluded_lines": [], "start_line": 204}, "LocalBaselineStore.save": {"executed_lines": [211, 212, 216], "summary": {"covered_lines": 3, "num_statements": 3, "percent_covered": 100.0, "percent_covered_display": "100", "missing_lines": 0, "excluded_lines": 0, "percent_statements_covered": 100.0, "percent_statements_covered_display": "100"}, "missing_lines": [], "excluded_lines": [], "start_line": 210}, "": {"executed_lines": [14, 16, 17, 18, 19, 20, 22, 25, 42, 50, 57, 58, 59, 60, 61, 64, 65, 66, 67, 68, 69, 71, 72, 75, 76, 86, 93, 105, 122, 164, 165, 166, 169, 170, 174, 180, 182, 188, 197, 204, 210], "summary": {"covered_lines": 41, "num_statements": 41, "percent_covered": 100.0, "percent_covered_display": "100", "missing_lines": 0, "excluded_lines": 0, "percent_statements_covered": 100.0, "percent_statements_covered_display": "100"}, "missing_lines": [], "excluded_lines": [], "start_line": 1}}, "classes": {"ColumnChange": {"executed_lines": [], "summary": {"covered_lines": 0, "num_statements": 0, "percent_covered": 100.0, "percent_covered_display": "100", "missing_lines": 0, "excluded_lines": 0, "percent_statements_covered": 100.0, "percent_statements_covered_display": "100"}, "missing_lines": [], "excluded_lines": [], "start_line": 58}, "SchemaDiff": {"executed_lines": [73, 77, 78, 79, 80, 82, 84, 87, 88, 89, 90, 94, 95, 96, 97, 98, 99, 100, 101, 102, 103, 106], "summary": {"covered_lines": 22, "num_statements": 24, "percent_covered": 91.66666666666667, "percent_covered_display": "92", "missing_lines": 2, "excluded_lines": 0, "percent_statements_covered": 91.66666666666667, "percent_statements_covered_display": "92"}, "missing_lines": [83, 91], "excluded_lines": [], "start_line": 65}, "BaselineStore": {"executed_lines": [], "summary": {"covered_lines": 0, "num_statements": 0, "percent_covered": 100.0, "percent_covered_display": "100", "missing_lines": 0, "excluded_lines": 0, "percent_statements_covered": 100.0, "percent_statements_covered_display": "100"}, "missing_lines": [], "excluded_lines": [], "start_line": 164}, "LocalBaselineStore": {"executed_lines": [183, 184, 185, 186, 189, 190, 191, 192, 193, 194, 195, 198, 199, 200, 205, 206, 207, 208, 211, 212, 216], "summary": {"covered_lines": 21, "num_statements": 23, "percent_covered": 91.30434782608695, "percent_covered_display": "91", "missing_lines": 2, "excluded_lines": 0, "percent_statements_covered": 91.30434782608695, "percent_statements_covered_display": "91"}, "missing_lines": [201, 202], "excluded_lines": [], "start_line": 174}, "": {"executed_lines": [14, 16, 17, 18, 19, 20, 22, 25, 42, 43, 44, 45, 46, 47, 50, 51, 57, 58, 59, 60, 61, 64, 65, 66, 67, 68, 69, 71, 72, 75, 76, 86, 93, 105, 122, 127, 128, 130, 131, 133, 134, 136, 137, 138, 139, 140, 141, 146, 147, 153, 164, 165, 166, 169, 170, 174, 180, 182, 188, 197, 204, 210], "summary": {"covered_lines": 62, "num_statements": 62, "percent_covered": 100.0, "percent_covered_display": "100", "missing_lines": 0, "excluded_lines": 0, "percent_statements_covered": 100.0, "percent_statements_covered_display": "100"}, "missing_lines": [], "excluded_lines": [], "start_line": 1}}}, "lakelogic\\scanner\\validator.py": {"executed_lines": [12, 14, 15, 16, 17, 19, 21, 22, 23, 24, 25, 28, 45, 51, 52, 53, 57, 60, 61, 63, 73, 74, 75, 77, 78, 79, 81, 82, 83, 84, 85, 86, 88, 89, 91, 102, 105, 106, 108, 109, 110, 121, 126, 127, 137, 138, 139, 141, 144, 145, 147, 148, 158, 170, 173, 174, 176, 177, 179, 180, 181, 190, 192, 193, 203, 205, 206, 207, 209, 210, 211, 212, 216, 217, 219, 229, 232, 233, 234, 236, 237, 238, 240, 241, 243, 253, 254, 257, 258, 260, 266, 279, 281, 282, 283, 284, 285, 294, 296, 298, 299, 300, 302, 303, 304, 306, 307, 308, 310, 314, 322, 323, 325, 331, 332, 333, 334, 335, 343, 346, 347, 348, 349, 350, 352, 353, 355, 361, 363, 374, 382, 383, 386, 387, 388, 389, 393, 399, 400, 401, 404, 405, 406, 407, 408, 409, 411, 418, 420, 421, 430, 436, 437, 439], "summary": {"covered_lines": 154, "num_statements": 159, "percent_covered": 96.85534591194968, "percent_covered_display": "97", "missing_lines": 5, "excluded_lines": 0, "percent_statements_covered": 96.85534591194968, "percent_statements_covered_display": "97"}, "missing_lines": [64, 142, 214, 244, 255], "excluded_lines": [], "functions": {"ScannerValidator.__init__": {"executed_lines": [51, 52, 53], "summary": {"covered_lines": 3, "num_statements": 3, "percent_covered": 100.0, "percent_covered_display": "100", "missing_lines": 0, "excluded_lines": 0, "percent_statements_covered": 100.0, "percent_statements_covered_display": "100"}, "missing_lines": [], "excluded_lines": [], "start_line": 45}, "ScannerValidator._check_freshness": {"executed_lines": [60, 61, 63, 73, 74, 75, 77, 78, 79, 81, 82, 83, 84, 85, 86, 88, 89, 91], "summary": {"covered_lines": 18, "num_statements": 19, "percent_covered": 94.73684210526316, "percent_covered_display": "95", "missing_lines": 1, "excluded_lines": 0, "percent_statements_covered": 94.73684210526316, "percent_statements_covered_display": "95"}, "missing_lines": [64], "excluded_lines": [], "start_line": 57}, "ScannerValidator._check_volume": {"executed_lines": [105, 106, 108, 109, 110, 121, 126, 127, 137, 138, 139, 141, 144, 145, 147, 148, 158], "summary": {"covered_lines": 17, "num_statements": 18, "percent_covered": 94.44444444444444, "percent_covered_display": "94", "missing_lines": 1, "excluded_lines": 0, "percent_statements_covered": 94.44444444444444, "percent_statements_covered_display": "94"}, "missing_lines": [142], "excluded_lines": [], "start_line": 102}, "ScannerValidator._check_schema_drift": {"executed_lines": [173, 174, 176, 177, 179, 180, 181, 190, 192, 193, 203, 205, 206, 207, 209, 210, 211, 212, 216, 217, 219], "summary": {"covered_lines": 21, "num_statements": 22, "percent_covered": 95.45454545454545, "percent_covered_display": "95", "missing_lines": 1, "excluded_lines": 0, "percent_statements_covered": 95.45454545454545, "percent_statements_covered_display": "95"}, "missing_lines": [214], "excluded_lines": [], "start_line": 170}, "ScannerValidator._check_retention": {"executed_lines": [232, 233, 234, 236, 237, 238, 240, 241, 243, 253, 254, 257, 258, 260, 266], "summary": {"covered_lines": 15, "num_statements": 17, "percent_covered": 88.23529411764706, "percent_covered_display": "88", "missing_lines": 2, "excluded_lines": 0, "percent_statements_covered": 88.23529411764706, "percent_statements_covered_display": "88"}, "missing_lines": [244, 255], "excluded_lines": [], "start_line": 229}, "ScannerValidator.scan_table": {"executed_lines": [281, 282, 283, 284, 285, 294, 296, 298, 299, 300, 302, 303, 304, 306, 307, 308, 310], "summary": {"covered_lines": 17, "num_statements": 17, "percent_covered": 100.0, "percent_covered_display": "100", "missing_lines": 0, "excluded_lines": 0, "percent_statements_covered": 100.0, "percent_statements_covered_display": "100"}, "missing_lines": [], "excluded_lines": [], "start_line": 279}, "ScannerValidator.run": {"executed_lines": [322, 323, 325, 331, 332, 333, 334, 335, 343, 346, 347, 348, 349, 350, 352, 353, 355, 361, 363], "summary": {"covered_lines": 19, "num_statements": 19, "percent_covered": 100.0, "percent_covered_display": "100", "missing_lines": 0, "excluded_lines": 0, "percent_statements_covered": 100.0, "percent_statements_covered_display": "100"}, "missing_lines": [], "excluded_lines": [], "start_line": 314}, "ScannerValidator._write_results": {"executed_lines": [382, 383, 386, 387, 388, 389, 393, 399, 400, 401, 404, 405, 406, 407, 408, 409], "summary": {"covered_lines": 16, "num_statements": 16, "percent_covered": 100.0, "percent_covered_display": "100", "missing_lines": 0, "excluded_lines": 0, "percent_statements_covered": 100.0, "percent_statements_covered_display": "100"}, "missing_lines": [], "excluded_lines": [], "start_line": 374}, "ScannerValidator._push_observatory": {"executed_lines": [418, 420, 421, 430, 436, 437, 439], "summary": {"covered_lines": 7, "num_statements": 7, "percent_covered": 100.0, "percent_covered_display": "100", "missing_lines": 0, "excluded_lines": 0, "percent_statements_covered": 100.0, "percent_statements_covered_display": "100"}, "missing_lines": [], "excluded_lines": [], "start_line": 411}, "": {"executed_lines": [12, 14, 15, 16, 17, 19, 21, 22, 23, 24, 25, 28, 45, 57, 102, 170, 229, 279, 314, 374, 411], "summary": {"covered_lines": 21, "num_statements": 21, "percent_covered": 100.0, "percent_covered_display": "100", "missing_lines": 0, "excluded_lines": 0, "percent_statements_covered": 100.0, "percent_statements_covered_display": "100"}, "missing_lines": [], "excluded_lines": [], "start_line": 1}}, "classes": {"ScannerValidator": {"executed_lines": [51, 52, 53, 60, 61, 63, 73, 74, 75, 77, 78, 79, 81, 82, 83, 84, 85, 86, 88, 89, 91, 105, 106, 108, 109, 110, 121, 126, 127, 137, 138, 139, 141, 144, 145, 147, 148, 158, 173, 174, 176, 177, 179, 180, 181, 190, 192, 193, 203, 205, 206, 207, 209, 210, 211, 212, 216, 217, 219, 232, 233, 234, 236, 237, 238, 240, 241, 243, 253, 254, 257, 258, 260, 266, 281, 282, 283, 284, 285, 294, 296, 298, 299, 300, 302, 303, 304, 306, 307, 308, 310, 322, 323, 325, 331, 332, 333, 334, 335, 343, 346, 347, 348, 349, 350, 352, 353, 355, 361, 363, 382, 383, 386, 387, 388, 389, 393, 399, 400, 401, 404, 405, 406, 407, 408, 409, 418, 420, 421, 430, 436, 437, 439], "summary": {"covered_lines": 133, "num_statements": 138, "percent_covered": 96.3768115942029, "percent_covered_display": "96", "missing_lines": 5, "excluded_lines": 0, "percent_statements_covered": 96.3768115942029, "percent_statements_covered_display": "96"}, "missing_lines": [64, 142, 214, 244, 255], "excluded_lines": [], "start_line": 28}, "": {"executed_lines": [12, 14, 15, 16, 17, 19, 21, 22, 23, 24, 25, 28, 45, 57, 102, 170, 229, 279, 314, 374, 411], "summary": {"covered_lines": 21, "num_statements": 21, "percent_covered": 100.0, "percent_covered_display": "100", "missing_lines": 0, "excluded_lines": 0, "percent_statements_covered": 100.0, "percent_statements_covered_display": "100"}, "missing_lines": [], "excluded_lines": [], "start_line": 1}}}}, "totals": {"covered_lines": 15662, "num_statements": 19252, "percent_covered": 81.35258674423436, "percent_covered_display": "81", "missing_lines": 3590, "excluded_lines": 1013, "percent_statements_covered": 81.35258674423436, "percent_statements_covered_display": "81"}}