=========================================================================================================================================== test session starts ===========================================================================================================================================
collecting ... collected 356 items

tests/test_backlog.py::TestGDPRForget::test_forget_nullify_polars PASSED                                                                                                                                                                                                                             [  0%]
tests/test_backlog.py::TestGDPRForget::test_forget_hash_polars PASSED                                                                                                                                                                                                                                [  0%]
tests/test_backlog.py::TestGDPRForget::test_forget_redact_polars PASSED                                                                                                                                                                                                                              [  0%]
tests/test_backlog.py::TestGDPRForget::test_forget_nullify_pandas PASSED                                                                                                                                                                                                                             [  1%]
tests/test_backlog.py::TestGDPRForget::test_forget_nonexistent_subject PASSED                                                                                                                                                                                                                        [  1%]
tests/test_backlog.py::TestGDPRForget::test_forget_missing_subject_column_raises PASSED                                                                                                                                                                                                              [  1%]
tests/test_backlog.py::TestGDPRForget::test_forget_no_pii_fields_warns PASSED                                                                                                                                                                                                                        [  1%]
tests/test_backlog.py::TestGDPRForget::test_invalid_strategy_raises PASSED                                                                                                                                                                                                                           [  2%]
tests/test_backlog.py::TestGDPRMask::test_mask_nullify_polars PASSED                                                                                                                                                                                                                                 [  2%]
tests/test_backlog.py::TestGDPRMask::test_mask_hash_preserves_referential_integrity PASSED                                                                                                                                                                                                           [  2%]
tests/test_backlog.py::TestGDPRMask::test_mask_pandas PASSED                                                                                                                                                                                                                                         [  3%]
tests/test_backlog.py::TestGDPRMask::test_mask_with_custom_columns PASSED                                                                                                                                                                                                                            [  3%]
tests/test_backlog.py::TestGDPRAuditReport::test_erasure_report PASSED                                                                                                                                                                                                                               [  3%]
tests/test_backlog.py::TestDateDimension::test_basic_generation_polars PASSED                                                                                                                                                                                                                        [  3%]
tests/test_backlog.py::TestDateDimension::test_basic_generation_pandas PASSED                                                                                                                                                                                                                        [  4%]
tests/test_backlog.py::TestDateDimension::test_date_key_format PASSED                                                                                                                                                                                                                                [  4%]
tests/test_backlog.py::TestDateDimension::test_day_of_week PASSED                                                                                                                                                                                                                                    [  4%]
tests/test_backlog.py::TestDateDimension::test_weekend_flags PASSED                                                                                                                                                                                                                                  [  5%]
tests/test_backlog.py::TestDateDimension::test_us_holidays PASSED                                                                                                                                                                                                                                    [  5%]
tests/test_backlog.py::TestDateDimension::test_uk_holidays PASSED                                                                                                                                                                                                                                    [  5%]
tests/test_backlog.py::TestDateDimension::test_fiscal_year_april_start PASSED                                                                                                                                                                                                                        [  5%]
tests/test_backlog.py::TestDateDimension::test_custom_holidays PASSED                                                                                                                                                                                                                                [  6%]
tests/test_backlog.py::TestDateDimension::test_month_start_end_flags PASSED                                                                                                                                                                                                                          [  6%]
tests/test_backlog.py::TestDateDimension::test_relative_flags PASSED                                                                                                                                                                                                                                 [  6%]
tests/test_backlog.py::TestDateDimension::test_duckdb_output PASSED                                                                                                                                                                                                                                  [  7%]
tests/test_backlog.py::TestDateDimension::test_invalid_dates_raises PASSED                                                                                                                                                                                                                           [  7%]
tests/test_backlog.py::TestDateDimension::test_iso_week_columns PASSED                                                                                                                                                                                                                               [  7%]
tests/test_backlog.py::TestDateDimension::test_quarter_columns PASSED                                                                                                                                                                                                                                [  7%]
tests/test_backlog.py::TestPolarsStreaming::test_streaming_requires_polars_engine PASSED                                                                                                                                                                                                             [  8%]
tests/test_backlog.py::TestPolarsStreaming::test_streaming_parquet PASSED                                                                                                                                                                                                                            [  8%]
tests/test_backlog.py::TestPolarsStreaming::test_streaming_sink_to_parquet PASSED                                                                                                                                                                                                                    [  8%]
tests/test_backlog.py::TestPolarsStreaming::test_streaming_csv PASSED                                                                                                                                                                                                                                [  8%]
tests/test_backlog.py::TestPartitionAwareMerge::test_partitioned_merge_creates_partition_dirs PASSED                                                                                                                                                                                                 [  9%]
tests/test_backlog.py::TestPartitionAwareMerge::test_partitioned_merge_upserts_correctly PASSED                                                                                                                                                                                                      [  9%]
tests/test_backlog.py::TestPartitionAwareMerge::test_partitioned_merge_scopes_to_affected_partitions PASSED                                                                                                                                                                                          [  9%]
tests/test_backlog.py::TestPartitionAwareMerge::test_partitioned_merge_polars_input PASSED                                                                                                                                                                                                           [ 10%]
tests/test_backlog.py::TestProcessorBacklogFeatures::test_processor_forget PASSED                                                                                                                                                                                                                    [ 10%]
tests/test_backlog.py::TestProcessorBacklogFeatures::test_processor_mask_pii PASSED                                                                                                                                                                                                                  [ 10%]
tests/test_backlog.py::TestProcessorBacklogFeatures::test_processor_generate_date_dimension PASSED                                                                                                                                                                                                   [ 10%]
tests/test_bootstrap.py::test_bootstrap_generates_contracts PASSED                                                                                                                                                                                                                                   [ 11%]
tests/test_bootstrap_sync.py::test_bootstrap_sync_adds_new_entities PASSED                                                                                                                                                                                                                           [ 11%]
tests/test_cli.py::test_cli_help PASSED                                                                                                                                                                                                                                                              [ 11%]
tests/test_cli.py::test_cli_run_missing_args PASSED                                                                                                                                                                                                                                                  [ 12%]
tests/test_core.py::TestValidationResult::test_two_tuple_unpack PASSED                                                                                                                                                                                                                               [ 12%]
tests/test_core.py::TestValidationResult::test_getitem PASSED                                                                                                                                                                                                                                        [ 12%]
tests/test_core.py::TestValidationResult::test_len_is_two PASSED                                                                                                                                                                                                                                     [ 12%]
tests/test_core.py::TestValidationResult::test_raw_defaults_to_none PASSED                                                                                                                                                                                                                           [ 13%]
tests/test_core.py::TestValidationResult::test_raw_attribute_access PASSED                                                                                                                                                                                                                           [ 13%]
tests/test_core.py::TestValidationResult::test_trace_attribute_access PASSED                                                                                                                                                                                                                         [ 13%]
tests/test_core.py::TestValidationResult::test_repr_does_not_raise PASSED                                                                                                                                                                                                                            [ 14%]
tests/test_core.py::TestProcessorRun::test_basic_quality_split PASSED                                                                                                                                                                                                                                [ 14%]
tests/test_core.py::TestProcessorRun::test_unpack_with_attribute_access PASSED                                                                                                                                                                                                                       [ 14%]
tests/test_core.py::TestProcessorRun::test_run_returns_validation_result PASSED                                                                                                                                                                                                                      [ 14%]
tests/test_core.py::TestProcessorRun::test_no_rules_passes_all PASSED                                                                                                                                                                                                                                [ 15%]
tests/test_core.py::TestProcessorRun::test_all_rows_quarantined PASSED                                                                                                                                                                                                                               [ 15%]
tests/test_core.py::TestRunSource::test_run_source_csv_polars PASSED                                                                                                                                                                                                                                 [ 15%]
tests/test_core.py::TestRunSource::test_run_source_explicit_path PASSED                                                                                                                                                                                                                              [ 16%]
tests/test_core.py::TestRunSource::test_run_source_parquet_polars PASSED                                                                                                                                                                                                                             [ 16%]
tests/test_core.py::TestRunSource::test_run_source_with_quality_rules PASSED                                                                                                                                                                                                                         [ 16%]
tests/test_core.py::TestRunSource::test_run_source_no_path_raises PASSED                                                                                                                                                                                                                             [ 16%]
tests/test_core.py::TestRunSource::test_run_source_csv_duckdb PASSED                                                                                                                                                                                                                                 [ 17%]
tests/test_core.py::TestTracing::test_trace_step_captures_duration PASSED                                                                                                                                                                                                                            [ 17%]
tests/test_core.py::TestTracing::test_trace_step_records_error PASSED                                                                                                                                                                                                                                [ 17%]
tests/test_core.py::TestTracing::test_run_captures_trace PASSED                                                                                                                                                                                                                                      [ 17%]
tests/test_core.py::TestTracing::test_show_trace_from_last_result PASSED                                                                                                                                                                                                                             [ 18%]
tests/test_core.py::TestTracing::test_run_source_includes_load_step PASSED                                                                                                                                                                                                                           [ 18%]
tests/test_core.py::TestEdgeCases::test_empty_dataframe PASSED                                                                                                                                                                                                                                       [ 18%]
tests/test_core.py::TestEdgeCases::test_multiple_rules PASSED                                                                                                                                                                                                                                        [ 19%]
tests/test_core.py::TestEdgeCases::test_processor_init_from_dict PASSED                                                                                                                                                                                                                              [ 19%]
tests/test_core.py::TestEdgeCases::test_processor_preserves_last_result PASSED                                                                                                                                                                                                                       [ 19%]
tests/test_core.py::TestEdgeCases::test_result_raw_captures_input PASSED                                                                                                                                                                                                                             [ 19%]
tests/test_core.py::TestDuckDBAdapter::test_duckdb_quality_split PASSED                                                                                                                                                                                                                              [ 20%]
tests/test_core.py::TestDuckDBAdapter::test_duckdb_no_rules PASSED                                                                                                                                                                                                                                   [ 20%]
tests/test_core.py::TestDuckDBAdapter::test_duckdb_run_source_parquet PASSED                                                                                                                                                                                                                         [ 20%]
tests/test_core.py::TestSLOComputation::test_parse_duration_hours PASSED                                                                                                                                                                                                                             [ 21%]
tests/test_core.py::TestSLOComputation::test_parse_duration_minutes PASSED                                                                                                                                                                                                                           [ 21%]
tests/test_core.py::TestSLOComputation::test_parse_duration_numeric PASSED                                                                                                                                                                                                                           [ 21%]
tests/test_core.py::TestSLOComputation::test_parse_duration_none PASSED                                                                                                                                                                                                                              [ 21%]
tests/test_core.py::TestSLOComputation::test_coerce_datetime_none PASSED                                                                                                                                                                                                                             [ 22%]
tests/test_core.py::TestSLOComputation::test_coerce_datetime_iso_string PASSED                                                                                                                                                                                                                       [ 22%]
tests/test_core.py::TestPandasAdapter::test_pandas_quality_split PASSED                                                                                                                                                                                                                              [ 22%]
tests/test_core.py::TestPandasAdapter::test_pandas_no_rules PASSED                                                                                                                                                                                                                                   [ 23%]
tests/test_core.py::TestPandasAdapter::test_pandas_returns_pandas_dataframes PASSED                                                                                                                                                                                                                  [ 23%]
tests/test_core.py::TestPandasAdapter::test_pandas_run_source_csv PASSED                                                                                                                                                                                                                             [ 23%]
tests/test_core.py::TestPandasAdapter::test_pandas_result_raw_captures_input PASSED                                                                                                                                                                                                                  [ 23%]
tests/test_core.py::TestPandasAdapter::test_pandas_multiple_rules PASSED                                                                                                                                                                                                                             [ 24%]
tests/test_core.py::TestPandasAdapter::test_pandas_all_quarantined PASSED                                                                                                                                                                                                                            [ 24%]
tests/test_core.py::TestPandasAdapter::test_pandas_empty_dataframe PASSED                                                                                                                                                                                                                            [ 24%]
tests/test_core.py::TestSparkAdapter::test_spark_quality_split SKIPPED (PySpark local mode unreliable on Windows (run in CI/Databricks))                                                                                                                                                             [ 25%]
tests/test_core.py::TestSparkAdapter::test_spark_no_rules SKIPPED (PySpark local mode unreliable on Windows (run in CI/Databricks))                                                                                                                                                                  [ 25%]
tests/test_core.py::TestSparkAdapter::test_spark_returns_spark_dataframes SKIPPED (PySpark local mode unreliable on Windows (run in CI/Databricks))                                                                                                                                                  [ 25%]
tests/test_core.py::TestSparkAdapter::test_spark_multiple_rules SKIPPED (PySpark local mode unreliable on Windows (run in CI/Databricks))                                                                                                                                                            [ 25%]
tests/test_core.py::TestSparkAdapter::test_spark_all_quarantined SKIPPED (PySpark local mode unreliable on Windows (run in CI/Databricks))                                                                                                                                                           [ 26%]
tests/test_core.py::TestSparkAdapter::test_spark_result_raw_captures_input SKIPPED (PySpark local mode unreliable on Windows (run in CI/Databricks))                                                                                                                                                 [ 26%]
tests/test_core.py::TestSparkAdapter::test_spark_run_source_parquet SKIPPED (PySpark local mode unreliable on Windows (run in CI/Databricks))                                                                                                                                                        [ 26%]
tests/test_ddl.py::TestTypeResolution::test_string_types PASSED                                                                                                                                                                                                                                      [ 26%]
tests/test_ddl.py::TestTypeResolution::test_integer_types PASSED                                                                                                                                                                                                                                     [ 27%]
tests/test_ddl.py::TestTypeResolution::test_float_types PASSED                                                                                                                                                                                                                                       [ 27%]
tests/test_ddl.py::TestTypeResolution::test_boolean_types PASSED                                                                                                                                                                                                                                     [ 27%]
tests/test_ddl.py::TestTypeResolution::test_timestamp_types PASSED                                                                                                                                                                                                                                   [ 28%]
tests/test_ddl.py::TestTypeResolution::test_decimal_parameterised PASSED                                                                                                                                                                                                                             [ 28%]
tests/test_ddl.py::TestTypeResolution::test_varchar_parameterised PASSED                                                                                                                                                                                                                             [ 28%]
tests/test_ddl.py::TestTypeResolution::test_json_type PASSED                                                                                                                                                                                                                                         [ 28%]
tests/test_ddl.py::TestTypeResolution::test_unknown_type_passthrough PASSED                                                                                                                                                                                                                          [ 29%]
tests/test_ddl.py::TestGenerateDDL::test_basic_spark_ddl PASSED                                                                                                                                                                                                                                      [ 29%]
tests/test_ddl.py::TestGenerateDDL::test_basic_duckdb_ddl PASSED                                                                                                                                                                                                                                     [ 29%]
tests/test_ddl.py::TestGenerateDDL::test_basic_snowflake_ddl PASSED                                                                                                                                                                                                                                  [ 30%]
tests/test_ddl.py::TestGenerateDDL::test_basic_bigquery_ddl PASSED                                                                                                                                                                                                                                   [ 30%]
tests/test_ddl.py::TestGenerateDDL::test_basic_sqlite_ddl PASSED                                                                                                                                                                                                                                     [ 30%]
tests/test_ddl.py::TestGenerateDDL::test_basic_postgresql_ddl PASSED                                                                                                                                                                                                                                 [ 30%]
tests/test_ddl.py::TestGenerateDDL::test_primary_key_duckdb PASSED                                                                                                                                                                                                                                   [ 31%]
tests/test_ddl.py::TestGenerateDDL::test_primary_key_snowflake PASSED                                                                                                                                                                                                                                [ 31%]
tests/test_ddl.py::TestGenerateDDL::test_primary_key_not_in_spark PASSED                                                                                                                                                                                                                             [ 31%]
tests/test_ddl.py::TestGenerateDDL::test_partition_by_spark PASSED                                                                                                                                                                                                                                   [ 32%]
tests/test_ddl.py::TestGenerateDDL::test_partition_by_bigquery PASSED                                                                                                                                                                                                                                [ 32%]
tests/test_ddl.py::TestGenerateDDL::test_partition_by_not_in_duckdb PASSED                                                                                                                                                                                                                           [ 32%]
tests/test_ddl.py::TestGenerateDDL::test_cluster_by_bigquery PASSED                                                                                                                                                                                                                                  [ 32%]
tests/test_ddl.py::TestGenerateDDL::test_cluster_by_snowflake PASSED                                                                                                                                                                                                                                 [ 33%]
tests/test_ddl.py::TestGenerateDDL::test_custom_format_spark PASSED                                                                                                                                                                                                                                  [ 33%]
tests/test_ddl.py::TestGenerateDDL::test_column_comments_spark PASSED                                                                                                                                                                                                                                [ 33%]
tests/test_ddl.py::TestGenerateDDL::test_column_comments_snowflake PASSED                                                                                                                                                                                                                            [ 33%]
tests/test_ddl.py::TestGenerateDDL::test_no_comments_when_disabled PASSED                                                                                                                                                                                                                            [ 34%]
tests/test_ddl.py::TestGenerateDDL::test_table_description_snowflake PASSED                                                                                                                                                                                                                          [ 34%]
tests/test_ddl.py::TestGenerateDDL::test_if_not_exists_disabled PASSED                                                                                                                                                                                                                               [ 34%]
tests/test_ddl.py::TestGenerateDDL::test_custom_table_name PASSED                                                                                                                                                                                                                                    [ 35%]
tests/test_ddl.py::TestGenerateDDL::test_no_fields_raises PASSED                                                                                                                                                                                                                                     [ 35%]
tests/test_ddl.py::TestGenerateDDL::test_no_table_name_raises PASSED                                                                                                                                                                                                                                 [ 35%]
tests/test_ddl.py::TestGenerateDDL::test_pii_annotation_spark PASSED                                                                                                                                                                                                                                 [ 35%]
tests/test_ddl.py::TestDropDDL::test_drop_table PASSED                                                                                                                                                                                                                                               [ 36%]
tests/test_ddl.py::TestDropDDL::test_drop_without_if_exists PASSED                                                                                                                                                                                                                                   [ 36%]
tests/test_ddl.py::TestAlterDDL::test_alter_adds_new_columns PASSED                                                                                                                                                                                                                                  [ 36%]
tests/test_ddl.py::TestAlterDDL::test_alter_no_changes PASSED                                                                                                                                                                                                                                        [ 37%]
tests/test_ddl.py::TestAlterDDL::test_alter_case_insensitive PASSED                                                                                                                                                                                                                                  [ 37%]
tests/test_ddl.py::TestTableNameResolution::test_from_materialization PASSED                                                                                                                                                                                                                         [ 37%]
tests/test_ddl.py::TestTableNameResolution::test_from_dataset PASSED                                                                                                                                                                                                                                 [ 37%]
tests/test_ddl.py::TestTableNameResolution::test_from_info_title PASSED                                                                                                                                                                                                                              [ 38%]
tests/test_ddl.py::TestTableNameResolution::test_none_when_no_info PASSED                                                                                                                                                                                                                            [ 38%]
tests/test_ddl.py::TestCreateTableDuckDB::test_create_table_duckdb_memory PASSED                                                                                                                                                                                                                     [ 38%]
tests/test_ddl.py::TestCreateTableDuckDB::test_create_table_duckdb_dry_run PASSED                                                                                                                                                                                                                    [ 39%]
tests/test_ddl.py::TestCreateTableDuckDB::test_create_table_duckdb_with_primary_key PASSED                                                                                                                                                                                                           [ 39%]
tests/test_ddl.py::TestCreateTableDuckDB::test_create_table_duckdb_with_partition PASSED                                                                                                                                                                                                             [ 39%]
tests/test_ddl.py::TestCreateTableSQLite::test_create_table_sqlite_memory PASSED                                                                                                                                                                                                                     [ 39%]
tests/test_ddl.py::TestProcessorDDL::test_processor_generate_ddl PASSED                                                                                                                                                                                                                              [ 40%]
tests/test_ddl.py::TestProcessorDDL::test_processor_create_table_dry_run PASSED                                                                                                                                                                                                                      [ 40%]
tests/test_ddl.py::TestProcessorDDL::test_processor_defaults_to_own_engine PASSED                                                                                                                                                                                                                    [ 40%]
tests/test_driver.py::test_parse_layers_strict_valid PASSED                                                                                                                                                                                                                                          [ 41%]
tests/test_driver.py::test_parse_layers_strict_invalid PASSED                                                                                                                                                                                                                                        [ 41%]
tests/test_driver.py::test_parse_window_range_validation PASSED                                                                                                                                                                                                                                      [ 41%]
tests/test_driver.py::test_run_log_reader_sqlite PASSED                                                                                                                                                                                                                                              [ 41%]
tests/test_driver.py::test_driver_summary_written PASSED                                                                                                                                                                                                                                             [ 42%]
tests/test_driver_e2e.py::test_driver_end_to_end_pipeline PASSED                                                                                                                                                                                                                                     [ 42%]
tests/test_driver_e2e.py::test_driver_incremental_window_selection PASSED                                                                                                                                                                                                                            [ 42%]
tests/test_driver_e2e.py::test_driver_reprocess_overwrite_partition_safe PASSED                                                                                                                                                                                                                      [ 42%]
tests/test_driver_integration.py::TestDuckDBPipelineE2E::test_bronze_silver_gold_full_pipeline PASSED                                                                                                                                                                                                [ 43%]
tests/test_driver_integration.py::TestDuckDBPipelineE2E::test_duckdb_summary_table_write PASSED                                                                                                                                                                                                      [ 43%]
tests/test_driver_integration.py::TestDuckDBPipelineE2E::test_duckdb_metrics_emission PASSED                                                                                                                                                                                                         [ 43%]
tests/test_driver_integration.py::TestDriverFiltering::test_entity_filter_runs_only_selected PASSED                                                                                                                                                                                                  [ 44%]
tests/test_driver_integration.py::TestDriverFiltering::test_contract_filter PASSED                                                                                                                                                                                                                   [ 44%]
tests/test_driver_integration.py::TestDriverResume::test_resume_skips_completed PASSED                                                                                                                                                                                                               [ 44%]
tests/test_driver_integration.py::TestObservabilityFunctions::test_flatten_summary_keys PASSED                                                                                                                                                                                                       [ 44%]
tests/test_driver_integration.py::TestObservabilityFunctions::test_finalize_summary_writes_json PASSED                                                                                                                                                                                               [ 45%]
tests/test_driver_integration.py::TestObservabilityFunctions::test_emit_metrics_creates_snapshot PASSED                                                                                                                                                                                              [ 45%]
tests/test_driver_integration.py::TestObservabilityFunctions::test_format_prometheus_output PASSED                                                                                                                                                                                                   [ 45%]
tests/test_driver_integration.py::TestRunLogReaderIntegration::test_duckdb_run_log_reader PASSED                                                                                                                                                                                                     [ 46%]
tests/test_driver_integration.py::TestRunLogReaderIntegration::test_sqlite_run_log_reader PASSED                                                                                                                                                                                                     [ 46%]
tests/test_driver_integration.py::TestRunLogReaderIntegration::test_missing_run_log_table PASSED                                                                                                                                                                                                     [ 46%]
tests/test_driver_integration.py::TestRunLogReaderIntegration::test_missing_run_log_entry PASSED                                                                                                                                                                                                     [ 46%]
tests/test_driver_integration.py::TestBackfillWindows::test_daily_backfill PASSED                                                                                                                                                                                                                    [ 47%]
tests/test_driver_integration.py::TestBackfillWindows::test_weekly_backfill PASSED                                                                                                                                                                                                                   [ 47%]
tests/test_driver_integration.py::TestBackfillWindows::test_invalid_range_raises PASSED                                                                                                                                                                                                              [ 47%]
tests/test_driver_integration.py::TestDuckDBTransforms::test_derive_transformation PASSED                                                                                                                                                                                                            [ 48%]
tests/test_driver_integration.py::TestDuckDBTransforms::test_filter_transformation PASSED                                                                                                                                                                                                            [ 48%]
tests/test_driver_integration.py::TestDuckDBTransforms::test_derive_then_filter_chained PASSED                                                                                                                                                                                                       [ 48%]
tests/test_driver_integration.py::TestRunLogReaderUnit::test_contract_key_from_dataset PASSED                                                                                                                                                                                                        [ 48%]
tests/test_driver_integration.py::TestRunLogReaderUnit::test_contract_key_unknown_fallback PASSED                                                                                                                                                                                                    [ 49%]
tests/test_driver_integration.py::TestRunLogReaderUnit::test_unsupported_backend PASSED                                                                                                                                                                                                              [ 49%]
tests/test_driver_integration.py::TestRunLogReaderUnit::test_missing_database_file PASSED                                                                                                                                                                                                            [ 49%]
tests/test_driver_integration.py::TestRunLogReaderUnit::test_duckdb_missing_database_file PASSED                                                                                                                                                                                                     [ 50%]
tests/test_driver_integration.py::TestRunLogReaderUnit::test_sqlite_multiple_entries_returns_max PASSED                                                                                                                                                                                              [ 50%]
tests/test_driver_integration.py::TestRunLogReaderUnit::test_duckdb_multiple_entries_returns_max PASSED                                                                                                                                                                                              [ 50%]
tests/test_driver_integration.py::TestRunLogReaderUnit::test_last_success_convenience PASSED                                                                                                                                                                                                         [ 50%]
tests/test_driver_integration.py::TestRunLogReaderUnit::test_parse_timestamp_string PASSED                                                                                                                                                                                                           [ 51%]
tests/test_driver_integration.py::TestRunLogReaderUnit::test_parse_timestamp_invalid PASSED                                                                                                                                                                                                          [ 51%]
tests/test_driver_integration.py::TestRunLogReaderUnit::test_default_backend_duckdb PASSED                                                                                                                                                                                                           [ 51%]
tests/test_driver_integration.py::TestPrometheusServer::test_start_and_stop_server PASSED                                                                                                                                                                                                            [ 51%]
tests/test_driver_integration.py::TestPrometheusServer::test_non_metrics_endpoint_returns_404 PASSED                                                                                                                                                                                                 [ 52%]
tests/test_driver_integration.py::TestPrometheusServer::test_stop_none_server_is_noop PASSED                                                                                                                                                                                                         [ 52%]
tests/test_driver_integration.py::TestCLIMain::test_main_minimal_run PASSED                                                                                                                                                                                                                          [ 52%]
tests/test_driver_integration.py::TestCLIMain::test_main_with_entity_filter PASSED                                                                                                                                                                                                                   [ 53%]
tests/test_driver_integration.py::TestCLIMain::test_main_with_overrides PASSED                                                                                                                                                                                                                       [ 53%]
tests/test_driver_integration.py::TestCLIMain::test_main_backfill_mode PASSED                                                                                                                                                                                                                        [ 53%]
tests/test_driver_integration.py::TestObservabilityBackends::test_sqlite_summary_table_write PASSED                                                                                                                                                                                                  [ 53%]
tests/test_driver_integration.py::TestObservabilityBackends::test_duckdb_summary_table_write_standalone PASSED                                                                                                                                                                                       [ 54%]
tests/test_driver_integration.py::TestObservabilityBackends::test_unsupported_backend_warns PASSED                                                                                                                                                                                                   [ 54%]
tests/test_driver_integration.py::TestObservabilityBackends::test_no_summary_table_is_noop PASSED                                                                                                                                                                                                    [ 54%]
tests/test_driver_integration.py::TestObservabilityBackends::test_emit_metrics_statsd_no_crash PASSED                                                                                                                                                                                                [ 55%]
tests/test_driver_integration.py::TestObservabilityBackends::test_sqlite_dot_in_table_name PASSED                                                                                                                                                                                                    [ 55%]
tests/test_driver_metrics.py::test_driver_metrics_path PASSED                                                                                                                                                                                                                                        [ 55%]
tests/test_driver_metrics.py::test_prometheus_formatting PASSED                                                                                                                                                                                                                                      [ 55%]
tests/test_driver_overrides.py::test_driver_apply_overrides PASSED                                                                                                                                                                                                                                   [ 56%]
tests/test_driver_properties.py::TestParseLayers::test_valid_layers_round_trip PASSED                                                                                                                                                                                                                [ 56%]
tests/test_driver_properties.py::TestParseLayers::test_non_strict_always_succeeds PASSED                                                                                                                                                                                                             [ 56%]
tests/test_driver_properties.py::TestParseLayers::test_invalid_layers_raise PASSED                                                                                                                                                                                                                   [ 57%]
tests/test_driver_properties.py::TestParseLayers::test_empty_string_raises PASSED                                                                                                                                                                                                                    [ 57%]
tests/test_driver_properties.py::TestParseLayers::test_reversed_strict_raises PASSED                                                                                                                                                                                                                 [ 57%]
tests/test_driver_properties.py::TestParseEntities::test_round_trip PASSED                                                                                                                                                                                                                           [ 57%]
tests/test_driver_properties.py::TestParseEntities::test_none_returns_none PASSED                                                                                                                                                                                                                    [ 58%]
tests/test_driver_properties.py::TestParseEntities::test_empty_returns_none PASSED                                                                                                                                                                                                                   [ 58%]
tests/test_driver_properties.py::TestParseMetricsTags::test_key_value_round_trip PASSED                                                                                                                                                                                                              [ 58%]
tests/test_driver_properties.py::TestParseMetricsTags::test_none_returns_empty PASSED                                                                                                                                                                                                                [ 58%]
tests/test_driver_properties.py::TestParseMetricsTags::test_no_equals_produces_empty_dict PASSED                                                                                                                                                                                                     [ 59%]
tests/test_driver_properties.py::TestParseOverrides::test_bool_true_coercion PASSED                                                                                                                                                                                                                  [ 59%]
tests/test_driver_properties.py::TestParseOverrides::test_bool_false_coercion PASSED                                                                                                                                                                                                                 [ 59%]
tests/test_driver_properties.py::TestParseOverrides::test_int_coercion PASSED                                                                                                                                                                                                                        [ 60%]
tests/test_driver_properties.py::TestParseOverrides::test_float_coercion PASSED                                                                                                                                                                                                                      [ 60%]
tests/test_driver_properties.py::TestParseOverrides::test_string_fallback PASSED                                                                                                                                                                                                                     [ 60%]
tests/test_driver_properties.py::TestParseOverrides::test_empty_returns_empty PASSED                                                                                                                                                                                                                 [ 60%]
tests/test_driver_properties.py::TestParseWindow::test_none_mode PASSED                                                                                                                                                                                                                              [ 61%]
tests/test_driver_properties.py::TestParseWindow::test_yesterday_mode PASSED                                                                                                                                                                                                                         [ 61%]
tests/test_driver_properties.py::TestParseWindow::test_range_mode PASSED                                                                                                                                                                                                                             [ 61%]
tests/test_driver_properties.py::TestParseWindow::test_range_missing_dates_raises PASSED                                                                                                                                                                                                             [ 62%]
tests/test_driver_properties.py::TestParseWindow::test_reprocess_date PASSED                                                                                                                                                                                                                         [ 62%]
tests/test_driver_properties.py::TestParseWindow::test_reprocess_range PASSED                                                                                                                                                                                                                        [ 62%]
tests/test_driver_properties.py::TestParseWindow::test_default_is_last_success PASSED                                                                                                                                                                                                                [ 62%]
tests/test_driver_properties.py::TestFlattenSummaryProperties::test_output_always_has_required_keys PASSED                                                                                                                                                                                           [ 63%]
tests/test_driver_properties.py::TestFlattenSummaryProperties::test_summary_json_is_valid_json PASSED                                                                                                                                                                                                [ 63%]
tests/test_driver_properties.py::TestFormatPrometheusProperties::test_output_ends_with_newline PASSED                                                                                                                                                                                                [ 63%]
tests/test_driver_properties.py::TestFormatPrometheusProperties::test_single_metric_format PASSED                                                                                                                                                                                                    [ 64%]
tests/test_driver_properties.py::TestFormatPrometheusProperties::test_none_values_excluded PASSED                                                                                                                                                                                                    [ 64%]
tests/test_driver_properties.py::TestFormatPrometheusProperties::test_empty_snapshot_produces_newline_only PASSED                                                                                                                                                                                    [ 64%]
tests/test_driver_properties.py::TestBackfillWindowProperties::test_daily_count PASSED                                                                                                                                                                                                               [ 64%]
tests/test_driver_properties.py::TestBackfillWindowProperties::test_windows_are_contiguous PASSED                                                                                                                                                                                                    [ 65%]
tests/test_driver_properties.py::TestBackfillWindowProperties::test_first_window_starts_at_start_date PASSED                                                                                                                                                                                         [ 65%]
tests/test_driver_summary_table.py::test_driver_summary_table_sqlite PASSED                                                                                                                                                                                                                          [ 65%]
tests/test_driver_upstream.py::test_missing_upstream_reported PASSED                                                                                                                                                                                                                                 [ 66%]
tests/test_duckdb_adapter.py::TestDuckDBQuality::test_basic_quality_split PASSED                                                                                                                                                                                                                     [ 66%]
tests/test_duckdb_adapter.py::TestDuckDBQuality::test_no_rules_passes_all PASSED                                                                                                                                                                                                                     [ 66%]
tests/test_duckdb_adapter.py::TestDuckDBQuality::test_all_rows_quarantined PASSED                                                                                                                                                                                                                    [ 66%]
tests/test_duckdb_adapter.py::TestDuckDBQuality::test_multiple_rules PASSED                                                                                                                                                                                                                          [ 67%]
tests/test_duckdb_adapter.py::TestDuckDBQuality::test_empty_dataframe PASSED                                                                                                                                                                                                                         [ 67%]
tests/test_duckdb_adapter.py::TestDuckDBQuality::test_error_column_present_on_bad_rows PASSED                                                                                                                                                                                                        [ 67%]
tests/test_duckdb_adapter.py::TestDuckDBTransformations::test_rename PASSED                                                                                                                                                                                                                          [ 67%]
tests/test_duckdb_adapter.py::TestDuckDBTransformations::test_derive PASSED                                                                                                                                                                                                                          [ 68%]
tests/test_duckdb_adapter.py::TestDuckDBTransformations::test_rename_then_derive PASSED                                                                                                                                                                                                              [ 68%]
tests/test_duckdb_adapter.py::TestDuckDBTransformations::test_trim_helper PASSED                                                                                                                                                                                                                     [ 68%]
tests/test_duckdb_adapter.py::TestDuckDBTransformations::test_lower_helper PASSED                                                                                                                                                                                                                    [ 69%]
tests/test_duckdb_adapter.py::TestDuckDBTransformations::test_select_helper PASSED                                                                                                                                                                                                                   [ 69%]
tests/test_duckdb_adapter.py::TestDuckDBTransformations::test_filter_helper PASSED                                                                                                                                                                                                                   [ 69%]
tests/test_duckdb_adapter.py::TestDuckDBSchemaPolicy::test_drop_unknown_fields PASSED                                                                                                                                                                                                                [ 69%]
tests/test_duckdb_adapter.py::TestDuckDBSchemaPolicy::test_quarantine_unknown_fields PASSED                                                                                                                                                                                                          [ 70%]
tests/test_duckdb_adapter.py::TestDuckDBQualityHelpers::test_not_null_helper PASSED                                                                                                                                                                                                                  [ 70%]
tests/test_duckdb_adapter.py::TestDuckDBQualityHelpers::test_accepted_values_helper PASSED                                                                                                                                                                                                           [ 70%]
tests/test_duckdb_adapter.py::TestDuckDBQualityHelpers::test_range_helper PASSED                                                                                                                                                                                                                     [ 71%]
tests/test_duckdb_adapter.py::TestDuckDBQualityHelpers::test_quality_helper_sql_expansion PASSED                                                                                                                                                                                                     [ 71%]
tests/test_duckdb_adapter.py::TestDuckDBRunSource::test_csv_loading PASSED                                                                                                                                                                                                                           [ 71%]
tests/test_duckdb_adapter.py::TestDuckDBRunSource::test_parquet_loading PASSED                                                                                                                                                                                                                       [ 71%]
tests/test_duckdb_adapter.py::TestDuckDBRunSource::test_explicit_path_override PASSED                                                                                                                                                                                                                [ 72%]
tests/test_duckdb_adapter.py::TestDuckDBRunSource::test_with_quality_rules PASSED                                                                                                                                                                                                                    [ 72%]
tests/test_duckdb_adapter.py::TestDuckDBRunSource::test_no_path_raises PASSED                                                                                                                                                                                                                        [ 72%]
tests/test_duckdb_adapter.py::TestDuckDBRunSource::test_multifile_glob PASSED                                                                                                                                                                                                                        [ 73%]
tests/test_duckdb_adapter.py::TestDuckDBValidationResult::test_returns_validation_result PASSED                                                                                                                                                                                                      [ 73%]
tests/test_duckdb_adapter.py::TestDuckDBValidationResult::test_two_tuple_unpack PASSED                                                                                                                                                                                                               [ 73%]
tests/test_duckdb_adapter.py::TestDuckDBValidationResult::test_raw_captures_input PASSED                                                                                                                                                                                                             [ 73%]
tests/test_duckdb_adapter.py::TestDuckDBValidationResult::test_last_result_preserved PASSED                                                                                                                                                                                                          [ 74%]
tests/test_engines.py::test_polars_adapter_basic PASSED                                                                                                                                                                                                                                              [ 74%]
[...]
tests/test_notifications.py::test_env_prefix_resolution PASSED                                                                                                                                                                                                                                       [ 82%]
tests/test_notifications.py::test_non_secret_passthrough PASSED                                                                                                                                                                                                                                      [ 82%]
tests/test_notifications.py::test_validation_missing_fields PASSED                                                                                                                                                                                                                                   [ 82%]
tests/test_notifications.py::test_local_secrets_resolution PASSED                                                                                                                                                                                                                                    [ 82%]
tests/test_processor.py::test_processor_init PASSED                                                                                                                                                                                                                                                  [ 83%]
tests/test_processor.py::test_processor_run_mock PASSED                                                                                                                                                                                                                                              [ 83%]
tests/test_processor.py::test_processor_slo_scores PASSED                                                                                                                                                                                                                                            [ 83%]
tests/test_processor.py::test_processor_stage_overrides PASSED                                                                                                                                                                                                                                       [ 83%]
tests/test_spark_delta_logic.py::test_spark_delta_version_options_table PASSED                                                                                                                                                                                                                       [ 84%]
tests/test_spark_delta_logic.py::test_spark_delta_version_options_file PASSED                                                                                                                                                                                                                        [ 84%]
tests/test_tier_and_filter.py::TestTierNormalization::test_tier_normalization[bronze-bronze] PASSED                                                                                                                                                                                                  [ 84%]
tests/test_tier_and_filter.py::TestTierNormalization::test_tier_normalization[silver-silver] PASSED                                                                                                                                                                                                  [ 85%]
tests/test_tier_and_filter.py::TestTierNormalization::test_tier_normalization[gold-gold] PASSED                                                                                                                                                                                                      [ 85%]
tests/test_tier_and_filter.py::TestTierNormalization::test_tier_normalization[reference-reference] PASSED                                                                                                                                                                                            [ 85%]
tests/test_tier_and_filter.py::TestTierNormalization::test_tier_normalization[raw-bronze] PASSED                                                                                                                                                                                                     [ 85%]
tests/test_tier_and_filter.py::TestTierNormalization::test_tier_normalization[stage-silver] PASSED                                                                                                                                                                                                   [ 86%]
tests/test_tier_and_filter.py::TestTierNormalization::test_tier_normalization[staging-silver] PASSED                                                                                                                                                                                                 [ 86%]
tests/test_tier_and_filter.py::TestTierNormalization::test_tier_normalization[curated-gold] PASSED                                                                                                                                                                                                   [ 86%]
tests/test_tier_and_filter.py::TestTierNormalization::test_tier_normalization[landing-bronze] PASSED                                                                                                                                                                                                 [ 87%]
tests/test_tier_and_filter.py::TestTierNormalization::test_tier_normalization[cleansed-silver] PASSED                                                                                                                                                                                                [ 87%]
tests/test_tier_and_filter.py::TestTierNormalization::test_tier_normalization[refined-gold] PASSED                                                                                                                                                                                                   [ 87%]
tests/test_tier_and_filter.py::TestTierNormalization::test_tier_normalization[ingestion-bronze] PASSED                                                                                                                                                                                               [ 87%]
tests/test_tier_and_filter.py::TestTierNormalization::test_tier_normalization[ingest-bronze] PASSED                                                                                                                                                                                                  [ 88%]
tests/test_tier_and_filter.py::TestTierNormalization::test_tier_normalization[transform-silver] PASSED                                                                                                                                                                                               [ 88%]
tests/test_tier_and_filter.py::TestTierNormalization::test_tier_normalization[presentation-gold] PASSED                                                                                                                                                                                              [ 88%]
tests/test_tier_and_filter.py::TestTierNormalization::test_tier_normalization[consumption-gold] PASSED                                                                                                                                                                                               [ 89%]
tests/test_tier_and_filter.py::TestTierNormalization::test_tier_normalization[ref-reference] PASSED                                                                                                                                                                                                  [ 89%]
tests/test_tier_and_filter.py::TestTierNormalization::test_tier_normalization[seed-reference] PASSED                                                                                                                                                                                                 [ 89%]
tests/test_tier_and_filter.py::TestTierNormalization::test_tier_normalization[lookup-reference] PASSED                                                                                                                                                                                               [ 89%]
tests/test_tier_and_filter.py::TestTierNormalization::test_tier_normalization[masterdata-reference] PASSED                                                                                                                                                                                           [ 90%]
tests/test_tier_and_filter.py::TestTierNormalization::test_tier_normalization[master_data-reference] PASSED                                                                                                                                                                                          [ 90%]
tests/test_tier_and_filter.py::TestTierNormalization::test_tier_normalization[BRONZE-bronze] PASSED                                                                                                                                                                                                  [ 90%]
tests/test_tier_and_filter.py::TestTierNormalization::test_tier_normalization[Silver-silver] PASSED                                                                                                                                                                                                  [ 91%]
tests/test_tier_and_filter.py::TestTierNormalization::test_tier_normalization[GOLD-gold] PASSED                                                                                                                                                                                                      [ 91%]
tests/test_tier_and_filter.py::TestTierNormalization::test_tier_normalization[RAW-bronze] PASSED                                                                                                                                                                                                     [ 91%]
tests/test_tier_and_filter.py::TestTierNormalization::test_tier_normalization[Staging-silver] PASSED                                                                                                                                                                                                 [ 91%]
tests/test_tier_and_filter.py::TestTierNormalization::test_tier_none_when_not_provided PASSED                                                                                                                                                                                                        [ 92%]
tests/test_tier_and_filter.py::TestTierNormalization::test_tier_custom_passthrough PASSED                                                                                                                                                                                                            [ 92%]
tests/test_tier_and_filter.py::TestTierNormalization::test_tier_whitespace_trimmed PASSED                                                                                                                                                                                                            [ 92%]
tests/test_tier_and_filter.py::TestTierNormalization::test_tier_from_layer_alias PASSED                                                                                                                                                                                                              [ 92%]
tests/test_tier_and_filter.py::TestTierNormalization::test_tier_from_target_layer_alias PASSED                                                                                                                                                                                                       [ 93%]
tests/test_tier_and_filter.py::TestTierCanonicalMap::test_all_map_values_are_valid_canonical PASSED                                                                                                                                                                                                  [ 93%]
tests/test_tier_and_filter.py::TestTierCanonicalMap::test_canonical_names_map_to_themselves PASSED                                                                                                                                                                                                   [ 93%]
tests/test_tier_and_filter.py::TestTransformationFilterShorthand::test_string_shorthand PASSED                                                                                                                                                                                                       [ 94%]
tests/test_tier_and_filter.py::TestTransformationFilterShorthand::test_dict_form PASSED                                                                                                                                                                                                              [ 94%]
tests/test_tier_and_filter.py::TestTransformationFilterShorthand::test_complex_sql_string PASSED                                                                                                                                                                                                     [ 94%]
tests/test_tier_and_filter.py::TestTransformationFilterShorthand::test_in_full_contract PASSED                                                                                                                                                                                                       [ 94%]
tests/test_tier_and_filter.py::TestTransformationFilterShorthand::test_dict_filter_in_contract PASSED                                                                                                                                                                                                [ 95%]
tests/test_tier_and_filter.py::TestTransformationDeduplicateAlias::test_on_keyword PASSED                                                                                                                                                                                                            [ 95%]
tests/test_tier_and_filter.py::TestTransformationDeduplicateAlias::test_by_alias PASSED                                                                                                                                                                                                              [ 95%]
tests/test_tier_and_filter.py::TestTransformationDeduplicateAlias::test_by_with_sort PASSED                                                                                                                                                                                                          [ 96%]
tests/test_tier_and_filter.py::TestTransformationDeduplicateAlias::test_in_full_contract PASSED                                                                                                                                                                                                      [ 96%]
tests/test_tier_and_filter.py::TestTranspilation::test_transpile_identity_duckdb PASSED                                                                                                                                                                                                              [ 96%]
tests/test_tier_and_filter.py::TestTranspilation::test_transpile_regex_to_spark PASSED                                                                                                                                                                                                               [ 96%]
tests/test_tier_and_filter.py::TestTranspilation::test_transpile_regex_to_bigquery PASSED                                                                                                                                                                                                            [ 97%]
tests/test_tier_and_filter.py::TestTranspilation::test_transpile_datediff_to_postgres PASSED                                                                                                                                                                                                         [ 97%]
tests/test_tier_and_filter.py::TestTranspilation::test_transpile_returns_string PASSED                                                                                                                                                                                                               [ 97%]
tests/test_tier_and_filter.py::TestEngineDialectMap::test_has_major_databases PASSED                                                                                                                                                                                                                 [ 98%]
tests/test_tier_and_filter.py::TestEngineDialectMap::test_aliases PASSED                                                                                                                                                                                                                             [ 98%]
tests/test_tier_and_filter.py::TestContractValidationTier::test_missing_tier_warns PASSED                                                                                                                                                                                                            [ 98%]
tests/test_tier_and_filter.py::TestContractValidationTier::test_valid_tier_no_warning PASSED                                                                                                                                                                                                         [ 98%]
tests/test_tier_and_filter.py::TestContractValidationTier::test_tier_synonym_accepted PASSED                                                                                                                                                                                                         [ 99%]
tests/test_tier_and_filter.py::TestContractValidationTier::test_unknown_tier_warns PASSED                                                                                                                                                                                                            [ 99%]
tests/test_tier_and_filter.py::TestContractValidationTier::test_tier_in_info_accepted PASSED                                                                                                                                                                                                         [ 99%]
tests/test_tier_and_filter.py::TestContractValidationTier::test_contract_still_valid_without_tier PASSED                                                                                                                                                                                             [100%]

===================================================================================================================================== 349 passed, 7 skipped in 6.54s ======================================================================================================================================
